model_name_or_path: microsoft/deberta-v3-base
dataset: mrpc
task: mrpc
peft: kasa
num_epochs: 10
bs: 32
lora_r: 8
lora_alpha: 16
lora_dropout: 0.0
head_lr: 0.0004
module_lr: 0.0004
max_length: 512
weight_decay: 0.0
warmup_ratio: 0.06
seed: 0
beta: 1.0
gemma: 1.0
DebertaV2ForSequenceClassification(
  (deberta): DebertaV2Model(
    (embeddings): DebertaV2Embeddings(
      (word_embeddings): Embedding(128100, 768, padding_idx=0)
      (LayerNorm): LayerNorm((768,), eps=1e-07, elementwise_affine=True)
      (dropout): StableDropout()
    )
    (encoder): DebertaV2Encoder(
      (layer): ModuleList(
        (0-11): 12 x DebertaV2Layer(
          (attention): DebertaV2Attention(
            (self): DisentangledSelfAttention(
              (query_proj): Linear(in_features=768, out_features=768, bias=True)
              (key_proj): Linear(in_features=768, out_features=768, bias=True)
              (value_proj): Linear(in_features=768, out_features=768, bias=True)
              (pos_dropout): StableDropout()
              (dropout): StableDropout()
            )
            (output): DebertaV2SelfOutput(
              (dense): Linear(in_features=768, out_features=768, bias=True)
              (LayerNorm): LayerNorm((768,), eps=1e-07, elementwise_affine=True)
              (dropout): StableDropout()
            )
          )
          (intermediate): DebertaV2Intermediate(
            (dense): Linear(in_features=768, out_features=3072, bias=True)
            (intermediate_act_fn): GELUActivation()
          )
          (output): DebertaV2Output(
            (dense): Linear(in_features=3072, out_features=768, bias=True)
            (LayerNorm): LayerNorm((768,), eps=1e-07, elementwise_affine=True)
            (dropout): StableDropout()
          )
        )
      )
      (rel_embeddings): Embedding(512, 768)
      (LayerNorm): LayerNorm((768,), eps=1e-07, elementwise_affine=True)
    )
  )
  (pooler): ContextPooler(
    (dense): Linear(in_features=768, out_features=768, bias=True)
    (dropout): StableDropout()
  )
  (classifier): Linear(in_features=768, out_features=2, bias=True)
  (dropout): StableDropout()
)
base_model.model.deberta.encoder.layer.0.attention.self.query_proj.lora_A.default.weight 6144
base_model.model.deberta.encoder.layer.0.attention.self.query_proj.lora_B.default.weight 6144
base_model.model.deberta.encoder.layer.0.attention.self.query_proj.lora_diag.default 8
base_model.model.deberta.encoder.layer.0.attention.self.value_proj.lora_A.default.weight 6144
base_model.model.deberta.encoder.layer.0.attention.self.value_proj.lora_B.default.weight 6144
base_model.model.deberta.encoder.layer.0.attention.self.value_proj.lora_diag.default 8
base_model.model.deberta.encoder.layer.1.attention.self.query_proj.lora_A.default.weight 6144
base_model.model.deberta.encoder.layer.1.attention.self.query_proj.lora_B.default.weight 6144
base_model.model.deberta.encoder.layer.1.attention.self.query_proj.lora_diag.default 8
base_model.model.deberta.encoder.layer.1.attention.self.value_proj.lora_A.default.weight 6144
base_model.model.deberta.encoder.layer.1.attention.self.value_proj.lora_B.default.weight 6144
base_model.model.deberta.encoder.layer.1.attention.self.value_proj.lora_diag.default 8
base_model.model.deberta.encoder.layer.2.attention.self.query_proj.lora_A.default.weight 6144
base_model.model.deberta.encoder.layer.2.attention.self.query_proj.lora_B.default.weight 6144
base_model.model.deberta.encoder.layer.2.attention.self.query_proj.lora_diag.default 8
base_model.model.deberta.encoder.layer.2.attention.self.value_proj.lora_A.default.weight 6144
base_model.model.deberta.encoder.layer.2.attention.self.value_proj.lora_B.default.weight 6144
base_model.model.deberta.encoder.layer.2.attention.self.value_proj.lora_diag.default 8
base_model.model.deberta.encoder.layer.3.attention.self.query_proj.lora_A.default.weight 6144
base_model.model.deberta.encoder.layer.3.attention.self.query_proj.lora_B.default.weight 6144
base_model.model.deberta.encoder.layer.3.attention.self.query_proj.lora_diag.default 8
base_model.model.deberta.encoder.layer.3.attention.self.value_proj.lora_A.default.weight 6144
base_model.model.deberta.encoder.layer.3.attention.self.value_proj.lora_B.default.weight 6144
base_model.model.deberta.encoder.layer.3.attention.self.value_proj.lora_diag.default 8
base_model.model.deberta.encoder.layer.4.attention.self.query_proj.lora_A.default.weight 6144
base_model.model.deberta.encoder.layer.4.attention.self.query_proj.lora_B.default.weight 6144
base_model.model.deberta.encoder.layer.4.attention.self.query_proj.lora_diag.default 8
base_model.model.deberta.encoder.layer.4.attention.self.value_proj.lora_A.default.weight 6144
base_model.model.deberta.encoder.layer.4.attention.self.value_proj.lora_B.default.weight 6144
base_model.model.deberta.encoder.layer.4.attention.self.value_proj.lora_diag.default 8
base_model.model.deberta.encoder.layer.5.attention.self.query_proj.lora_A.default.weight 6144
base_model.model.deberta.encoder.layer.5.attention.self.query_proj.lora_B.default.weight 6144
base_model.model.deberta.encoder.layer.5.attention.self.query_proj.lora_diag.default 8
base_model.model.deberta.encoder.layer.5.attention.self.value_proj.lora_A.default.weight 6144
base_model.model.deberta.encoder.layer.5.attention.self.value_proj.lora_B.default.weight 6144
base_model.model.deberta.encoder.layer.5.attention.self.value_proj.lora_diag.default 8
base_model.model.deberta.encoder.layer.6.attention.self.query_proj.lora_A.default.weight 6144
base_model.model.deberta.encoder.layer.6.attention.self.query_proj.lora_B.default.weight 6144
base_model.model.deberta.encoder.layer.6.attention.self.query_proj.lora_diag.default 8
base_model.model.deberta.encoder.layer.6.attention.self.value_proj.lora_A.default.weight 6144
base_model.model.deberta.encoder.layer.6.attention.self.value_proj.lora_B.default.weight 6144
base_model.model.deberta.encoder.layer.6.attention.self.value_proj.lora_diag.default 8
base_model.model.deberta.encoder.layer.7.attention.self.query_proj.lora_A.default.weight 6144
base_model.model.deberta.encoder.layer.7.attention.self.query_proj.lora_B.default.weight 6144
base_model.model.deberta.encoder.layer.7.attention.self.query_proj.lora_diag.default 8
base_model.model.deberta.encoder.layer.7.attention.self.value_proj.lora_A.default.weight 6144
base_model.model.deberta.encoder.layer.7.attention.self.value_proj.lora_B.default.weight 6144
base_model.model.deberta.encoder.layer.7.attention.self.value_proj.lora_diag.default 8
base_model.model.deberta.encoder.layer.8.attention.self.query_proj.lora_A.default.weight 6144
base_model.model.deberta.encoder.layer.8.attention.self.query_proj.lora_B.default.weight 6144
base_model.model.deberta.encoder.layer.8.attention.self.query_proj.lora_diag.default 8
base_model.model.deberta.encoder.layer.8.attention.self.value_proj.lora_A.default.weight 6144
base_model.model.deberta.encoder.layer.8.attention.self.value_proj.lora_B.default.weight 6144
base_model.model.deberta.encoder.layer.8.attention.self.value_proj.lora_diag.default 8
base_model.model.deberta.encoder.layer.9.attention.self.query_proj.lora_A.default.weight 6144
base_model.model.deberta.encoder.layer.9.attention.self.query_proj.lora_B.default.weight 6144
base_model.model.deberta.encoder.layer.9.attention.self.query_proj.lora_diag.default 8
base_model.model.deberta.encoder.layer.9.attention.self.value_proj.lora_A.default.weight 6144
base_model.model.deberta.encoder.layer.9.attention.self.value_proj.lora_B.default.weight 6144
base_model.model.deberta.encoder.layer.9.attention.self.value_proj.lora_diag.default 8
base_model.model.deberta.encoder.layer.10.attention.self.query_proj.lora_A.default.weight 6144
base_model.model.deberta.encoder.layer.10.attention.self.query_proj.lora_B.default.weight 6144
base_model.model.deberta.encoder.layer.10.attention.self.query_proj.lora_diag.default 8
base_model.model.deberta.encoder.layer.10.attention.self.value_proj.lora_A.default.weight 6144
base_model.model.deberta.encoder.layer.10.attention.self.value_proj.lora_B.default.weight 6144
base_model.model.deberta.encoder.layer.10.attention.self.value_proj.lora_diag.default 8
base_model.model.deberta.encoder.layer.11.attention.self.query_proj.lora_A.default.weight 6144
base_model.model.deberta.encoder.layer.11.attention.self.query_proj.lora_B.default.weight 6144
base_model.model.deberta.encoder.layer.11.attention.self.query_proj.lora_diag.default 8
base_model.model.deberta.encoder.layer.11.attention.self.value_proj.lora_A.default.weight 6144
base_model.model.deberta.encoder.layer.11.attention.self.value_proj.lora_B.default.weight 6144
base_model.model.deberta.encoder.layer.11.attention.self.value_proj.lora_diag.default 8
trainable params: 295,104 || all params: 184,717,248 || trainable%: 0.0015975985090466484

  0%|          | 0/115 [00:00<?, ?it/s]
  1%|          | 1/115 [00:00<00:42,  2.69it/s]
  2%|â–         | 2/115 [00:00<00:35,  3.23it/s]
  3%|â–Ž         | 3/115 [00:00<00:27,  4.13it/s]
  3%|â–Ž         | 4/115 [00:00<00:22,  4.84it/s]
  4%|â–         | 5/115 [00:01<00:20,  5.49it/s]
  5%|â–Œ         | 6/115 [00:01<00:18,  5.94it/s]
  6%|â–Œ         | 7/115 [00:01<00:17,  6.27it/s]
  7%|â–‹         | 8/115 [00:01<00:16,  6.49it/s]
  8%|â–Š         | 9/115 [00:01<00:16,  6.62it/s]
  9%|â–Š         | 10/115 [00:01<00:15,  6.60it/s]
 10%|â–‰         | 11/115 [00:01<00:15,  6.60it/s]
 10%|â–ˆ         | 12/115 [00:02<00:15,  6.76it/s]
 11%|â–ˆâ–        | 13/115 [00:02<00:14,  6.84it/s]
 12%|â–ˆâ–        | 14/115 [00:02<00:14,  6.96it/s]
 13%|â–ˆâ–Ž        | 15/115 [00:02<00:14,  7.10it/s]
 14%|â–ˆâ–        | 16/115 [00:02<00:13,  7.11it/s]
 15%|â–ˆâ–        | 17/115 [00:02<00:13,  7.11it/s]
 16%|â–ˆâ–Œ        | 18/115 [00:02<00:13,  7.08it/s]
 17%|â–ˆâ–‹        | 19/115 [00:03<00:13,  7.05it/s]
 17%|â–ˆâ–‹        | 20/115 [00:03<00:13,  7.09it/s]
 18%|â–ˆâ–Š        | 21/115 [00:03<00:13,  7.12it/s]
 19%|â–ˆâ–‰        | 22/115 [00:03<00:13,  6.96it/s]
 20%|â–ˆâ–ˆ        | 23/115 [00:03<00:13,  6.98it/s]
 21%|â–ˆâ–ˆ        | 24/115 [00:03<00:12,  7.03it/s]
 22%|â–ˆâ–ˆâ–       | 25/115 [00:03<00:12,  7.02it/s]
 23%|â–ˆâ–ˆâ–Ž       | 26/115 [00:04<00:12,  7.02it/s]
 23%|â–ˆâ–ˆâ–Ž       | 27/115 [00:04<00:12,  7.04it/s]
 24%|â–ˆâ–ˆâ–       | 28/115 [00:04<00:12,  7.02it/s]
 25%|â–ˆâ–ˆâ–Œ       | 29/115 [00:04<00:12,  7.03it/s]
 26%|â–ˆâ–ˆâ–Œ       | 30/115 [00:04<00:12,  7.02it/s]
 27%|â–ˆâ–ˆâ–‹       | 31/115 [00:04<00:12,  6.96it/s]
 28%|â–ˆâ–ˆâ–Š       | 32/115 [00:04<00:12,  6.83it/s]
 29%|â–ˆâ–ˆâ–Š       | 33/115 [00:05<00:12,  6.73it/s]
 30%|â–ˆâ–ˆâ–‰       | 34/115 [00:05<00:11,  6.83it/s]
 30%|â–ˆâ–ˆâ–ˆ       | 35/115 [00:05<00:11,  6.91it/s]
 31%|â–ˆâ–ˆâ–ˆâ–      | 36/115 [00:05<00:11,  6.97it/s]
 32%|â–ˆâ–ˆâ–ˆâ–      | 37/115 [00:05<00:11,  6.94it/s]
 33%|â–ˆâ–ˆâ–ˆâ–Ž      | 38/115 [00:05<00:11,  6.99it/s]
 34%|â–ˆâ–ˆâ–ˆâ–      | 39/115 [00:05<00:10,  6.98it/s]
 35%|â–ˆâ–ˆâ–ˆâ–      | 40/115 [00:06<00:10,  6.95it/s]
 36%|â–ˆâ–ˆâ–ˆâ–Œ      | 41/115 [00:06<00:10,  6.98it/s]
 37%|â–ˆâ–ˆâ–ˆâ–‹      | 42/115 [00:06<00:10,  7.00it/s]
 37%|â–ˆâ–ˆâ–ˆâ–‹      | 43/115 [00:06<00:10,  7.07it/s]
 38%|â–ˆâ–ˆâ–ˆâ–Š      | 44/115 [00:06<00:10,  6.93it/s]
 39%|â–ˆâ–ˆâ–ˆâ–‰      | 45/115 [00:06<00:10,  6.80it/s]
 40%|â–ˆâ–ˆâ–ˆâ–ˆ      | 46/115 [00:06<00:10,  6.86it/s]
 41%|â–ˆâ–ˆâ–ˆâ–ˆ      | 47/115 [00:07<00:09,  7.04it/s]
 42%|â–ˆâ–ˆâ–ˆâ–ˆâ–     | 48/115 [00:07<00:09,  7.09it/s]
 43%|â–ˆâ–ˆâ–ˆâ–ˆâ–Ž     | 49/115 [00:07<00:09,  7.06it/s]
 43%|â–ˆâ–ˆâ–ˆâ–ˆâ–Ž     | 50/115 [00:07<00:09,  7.04it/s]
 44%|â–ˆâ–ˆâ–ˆâ–ˆâ–     | 51/115 [00:07<00:09,  7.06it/s]
 45%|â–ˆâ–ˆâ–ˆâ–ˆâ–Œ     | 52/115 [00:07<00:08,  7.08it/s]
 46%|â–ˆâ–ˆâ–ˆâ–ˆâ–Œ     | 53/115 [00:07<00:08,  7.08it/s]
 47%|â–ˆâ–ˆâ–ˆâ–ˆâ–‹     | 54/115 [00:08<00:08,  7.07it/s]
 48%|â–ˆâ–ˆâ–ˆâ–ˆâ–Š     | 55/115 [00:08<00:08,  7.10it/s]
 49%|â–ˆâ–ˆâ–ˆâ–ˆâ–Š     | 56/115 [00:08<00:08,  7.14it/s]
 50%|â–ˆâ–ˆâ–ˆâ–ˆâ–‰     | 57/115 [00:08<00:08,  7.12it/s]
 50%|â–ˆâ–ˆâ–ˆâ–ˆâ–ˆ     | 58/115 [00:08<00:08,  7.11it/s]
 51%|â–ˆâ–ˆâ–ˆâ–ˆâ–ˆâ–    | 59/115 [00:08<00:07,  7.11it/s]
 52%|â–ˆâ–ˆâ–ˆâ–ˆâ–ˆâ–    | 60/115 [00:08<00:07,  7.19it/s]
 53%|â–ˆâ–ˆâ–ˆâ–ˆâ–ˆâ–Ž    | 61/115 [00:09<00:07,  7.20it/s]
 54%|â–ˆâ–ˆâ–ˆâ–ˆâ–ˆâ–    | 62/115 [00:09<00:07,  7.14it/s]
 55%|â–ˆâ–ˆâ–ˆâ–ˆâ–ˆâ–    | 63/115 [00:09<00:07,  7.22it/s]
 56%|â–ˆâ–ˆâ–ˆâ–ˆâ–ˆâ–Œ    | 64/115 [00:09<00:07,  7.17it/s]
 57%|â–ˆâ–ˆâ–ˆâ–ˆâ–ˆâ–‹    | 65/115 [00:09<00:06,  7.16it/s]
 57%|â–ˆâ–ˆâ–ˆâ–ˆâ–ˆâ–‹    | 66/115 [00:09<00:06,  7.21it/s]
 58%|â–ˆâ–ˆâ–ˆâ–ˆâ–ˆâ–Š    | 67/115 [00:09<00:06,  7.14it/s]
 59%|â–ˆâ–ˆâ–ˆâ–ˆâ–ˆâ–‰    | 68/115 [00:10<00:06,  7.11it/s]
 60%|â–ˆâ–ˆâ–ˆâ–ˆâ–ˆâ–ˆ    | 69/115 [00:10<00:06,  6.99it/s]
 61%|â–ˆâ–ˆâ–ˆâ–ˆâ–ˆâ–ˆ    | 70/115 [00:10<00:06,  6.94it/s]
 62%|â–ˆâ–ˆâ–ˆâ–ˆâ–ˆâ–ˆâ–   | 71/115 [00:10<00:06,  6.98it/s]
 63%|â–ˆâ–ˆâ–ˆâ–ˆâ–ˆâ–ˆâ–Ž   | 72/115 [00:10<00:06,  6.98it/s]
 63%|â–ˆâ–ˆâ–ˆâ–ˆâ–ˆâ–ˆâ–Ž   | 73/115 [00:10<00:05,  7.03it/s]
 64%|â–ˆâ–ˆâ–ˆâ–ˆâ–ˆâ–ˆâ–   | 74/115 [00:10<00:05,  7.01it/s]
 65%|â–ˆâ–ˆâ–ˆâ–ˆâ–ˆâ–ˆâ–Œ   | 75/115 [00:11<00:05,  6.96it/s]
 66%|â–ˆâ–ˆâ–ˆâ–ˆâ–ˆâ–ˆâ–Œ   | 76/115 [00:11<00:05,  7.01it/s]
 67%|â–ˆâ–ˆâ–ˆâ–ˆâ–ˆâ–ˆâ–‹   | 77/115 [00:11<00:05,  7.03it/s]
 68%|â–ˆâ–ˆâ–ˆâ–ˆâ–ˆâ–ˆâ–Š   | 78/115 [00:11<00:05,  7.15it/s]
 69%|â–ˆâ–ˆâ–ˆâ–ˆâ–ˆâ–ˆâ–Š   | 79/115 [00:11<00:04,  7.23it/s]
 70%|â–ˆâ–ˆâ–ˆâ–ˆâ–ˆâ–ˆâ–‰   | 80/115 [00:11<00:04,  7.18it/s]
 70%|â–ˆâ–ˆâ–ˆâ–ˆâ–ˆâ–ˆâ–ˆ   | 81/115 [00:11<00:04,  7.06it/s]
 71%|â–ˆâ–ˆâ–ˆâ–ˆâ–ˆâ–ˆâ–ˆâ–  | 82/115 [00:12<00:04,  6.96it/s]
 72%|â–ˆâ–ˆâ–ˆâ–ˆâ–ˆâ–ˆâ–ˆâ–  | 83/115 [00:12<00:04,  6.88it/s]
 73%|â–ˆâ–ˆâ–ˆâ–ˆâ–ˆâ–ˆâ–ˆâ–Ž  | 84/115 [00:12<00:04,  6.95it/s]
 74%|â–ˆâ–ˆâ–ˆâ–ˆâ–ˆâ–ˆâ–ˆâ–  | 85/115 [00:12<00:04,  6.96it/s]
 75%|â–ˆâ–ˆâ–ˆâ–ˆâ–ˆâ–ˆâ–ˆâ–  | 86/115 [00:12<00:04,  6.92it/s]
 76%|â–ˆâ–ˆâ–ˆâ–ˆâ–ˆâ–ˆâ–ˆâ–Œ  | 87/115 [00:12<00:03,  7.00it/s]
 77%|â–ˆâ–ˆâ–ˆâ–ˆâ–ˆâ–ˆâ–ˆâ–‹  | 88/115 [00:12<00:03,  7.07it/s]
 77%|â–ˆâ–ˆâ–ˆâ–ˆâ–ˆâ–ˆâ–ˆâ–‹  | 89/115 [00:13<00:03,  7.10it/s]
 78%|â–ˆâ–ˆâ–ˆâ–ˆâ–ˆâ–ˆâ–ˆâ–Š  | 90/115 [00:13<00:03,  6.91it/s]
 79%|â–ˆâ–ˆâ–ˆâ–ˆâ–ˆâ–ˆâ–ˆâ–‰  | 91/115 [00:13<00:03,  6.95it/s]
 80%|â–ˆâ–ˆâ–ˆâ–ˆâ–ˆâ–ˆâ–ˆâ–ˆ  | 92/115 [00:13<00:03,  7.07it/s]
 81%|â–ˆâ–ˆâ–ˆâ–ˆâ–ˆâ–ˆâ–ˆâ–ˆ  | 93/115 [00:13<00:03,  7.17it/s]
 82%|â–ˆâ–ˆâ–ˆâ–ˆâ–ˆâ–ˆâ–ˆâ–ˆâ– | 94/115 [00:13<00:02,  7.16it/s]
 83%|â–ˆâ–ˆâ–ˆâ–ˆâ–ˆâ–ˆâ–ˆâ–ˆâ–Ž | 95/115 [00:13<00:02,  7.15it/s]
 83%|â–ˆâ–ˆâ–ˆâ–ˆâ–ˆâ–ˆâ–ˆâ–ˆâ–Ž | 96/115 [00:14<00:02,  7.10it/s]
 84%|â–ˆâ–ˆâ–ˆâ–ˆâ–ˆâ–ˆâ–ˆâ–ˆâ– | 97/115 [00:14<00:02,  6.98it/s]
 85%|â–ˆâ–ˆâ–ˆâ–ˆâ–ˆâ–ˆâ–ˆâ–ˆâ–Œ | 98/115 [00:14<00:02,  7.00it/s]
 86%|â–ˆâ–ˆâ–ˆâ–ˆâ–ˆâ–ˆâ–ˆâ–ˆâ–Œ | 99/115 [00:14<00:02,  7.03it/s]
 87%|â–ˆâ–ˆâ–ˆâ–ˆâ–ˆâ–ˆâ–ˆâ–ˆâ–‹ | 100/115 [00:14<00:02,  6.93it/s]
 88%|â–ˆâ–ˆâ–ˆâ–ˆâ–ˆâ–ˆâ–ˆâ–ˆâ–Š | 101/115 [00:14<00:02,  6.89it/s]
 89%|â–ˆâ–ˆâ–ˆâ–ˆâ–ˆâ–ˆâ–ˆâ–ˆâ–Š | 102/115 [00:14<00:01,  6.98it/s]
 90%|â–ˆâ–ˆâ–ˆâ–ˆâ–ˆâ–ˆâ–ˆâ–ˆâ–‰ | 103/115 [00:15<00:01,  6.99it/s]
 90%|â–ˆâ–ˆâ–ˆâ–ˆâ–ˆâ–ˆâ–ˆâ–ˆâ–ˆ | 104/115 [00:15<00:01,  6.92it/s]
 91%|â–ˆâ–ˆâ–ˆâ–ˆâ–ˆâ–ˆâ–ˆâ–ˆâ–ˆâ–| 105/115 [00:15<00:01,  7.01it/s]
 92%|â–ˆâ–ˆâ–ˆâ–ˆâ–ˆâ–ˆâ–ˆâ–ˆâ–ˆâ–| 106/115 [00:15<00:01,  7.09it/s]
 93%|â–ˆâ–ˆâ–ˆâ–ˆâ–ˆâ–ˆâ–ˆâ–ˆâ–ˆâ–Ž| 107/115 [00:15<00:01,  7.13it/s]
 94%|â–ˆâ–ˆâ–ˆâ–ˆâ–ˆâ–ˆâ–ˆâ–ˆâ–ˆâ–| 108/115 [00:15<00:01,  7.00it/s]
 95%|â–ˆâ–ˆâ–ˆâ–ˆâ–ˆâ–ˆâ–ˆâ–ˆâ–ˆâ–| 109/115 [00:15<00:00,  7.04it/s]
 96%|â–ˆâ–ˆâ–ˆâ–ˆâ–ˆâ–ˆâ–ˆâ–ˆâ–ˆâ–Œ| 110/115 [00:16<00:00,  7.09it/s]
 97%|â–ˆâ–ˆâ–ˆâ–ˆâ–ˆâ–ˆâ–ˆâ–ˆâ–ˆâ–‹| 111/115 [00:16<00:00,  6.96it/s]
 97%|â–ˆâ–ˆâ–ˆâ–ˆâ–ˆâ–ˆâ–ˆâ–ˆâ–ˆâ–‹| 112/115 [00:16<00:00,  6.85it/s]
 98%|â–ˆâ–ˆâ–ˆâ–ˆâ–ˆâ–ˆâ–ˆâ–ˆâ–ˆâ–Š| 113/115 [00:16<00:00,  6.74it/s]
 99%|â–ˆâ–ˆâ–ˆâ–ˆâ–ˆâ–ˆâ–ˆâ–ˆâ–ˆâ–‰| 114/115 [00:16<00:00,  6.85it/s]
100%|â–ˆâ–ˆâ–ˆâ–ˆâ–ˆâ–ˆâ–ˆâ–ˆâ–ˆâ–ˆ| 115/115 [00:16<00:00,  7.16it/s]
100%|â–ˆâ–ˆâ–ˆâ–ˆâ–ˆâ–ˆâ–ˆâ–ˆâ–ˆâ–ˆ| 115/115 [00:16<00:00,  6.86it/s]

  0%|          | 0/13 [00:00<?, ?it/s]
 15%|â–ˆâ–Œ        | 2/13 [00:00<00:00, 13.42it/s]
 31%|â–ˆâ–ˆâ–ˆ       | 4/13 [00:00<00:00, 14.20it/s]
 46%|â–ˆâ–ˆâ–ˆâ–ˆâ–Œ     | 6/13 [00:00<00:00, 14.51it/s]
 62%|â–ˆâ–ˆâ–ˆâ–ˆâ–ˆâ–ˆâ–   | 8/13 [00:00<00:00, 14.66it/s]
 77%|â–ˆâ–ˆâ–ˆâ–ˆâ–ˆâ–ˆâ–ˆâ–‹  | 10/13 [00:00<00:00, 14.94it/s]
 92%|â–ˆâ–ˆâ–ˆâ–ˆâ–ˆâ–ˆâ–ˆâ–ˆâ–ˆâ–| 12/13 [00:00<00:00, 15.01it/s]
100%|â–ˆâ–ˆâ–ˆâ–ˆâ–ˆâ–ˆâ–ˆâ–ˆâ–ˆâ–ˆ| 13/13 [00:00<00:00, 14.89it/s]
epoch 0: {'accuracy': 0.6838235294117647, 'f1': 0.8122270742358079} [32m, current_best_acc:[0m 0.6838235294117647 train_loss: 62.46394348144531

  0%|          | 0/115 [00:00<?, ?it/s]
  1%|          | 1/115 [00:00<00:15,  7.39it/s]
  2%|â–         | 2/115 [00:00<00:15,  7.31it/s]
  3%|â–Ž         | 3/115 [00:00<00:14,  7.74it/s]
  3%|â–Ž         | 4/115 [00:00<00:14,  7.41it/s]
  4%|â–         | 5/115 [00:00<00:15,  7.27it/s]
  5%|â–Œ         | 6/115 [00:00<00:15,  7.18it/s]
  6%|â–Œ         | 7/115 [00:00<00:15,  7.18it/s]
  7%|â–‹         | 8/115 [00:01<00:15,  7.04it/s]
  8%|â–Š         | 9/115 [00:01<00:15,  7.00it/s]
  9%|â–Š         | 10/115 [00:01<00:14,  7.03it/s]
 10%|â–‰         | 11/115 [00:01<00:14,  6.96it/s]
 10%|â–ˆ         | 12/115 [00:01<00:14,  6.96it/s]
 11%|â–ˆâ–        | 13/115 [00:01<00:14,  6.98it/s]
 12%|â–ˆâ–        | 14/115 [00:01<00:14,  6.85it/s]
 13%|â–ˆâ–Ž        | 15/115 [00:02<00:15,  6.58it/s]
 14%|â–ˆâ–        | 16/115 [00:02<00:14,  6.61it/s]
 15%|â–ˆâ–        | 17/115 [00:02<00:14,  6.68it/s]
 16%|â–ˆâ–Œ        | 18/115 [00:02<00:14,  6.75it/s]
 17%|â–ˆâ–‹        | 19/115 [00:02<00:14,  6.80it/s]
 17%|â–ˆâ–‹        | 20/115 [00:02<00:13,  6.81it/s]
 18%|â–ˆâ–Š        | 21/115 [00:03<00:13,  6.83it/s]
 19%|â–ˆâ–‰        | 22/115 [00:03<00:13,  6.90it/s]
 20%|â–ˆâ–ˆ        | 23/115 [00:03<00:13,  6.94it/s]
 21%|â–ˆâ–ˆ        | 24/115 [00:03<00:13,  6.95it/s]
 22%|â–ˆâ–ˆâ–       | 25/115 [00:03<00:13,  6.79it/s]
 23%|â–ˆâ–ˆâ–Ž       | 26/115 [00:03<00:12,  6.91it/s]
 23%|â–ˆâ–ˆâ–Ž       | 27/115 [00:03<00:12,  6.88it/s]
 24%|â–ˆâ–ˆâ–       | 28/115 [00:04<00:13,  6.68it/s]
 25%|â–ˆâ–ˆâ–Œ       | 29/115 [00:04<00:12,  6.70it/s]
 26%|â–ˆâ–ˆâ–Œ       | 30/115 [00:04<00:12,  6.82it/s]
 27%|â–ˆâ–ˆâ–‹       | 31/115 [00:04<00:12,  6.94it/s]
 28%|â–ˆâ–ˆâ–Š       | 32/115 [00:04<00:12,  6.87it/s]
 29%|â–ˆâ–ˆâ–Š       | 33/115 [00:04<00:11,  6.89it/s]
 30%|â–ˆâ–ˆâ–‰       | 34/115 [00:04<00:11,  6.83it/s]
 30%|â–ˆâ–ˆâ–ˆ       | 35/115 [00:05<00:12,  6.66it/s]
 31%|â–ˆâ–ˆâ–ˆâ–      | 36/115 [00:05<00:11,  6.77it/s]
 32%|â–ˆâ–ˆâ–ˆâ–      | 37/115 [00:05<00:11,  6.82it/s]
 33%|â–ˆâ–ˆâ–ˆâ–Ž      | 38/115 [00:05<00:11,  6.87it/s]
 34%|â–ˆâ–ˆâ–ˆâ–      | 39/115 [00:05<00:11,  6.81it/s]
 35%|â–ˆâ–ˆâ–ˆâ–      | 40/115 [00:05<00:11,  6.75it/s]
 36%|â–ˆâ–ˆâ–ˆâ–Œ      | 41/115 [00:05<00:10,  6.89it/s]
 37%|â–ˆâ–ˆâ–ˆâ–‹      | 42/115 [00:06<00:10,  6.86it/s]
 37%|â–ˆâ–ˆâ–ˆâ–‹      | 43/115 [00:06<00:10,  6.86it/s]
 38%|â–ˆâ–ˆâ–ˆâ–Š      | 44/115 [00:06<00:10,  6.83it/s]
 39%|â–ˆâ–ˆâ–ˆâ–‰      | 45/115 [00:06<00:10,  6.67it/s]
 40%|â–ˆâ–ˆâ–ˆâ–ˆ      | 46/115 [00:06<00:10,  6.72it/s]
 41%|â–ˆâ–ˆâ–ˆâ–ˆ      | 47/115 [00:06<00:10,  6.61it/s]
 42%|â–ˆâ–ˆâ–ˆâ–ˆâ–     | 48/115 [00:07<00:10,  6.50it/s]
 43%|â–ˆâ–ˆâ–ˆâ–ˆâ–Ž     | 49/115 [00:07<00:10,  6.59it/s]
 43%|â–ˆâ–ˆâ–ˆâ–ˆâ–Ž     | 50/115 [00:07<00:09,  6.67it/s]
 44%|â–ˆâ–ˆâ–ˆâ–ˆâ–     | 51/115 [00:07<00:09,  6.78it/s]
 45%|â–ˆâ–ˆâ–ˆâ–ˆâ–Œ     | 52/115 [00:07<00:09,  6.78it/s]
 46%|â–ˆâ–ˆâ–ˆâ–ˆâ–Œ     | 53/115 [00:07<00:09,  6.87it/s]
 47%|â–ˆâ–ˆâ–ˆâ–ˆâ–‹     | 54/115 [00:07<00:08,  6.94it/s]
 48%|â–ˆâ–ˆâ–ˆâ–ˆâ–Š     | 55/115 [00:08<00:08,  6.99it/s]
 49%|â–ˆâ–ˆâ–ˆâ–ˆâ–Š     | 56/115 [00:08<00:08,  6.99it/s]
 50%|â–ˆâ–ˆâ–ˆâ–ˆâ–‰     | 57/115 [00:08<00:08,  6.98it/s]
 50%|â–ˆâ–ˆâ–ˆâ–ˆâ–ˆ     | 58/115 [00:08<00:08,  6.95it/s]
 51%|â–ˆâ–ˆâ–ˆâ–ˆâ–ˆâ–    | 59/115 [00:08<00:08,  6.88it/s]
 52%|â–ˆâ–ˆâ–ˆâ–ˆâ–ˆâ–    | 60/115 [00:08<00:08,  6.72it/s]
 53%|â–ˆâ–ˆâ–ˆâ–ˆâ–ˆâ–Ž    | 61/115 [00:08<00:08,  6.58it/s]
 54%|â–ˆâ–ˆâ–ˆâ–ˆâ–ˆâ–    | 62/115 [00:09<00:08,  6.60it/s]
 55%|â–ˆâ–ˆâ–ˆâ–ˆâ–ˆâ–    | 63/115 [00:09<00:07,  6.65it/s]
 56%|â–ˆâ–ˆâ–ˆâ–ˆâ–ˆâ–Œ    | 64/115 [00:09<00:07,  6.75it/s]
 57%|â–ˆâ–ˆâ–ˆâ–ˆâ–ˆâ–‹    | 65/115 [00:09<00:07,  6.73it/s]
 57%|â–ˆâ–ˆâ–ˆâ–ˆâ–ˆâ–‹    | 66/115 [00:09<00:07,  6.80it/s]
 58%|â–ˆâ–ˆâ–ˆâ–ˆâ–ˆâ–Š    | 67/115 [00:09<00:07,  6.83it/s]
 59%|â–ˆâ–ˆâ–ˆâ–ˆâ–ˆâ–‰    | 68/115 [00:09<00:06,  6.76it/s]
 60%|â–ˆâ–ˆâ–ˆâ–ˆâ–ˆâ–ˆ    | 69/115 [00:10<00:07,  6.53it/s]
 61%|â–ˆâ–ˆâ–ˆâ–ˆâ–ˆâ–ˆ    | 70/115 [00:10<00:07,  6.42it/s]
 62%|â–ˆâ–ˆâ–ˆâ–ˆâ–ˆâ–ˆâ–   | 71/115 [00:10<00:06,  6.43it/s]
 63%|â–ˆâ–ˆâ–ˆâ–ˆâ–ˆâ–ˆâ–Ž   | 72/115 [00:10<00:06,  6.59it/s]
 63%|â–ˆâ–ˆâ–ˆâ–ˆâ–ˆâ–ˆâ–Ž   | 73/115 [00:10<00:06,  6.75it/s]
 64%|â–ˆâ–ˆâ–ˆâ–ˆâ–ˆâ–ˆâ–   | 74/115 [00:10<00:06,  6.82it/s]
 65%|â–ˆâ–ˆâ–ˆâ–ˆâ–ˆâ–ˆâ–Œ   | 75/115 [00:10<00:05,  6.77it/s]
 66%|â–ˆâ–ˆâ–ˆâ–ˆâ–ˆâ–ˆâ–Œ   | 76/115 [00:11<00:05,  6.90it/s]
 67%|â–ˆâ–ˆâ–ˆâ–ˆâ–ˆâ–ˆâ–‹   | 77/115 [00:11<00:05,  6.96it/s]
 68%|â–ˆâ–ˆâ–ˆâ–ˆâ–ˆâ–ˆâ–Š   | 78/115 [00:11<00:05,  6.98it/s]
 69%|â–ˆâ–ˆâ–ˆâ–ˆâ–ˆâ–ˆâ–Š   | 79/115 [00:11<00:05,  6.99it/s]
 70%|â–ˆâ–ˆâ–ˆâ–ˆâ–ˆâ–ˆâ–‰   | 80/115 [00:11<00:05,  6.99it/s]
 70%|â–ˆâ–ˆâ–ˆâ–ˆâ–ˆâ–ˆâ–ˆ   | 81/115 [00:11<00:04,  7.01it/s]
 71%|â–ˆâ–ˆâ–ˆâ–ˆâ–ˆâ–ˆâ–ˆâ–  | 82/115 [00:11<00:04,  7.03it/s]
 72%|â–ˆâ–ˆâ–ˆâ–ˆâ–ˆâ–ˆâ–ˆâ–  | 83/115 [00:12<00:04,  6.89it/s]
 73%|â–ˆâ–ˆâ–ˆâ–ˆâ–ˆâ–ˆâ–ˆâ–Ž  | 84/115 [00:12<00:04,  6.75it/s]
 74%|â–ˆâ–ˆâ–ˆâ–ˆâ–ˆâ–ˆâ–ˆâ–  | 85/115 [00:12<00:04,  6.84it/s]
 75%|â–ˆâ–ˆâ–ˆâ–ˆâ–ˆâ–ˆâ–ˆâ–  | 86/115 [00:12<00:04,  6.93it/s]
 76%|â–ˆâ–ˆâ–ˆâ–ˆâ–ˆâ–ˆâ–ˆâ–Œ  | 87/115 [00:12<00:04,  6.99it/s]
 77%|â–ˆâ–ˆâ–ˆâ–ˆâ–ˆâ–ˆâ–ˆâ–‹  | 88/115 [00:12<00:03,  6.91it/s]
 77%|â–ˆâ–ˆâ–ˆâ–ˆâ–ˆâ–ˆâ–ˆâ–‹  | 89/115 [00:13<00:03,  6.84it/s]
 78%|â–ˆâ–ˆâ–ˆâ–ˆâ–ˆâ–ˆâ–ˆâ–Š  | 90/115 [00:13<00:03,  6.85it/s]
 79%|â–ˆâ–ˆâ–ˆâ–ˆâ–ˆâ–ˆâ–ˆâ–‰  | 91/115 [00:13<00:03,  6.91it/s]
 80%|â–ˆâ–ˆâ–ˆâ–ˆâ–ˆâ–ˆâ–ˆâ–ˆ  | 92/115 [00:13<00:03,  6.96it/s]
 81%|â–ˆâ–ˆâ–ˆâ–ˆâ–ˆâ–ˆâ–ˆâ–ˆ  | 93/115 [00:13<00:03,  6.82it/s]
 82%|â–ˆâ–ˆâ–ˆâ–ˆâ–ˆâ–ˆâ–ˆâ–ˆâ– | 94/115 [00:13<00:03,  6.79it/s]
 83%|â–ˆâ–ˆâ–ˆâ–ˆâ–ˆâ–ˆâ–ˆâ–ˆâ–Ž | 95/115 [00:13<00:02,  6.86it/s]
 83%|â–ˆâ–ˆâ–ˆâ–ˆâ–ˆâ–ˆâ–ˆâ–ˆâ–Ž | 96/115 [00:14<00:02,  6.87it/s]
 84%|â–ˆâ–ˆâ–ˆâ–ˆâ–ˆâ–ˆâ–ˆâ–ˆâ– | 97/115 [00:14<00:02,  6.92it/s]
 85%|â–ˆâ–ˆâ–ˆâ–ˆâ–ˆâ–ˆâ–ˆâ–ˆâ–Œ | 98/115 [00:14<00:02,  7.02it/s]
 86%|â–ˆâ–ˆâ–ˆâ–ˆâ–ˆâ–ˆâ–ˆâ–ˆâ–Œ | 99/115 [00:14<00:02,  7.04it/s]
 87%|â–ˆâ–ˆâ–ˆâ–ˆâ–ˆâ–ˆâ–ˆâ–ˆâ–‹ | 100/115 [00:14<00:02,  7.00it/s]
 88%|â–ˆâ–ˆâ–ˆâ–ˆâ–ˆâ–ˆâ–ˆâ–ˆâ–Š | 101/115 [00:14<00:02,  6.99it/s]
 89%|â–ˆâ–ˆâ–ˆâ–ˆâ–ˆâ–ˆâ–ˆâ–ˆâ–Š | 102/115 [00:14<00:01,  6.94it/s]
 90%|â–ˆâ–ˆâ–ˆâ–ˆâ–ˆâ–ˆâ–ˆâ–ˆâ–‰ | 103/115 [00:15<00:01,  6.89it/s]
 90%|â–ˆâ–ˆâ–ˆâ–ˆâ–ˆâ–ˆâ–ˆâ–ˆâ–ˆ | 104/115 [00:15<00:01,  6.81it/s]
 91%|â–ˆâ–ˆâ–ˆâ–ˆâ–ˆâ–ˆâ–ˆâ–ˆâ–ˆâ–| 105/115 [00:15<00:01,  6.81it/s]
 92%|â–ˆâ–ˆâ–ˆâ–ˆâ–ˆâ–ˆâ–ˆâ–ˆâ–ˆâ–| 106/115 [00:15<00:01,  6.86it/s]
 93%|â–ˆâ–ˆâ–ˆâ–ˆâ–ˆâ–ˆâ–ˆâ–ˆâ–ˆâ–Ž| 107/115 [00:15<00:01,  6.90it/s]
 94%|â–ˆâ–ˆâ–ˆâ–ˆâ–ˆâ–ˆâ–ˆâ–ˆâ–ˆâ–| 108/115 [00:15<00:01,  6.89it/s]
 95%|â–ˆâ–ˆâ–ˆâ–ˆâ–ˆâ–ˆâ–ˆâ–ˆâ–ˆâ–| 109/115 [00:15<00:00,  6.93it/s]
 96%|â–ˆâ–ˆâ–ˆâ–ˆâ–ˆâ–ˆâ–ˆâ–ˆâ–ˆâ–Œ| 110/115 [00:16<00:00,  6.95it/s]
 97%|â–ˆâ–ˆâ–ˆâ–ˆâ–ˆâ–ˆâ–ˆâ–ˆâ–ˆâ–‹| 111/115 [00:16<00:00,  6.89it/s]
 97%|â–ˆâ–ˆâ–ˆâ–ˆâ–ˆâ–ˆâ–ˆâ–ˆâ–ˆâ–‹| 112/115 [00:16<00:00,  6.87it/s]
 98%|â–ˆâ–ˆâ–ˆâ–ˆâ–ˆâ–ˆâ–ˆâ–ˆâ–ˆâ–Š| 113/115 [00:16<00:00,  6.95it/s]
 99%|â–ˆâ–ˆâ–ˆâ–ˆâ–ˆâ–ˆâ–ˆâ–ˆâ–ˆâ–‰| 114/115 [00:16<00:00,  6.89it/s]
100%|â–ˆâ–ˆâ–ˆâ–ˆâ–ˆâ–ˆâ–ˆâ–ˆâ–ˆâ–ˆ| 115/115 [00:16<00:00,  6.89it/s]
100%|â–ˆâ–ˆâ–ˆâ–ˆâ–ˆâ–ˆâ–ˆâ–ˆâ–ˆâ–ˆ| 115/115 [00:16<00:00,  6.85it/s]

  0%|          | 0/13 [00:00<?, ?it/s]
 15%|â–ˆâ–Œ        | 2/13 [00:00<00:00, 13.97it/s]
 31%|â–ˆâ–ˆâ–ˆ       | 4/13 [00:00<00:00, 14.35it/s]
 46%|â–ˆâ–ˆâ–ˆâ–ˆâ–Œ     | 6/13 [00:00<00:00, 14.44it/s]
 62%|â–ˆâ–ˆâ–ˆâ–ˆâ–ˆâ–ˆâ–   | 8/13 [00:00<00:00, 14.37it/s]
 77%|â–ˆâ–ˆâ–ˆâ–ˆâ–ˆâ–ˆâ–ˆâ–‹  | 10/13 [00:00<00:00, 14.50it/s]
 92%|â–ˆâ–ˆâ–ˆâ–ˆâ–ˆâ–ˆâ–ˆâ–ˆâ–ˆâ–| 12/13 [00:00<00:00, 14.50it/s]
100%|â–ˆâ–ˆâ–ˆâ–ˆâ–ˆâ–ˆâ–ˆâ–ˆâ–ˆâ–ˆ| 13/13 [00:00<00:00, 14.60it/s]
epoch 1: {'accuracy': 0.8357843137254902, 'f1': 0.8866328257191202} [32m, current_best_acc:[0m 0.8357843137254902 train_loss: 61.8907470703125

  0%|          | 0/115 [00:00<?, ?it/s]
  1%|          | 1/115 [00:00<00:12,  8.84it/s]
  2%|â–         | 2/115 [00:00<00:14,  7.56it/s]
  3%|â–Ž         | 3/115 [00:00<00:15,  7.18it/s]
  3%|â–Ž         | 4/115 [00:00<00:16,  6.92it/s]
  4%|â–         | 5/115 [00:00<00:16,  6.76it/s]
  5%|â–Œ         | 6/115 [00:00<00:16,  6.68it/s]
  6%|â–Œ         | 7/115 [00:01<00:16,  6.72it/s]
  7%|â–‹         | 8/115 [00:01<00:15,  6.78it/s]
  8%|â–Š         | 9/115 [00:01<00:15,  6.90it/s]
  9%|â–Š         | 10/115 [00:01<00:15,  6.97it/s]
 10%|â–‰         | 11/115 [00:01<00:14,  7.02it/s]
 10%|â–ˆ         | 12/115 [00:01<00:14,  6.94it/s]
 11%|â–ˆâ–        | 13/115 [00:01<00:15,  6.80it/s]
 12%|â–ˆâ–        | 14/115 [00:02<00:15,  6.71it/s]
 13%|â–ˆâ–Ž        | 15/115 [00:02<00:14,  6.71it/s]
 14%|â–ˆâ–        | 16/115 [00:02<00:14,  6.71it/s]
 15%|â–ˆâ–        | 17/115 [00:02<00:14,  6.70it/s]
 16%|â–ˆâ–Œ        | 18/115 [00:02<00:14,  6.73it/s]
 17%|â–ˆâ–‹        | 19/115 [00:02<00:14,  6.78it/s]
 17%|â–ˆâ–‹        | 20/115 [00:02<00:13,  6.86it/s]
 18%|â–ˆâ–Š        | 21/115 [00:03<00:14,  6.67it/s]
 19%|â–ˆâ–‰        | 22/115 [00:03<00:14,  6.63it/s]
 20%|â–ˆâ–ˆ        | 23/115 [00:03<00:13,  6.76it/s]
 21%|â–ˆâ–ˆ        | 24/115 [00:03<00:13,  6.78it/s]
 22%|â–ˆâ–ˆâ–       | 25/115 [00:03<00:13,  6.83it/s]
 23%|â–ˆâ–ˆâ–Ž       | 26/115 [00:03<00:13,  6.80it/s]
 23%|â–ˆâ–ˆâ–Ž       | 27/115 [00:03<00:13,  6.70it/s]
 24%|â–ˆâ–ˆâ–       | 28/115 [00:04<00:12,  6.72it/s]
 25%|â–ˆâ–ˆâ–Œ       | 29/115 [00:04<00:12,  6.79it/s]
 26%|â–ˆâ–ˆâ–Œ       | 30/115 [00:04<00:12,  6.80it/s]
 27%|â–ˆâ–ˆâ–‹       | 31/115 [00:04<00:12,  6.80it/s]
 28%|â–ˆâ–ˆâ–Š       | 32/115 [00:04<00:12,  6.79it/s]
 29%|â–ˆâ–ˆâ–Š       | 33/115 [00:04<00:12,  6.79it/s]
 30%|â–ˆâ–ˆâ–‰       | 34/115 [00:04<00:11,  6.84it/s]
 30%|â–ˆâ–ˆâ–ˆ       | 35/115 [00:05<00:11,  6.81it/s]
 31%|â–ˆâ–ˆâ–ˆâ–      | 36/115 [00:05<00:11,  6.82it/s]
 32%|â–ˆâ–ˆâ–ˆâ–      | 37/115 [00:05<00:11,  6.91it/s]
 33%|â–ˆâ–ˆâ–ˆâ–Ž      | 38/115 [00:05<00:11,  6.96it/s]
 34%|â–ˆâ–ˆâ–ˆâ–      | 39/115 [00:05<00:10,  6.93it/s]
 35%|â–ˆâ–ˆâ–ˆâ–      | 40/115 [00:05<00:11,  6.76it/s]
 36%|â–ˆâ–ˆâ–ˆâ–Œ      | 41/115 [00:06<00:10,  6.76it/s]
 37%|â–ˆâ–ˆâ–ˆâ–‹      | 42/115 [00:06<00:10,  6.77it/s]
 37%|â–ˆâ–ˆâ–ˆâ–‹      | 43/115 [00:06<00:10,  6.87it/s]
 38%|â–ˆâ–ˆâ–ˆâ–Š      | 44/115 [00:06<00:10,  6.86it/s]
 39%|â–ˆâ–ˆâ–ˆâ–‰      | 45/115 [00:06<00:10,  6.85it/s]
 40%|â–ˆâ–ˆâ–ˆâ–ˆ      | 46/115 [00:06<00:10,  6.85it/s]
 41%|â–ˆâ–ˆâ–ˆâ–ˆ      | 47/115 [00:06<00:09,  6.85it/s]
 42%|â–ˆâ–ˆâ–ˆâ–ˆâ–     | 48/115 [00:07<00:09,  6.77it/s]
 43%|â–ˆâ–ˆâ–ˆâ–ˆâ–Ž     | 49/115 [00:07<00:09,  6.66it/s]
 43%|â–ˆâ–ˆâ–ˆâ–ˆâ–Ž     | 50/115 [00:07<00:10,  6.39it/s]
 44%|â–ˆâ–ˆâ–ˆâ–ˆâ–     | 51/115 [00:07<00:10,  6.30it/s]
 45%|â–ˆâ–ˆâ–ˆâ–ˆâ–Œ     | 52/115 [00:07<00:09,  6.46it/s]
 46%|â–ˆâ–ˆâ–ˆâ–ˆâ–Œ     | 53/115 [00:07<00:09,  6.56it/s]
 47%|â–ˆâ–ˆâ–ˆâ–ˆâ–‹     | 54/115 [00:07<00:09,  6.65it/s]
 48%|â–ˆâ–ˆâ–ˆâ–ˆâ–Š     | 55/115 [00:08<00:08,  6.70it/s]
 49%|â–ˆâ–ˆâ–ˆâ–ˆâ–Š     | 56/115 [00:08<00:08,  6.73it/s]
 50%|â–ˆâ–ˆâ–ˆâ–ˆâ–‰     | 57/115 [00:08<00:08,  6.77it/s]
 50%|â–ˆâ–ˆâ–ˆâ–ˆâ–ˆ     | 58/115 [00:08<00:08,  6.79it/s]
 51%|â–ˆâ–ˆâ–ˆâ–ˆâ–ˆâ–    | 59/115 [00:08<00:08,  6.78it/s]
 52%|â–ˆâ–ˆâ–ˆâ–ˆâ–ˆâ–    | 60/115 [00:08<00:08,  6.78it/s]
 53%|â–ˆâ–ˆâ–ˆâ–ˆâ–ˆâ–Ž    | 61/115 [00:08<00:07,  6.79it/s]
 54%|â–ˆâ–ˆâ–ˆâ–ˆâ–ˆâ–    | 62/115 [00:09<00:07,  6.79it/s]
 55%|â–ˆâ–ˆâ–ˆâ–ˆâ–ˆâ–    | 63/115 [00:09<00:07,  6.61it/s]
 56%|â–ˆâ–ˆâ–ˆâ–ˆâ–ˆâ–Œ    | 64/115 [00:09<00:07,  6.41it/s]
 57%|â–ˆâ–ˆâ–ˆâ–ˆâ–ˆâ–‹    | 65/115 [00:09<00:07,  6.27it/s]
 57%|â–ˆâ–ˆâ–ˆâ–ˆâ–ˆâ–‹    | 66/115 [00:09<00:07,  6.32it/s]
 58%|â–ˆâ–ˆâ–ˆâ–ˆâ–ˆâ–Š    | 67/115 [00:09<00:07,  6.60it/s]
 59%|â–ˆâ–ˆâ–ˆâ–ˆâ–ˆâ–‰    | 68/115 [00:10<00:07,  6.70it/s]
 60%|â–ˆâ–ˆâ–ˆâ–ˆâ–ˆâ–ˆ    | 69/115 [00:10<00:06,  6.74it/s]
 61%|â–ˆâ–ˆâ–ˆâ–ˆâ–ˆâ–ˆ    | 70/115 [00:10<00:06,  6.68it/s]
 62%|â–ˆâ–ˆâ–ˆâ–ˆâ–ˆâ–ˆâ–   | 71/115 [00:10<00:06,  6.67it/s]
 63%|â–ˆâ–ˆâ–ˆâ–ˆâ–ˆâ–ˆâ–Ž   | 72/115 [00:10<00:06,  6.76it/s]
 63%|â–ˆâ–ˆâ–ˆâ–ˆâ–ˆâ–ˆâ–Ž   | 73/115 [00:10<00:06,  6.72it/s]
 64%|â–ˆâ–ˆâ–ˆâ–ˆâ–ˆâ–ˆâ–   | 74/115 [00:10<00:06,  6.67it/s]
 65%|â–ˆâ–ˆâ–ˆâ–ˆâ–ˆâ–ˆâ–Œ   | 75/115 [00:11<00:05,  6.85it/s]
 66%|â–ˆâ–ˆâ–ˆâ–ˆâ–ˆâ–ˆâ–Œ   | 76/115 [00:11<00:05,  6.91it/s]
 67%|â–ˆâ–ˆâ–ˆâ–ˆâ–ˆâ–ˆâ–‹   | 77/115 [00:11<00:05,  6.91it/s]
 68%|â–ˆâ–ˆâ–ˆâ–ˆâ–ˆâ–ˆâ–Š   | 78/115 [00:11<00:05,  6.88it/s]
 69%|â–ˆâ–ˆâ–ˆâ–ˆâ–ˆâ–ˆâ–Š   | 79/115 [00:11<00:05,  6.77it/s]
 70%|â–ˆâ–ˆâ–ˆâ–ˆâ–ˆâ–ˆâ–‰   | 80/115 [00:11<00:05,  6.71it/s]
 70%|â–ˆâ–ˆâ–ˆâ–ˆâ–ˆâ–ˆâ–ˆ   | 81/115 [00:12<00:05,  6.52it/s]
 71%|â–ˆâ–ˆâ–ˆâ–ˆâ–ˆâ–ˆâ–ˆâ–  | 82/115 [00:12<00:05,  6.40it/s]
 72%|â–ˆâ–ˆâ–ˆâ–ˆâ–ˆâ–ˆâ–ˆâ–  | 83/115 [00:12<00:05,  6.39it/s]
 73%|â–ˆâ–ˆâ–ˆâ–ˆâ–ˆâ–ˆâ–ˆâ–Ž  | 84/115 [00:12<00:04,  6.49it/s]
 74%|â–ˆâ–ˆâ–ˆâ–ˆâ–ˆâ–ˆâ–ˆâ–  | 85/115 [00:12<00:04,  6.47it/s]
 75%|â–ˆâ–ˆâ–ˆâ–ˆâ–ˆâ–ˆâ–ˆâ–  | 86/115 [00:12<00:04,  6.56it/s]
 76%|â–ˆâ–ˆâ–ˆâ–ˆâ–ˆâ–ˆâ–ˆâ–Œ  | 87/115 [00:12<00:04,  6.51it/s]
 77%|â–ˆâ–ˆâ–ˆâ–ˆâ–ˆâ–ˆâ–ˆâ–‹  | 88/115 [00:13<00:04,  6.58it/s]
 77%|â–ˆâ–ˆâ–ˆâ–ˆâ–ˆâ–ˆâ–ˆâ–‹  | 89/115 [00:13<00:03,  6.59it/s]
 78%|â–ˆâ–ˆâ–ˆâ–ˆâ–ˆâ–ˆâ–ˆâ–Š  | 90/115 [00:13<00:03,  6.65it/s]
 79%|â–ˆâ–ˆâ–ˆâ–ˆâ–ˆâ–ˆâ–ˆâ–‰  | 91/115 [00:13<00:03,  6.61it/s]
 80%|â–ˆâ–ˆâ–ˆâ–ˆâ–ˆâ–ˆâ–ˆâ–ˆ  | 92/115 [00:13<00:03,  6.67it/s]
 81%|â–ˆâ–ˆâ–ˆâ–ˆâ–ˆâ–ˆâ–ˆâ–ˆ  | 93/115 [00:13<00:03,  6.59it/s]
 82%|â–ˆâ–ˆâ–ˆâ–ˆâ–ˆâ–ˆâ–ˆâ–ˆâ– | 94/115 [00:13<00:03,  6.63it/s]
 83%|â–ˆâ–ˆâ–ˆâ–ˆâ–ˆâ–ˆâ–ˆâ–ˆâ–Ž | 95/115 [00:14<00:03,  6.62it/s]
 83%|â–ˆâ–ˆâ–ˆâ–ˆâ–ˆâ–ˆâ–ˆâ–ˆâ–Ž | 96/115 [00:14<00:02,  6.60it/s]
 84%|â–ˆâ–ˆâ–ˆâ–ˆâ–ˆâ–ˆâ–ˆâ–ˆâ– | 97/115 [00:14<00:02,  6.47it/s]
 85%|â–ˆâ–ˆâ–ˆâ–ˆâ–ˆâ–ˆâ–ˆâ–ˆâ–Œ | 98/115 [00:14<00:02,  6.51it/s]
 86%|â–ˆâ–ˆâ–ˆâ–ˆâ–ˆâ–ˆâ–ˆâ–ˆâ–Œ | 99/115 [00:14<00:02,  6.57it/s]
 87%|â–ˆâ–ˆâ–ˆâ–ˆâ–ˆâ–ˆâ–ˆâ–ˆâ–‹ | 100/115 [00:14<00:02,  6.60it/s]
 88%|â–ˆâ–ˆâ–ˆâ–ˆâ–ˆâ–ˆâ–ˆâ–ˆâ–Š | 101/115 [00:15<00:02,  6.57it/s]
 89%|â–ˆâ–ˆâ–ˆâ–ˆâ–ˆâ–ˆâ–ˆâ–ˆâ–Š | 102/115 [00:15<00:02,  6.48it/s]
 90%|â–ˆâ–ˆâ–ˆâ–ˆâ–ˆâ–ˆâ–ˆâ–ˆâ–‰ | 103/115 [00:15<00:01,  6.37it/s]
 90%|â–ˆâ–ˆâ–ˆâ–ˆâ–ˆâ–ˆâ–ˆâ–ˆâ–ˆ | 104/115 [00:15<00:01,  6.47it/s]
 91%|â–ˆâ–ˆâ–ˆâ–ˆâ–ˆâ–ˆâ–ˆâ–ˆâ–ˆâ–| 105/115 [00:15<00:01,  6.47it/s]
 92%|â–ˆâ–ˆâ–ˆâ–ˆâ–ˆâ–ˆâ–ˆâ–ˆâ–ˆâ–| 106/115 [00:15<00:01,  6.48it/s]
 93%|â–ˆâ–ˆâ–ˆâ–ˆâ–ˆâ–ˆâ–ˆâ–ˆâ–ˆâ–Ž| 107/115 [00:15<00:01,  6.58it/s]
 94%|â–ˆâ–ˆâ–ˆâ–ˆâ–ˆâ–ˆâ–ˆâ–ˆâ–ˆâ–| 108/115 [00:16<00:01,  6.53it/s]
 95%|â–ˆâ–ˆâ–ˆâ–ˆâ–ˆâ–ˆâ–ˆâ–ˆâ–ˆâ–| 109/115 [00:16<00:00,  6.53it/s]
 96%|â–ˆâ–ˆâ–ˆâ–ˆâ–ˆâ–ˆâ–ˆâ–ˆâ–ˆâ–Œ| 110/115 [00:16<00:00,  6.45it/s]
 97%|â–ˆâ–ˆâ–ˆâ–ˆâ–ˆâ–ˆâ–ˆâ–ˆâ–ˆâ–‹| 111/115 [00:16<00:00,  6.50it/s]
 97%|â–ˆâ–ˆâ–ˆâ–ˆâ–ˆâ–ˆâ–ˆâ–ˆâ–ˆâ–‹| 112/115 [00:16<00:00,  6.51it/s]
 98%|â–ˆâ–ˆâ–ˆâ–ˆâ–ˆâ–ˆâ–ˆâ–ˆâ–ˆâ–Š| 113/115 [00:16<00:00,  6.57it/s]
 99%|â–ˆâ–ˆâ–ˆâ–ˆâ–ˆâ–ˆâ–ˆâ–ˆâ–ˆâ–‰| 114/115 [00:17<00:00,  6.59it/s]
100%|â–ˆâ–ˆâ–ˆâ–ˆâ–ˆâ–ˆâ–ˆâ–ˆâ–ˆâ–ˆ| 115/115 [00:17<00:00,  6.74it/s]
100%|â–ˆâ–ˆâ–ˆâ–ˆâ–ˆâ–ˆâ–ˆâ–ˆâ–ˆâ–ˆ| 115/115 [00:17<00:00,  6.69it/s]

  0%|          | 0/13 [00:00<?, ?it/s]
 15%|â–ˆâ–Œ        | 2/13 [00:00<00:00, 13.65it/s]
 31%|â–ˆâ–ˆâ–ˆ       | 4/13 [00:00<00:00, 14.06it/s]
 46%|â–ˆâ–ˆâ–ˆâ–ˆâ–Œ     | 6/13 [00:00<00:00, 14.25it/s]
 62%|â–ˆâ–ˆâ–ˆâ–ˆâ–ˆâ–ˆâ–   | 8/13 [00:00<00:00, 14.33it/s]
 77%|â–ˆâ–ˆâ–ˆâ–ˆâ–ˆâ–ˆâ–ˆâ–‹  | 10/13 [00:00<00:00, 14.38it/s]
 92%|â–ˆâ–ˆâ–ˆâ–ˆâ–ˆâ–ˆâ–ˆâ–ˆâ–ˆâ–| 12/13 [00:00<00:00, 14.35it/s]
100%|â–ˆâ–ˆâ–ˆâ–ˆâ–ˆâ–ˆâ–ˆâ–ˆâ–ˆâ–ˆ| 13/13 [00:00<00:00, 14.45it/s]
epoch 2: {'accuracy': 0.8799019607843137, 'f1': 0.911070780399274} [32m, current_best_acc:[0m 0.8799019607843137 train_loss: 61.57448196411133

  0%|          | 0/115 [00:00<?, ?it/s]
  1%|          | 1/115 [00:00<00:14,  7.73it/s]
  2%|â–         | 2/115 [00:00<00:16,  7.01it/s]
  3%|â–Ž         | 3/115 [00:00<00:16,  6.68it/s]
  3%|â–Ž         | 4/115 [00:00<00:16,  6.69it/s]
  4%|â–         | 5/115 [00:00<00:16,  6.65it/s]
  5%|â–Œ         | 6/115 [00:00<00:16,  6.75it/s]
  6%|â–Œ         | 7/115 [00:01<00:16,  6.65it/s]
  7%|â–‹         | 8/115 [00:01<00:16,  6.66it/s]
  8%|â–Š         | 9/115 [00:01<00:16,  6.62it/s]
  9%|â–Š         | 10/115 [00:01<00:15,  6.74it/s]
 10%|â–‰         | 11/115 [00:01<00:15,  6.69it/s]
 10%|â–ˆ         | 12/115 [00:01<00:15,  6.66it/s]
 11%|â–ˆâ–        | 13/115 [00:01<00:15,  6.58it/s]
 12%|â–ˆâ–        | 14/115 [00:02<00:15,  6.52it/s]
 13%|â–ˆâ–Ž        | 15/115 [00:02<00:15,  6.41it/s]
 14%|â–ˆâ–        | 16/115 [00:02<00:15,  6.50it/s]
 15%|â–ˆâ–        | 17/115 [00:02<00:14,  6.55it/s]
 16%|â–ˆâ–Œ        | 18/115 [00:02<00:14,  6.57it/s]
 17%|â–ˆâ–‹        | 19/115 [00:02<00:14,  6.60it/s]
 17%|â–ˆâ–‹        | 20/115 [00:03<00:14,  6.62it/s]
 18%|â–ˆâ–Š        | 21/115 [00:03<00:14,  6.61it/s]
 19%|â–ˆâ–‰        | 22/115 [00:03<00:14,  6.56it/s]
 20%|â–ˆâ–ˆ        | 23/115 [00:03<00:13,  6.58it/s]
 21%|â–ˆâ–ˆ        | 24/115 [00:03<00:13,  6.50it/s]
 22%|â–ˆâ–ˆâ–       | 25/115 [00:03<00:13,  6.48it/s]
 23%|â–ˆâ–ˆâ–Ž       | 26/115 [00:03<00:13,  6.51it/s]
 23%|â–ˆâ–ˆâ–Ž       | 27/115 [00:04<00:13,  6.49it/s]
 24%|â–ˆâ–ˆâ–       | 28/115 [00:04<00:13,  6.41it/s]
 25%|â–ˆâ–ˆâ–Œ       | 29/115 [00:04<00:13,  6.50it/s]
 26%|â–ˆâ–ˆâ–Œ       | 30/115 [00:04<00:13,  6.48it/s]
 27%|â–ˆâ–ˆâ–‹       | 31/115 [00:04<00:12,  6.56it/s]
 28%|â–ˆâ–ˆâ–Š       | 32/115 [00:04<00:12,  6.47it/s]
 29%|â–ˆâ–ˆâ–Š       | 33/115 [00:05<00:12,  6.45it/s]
 30%|â–ˆâ–ˆâ–‰       | 34/115 [00:05<00:12,  6.49it/s]
 30%|â–ˆâ–ˆâ–ˆ       | 35/115 [00:05<00:12,  6.51it/s]
 31%|â–ˆâ–ˆâ–ˆâ–      | 36/115 [00:05<00:12,  6.54it/s]
 32%|â–ˆâ–ˆâ–ˆâ–      | 37/115 [00:05<00:12,  6.44it/s]
 33%|â–ˆâ–ˆâ–ˆâ–Ž      | 38/115 [00:05<00:12,  6.34it/s]
 34%|â–ˆâ–ˆâ–ˆâ–      | 39/115 [00:05<00:11,  6.35it/s]
 35%|â–ˆâ–ˆâ–ˆâ–      | 40/115 [00:06<00:11,  6.42it/s]
 36%|â–ˆâ–ˆâ–ˆâ–Œ      | 41/115 [00:06<00:11,  6.47it/s]
 37%|â–ˆâ–ˆâ–ˆâ–‹      | 42/115 [00:06<00:11,  6.50it/s]
 37%|â–ˆâ–ˆâ–ˆâ–‹      | 43/115 [00:06<00:11,  6.34it/s]
 38%|â–ˆâ–ˆâ–ˆâ–Š      | 44/115 [00:06<00:11,  6.16it/s]
 39%|â–ˆâ–ˆâ–ˆâ–‰      | 45/115 [00:06<00:11,  6.06it/s]
 40%|â–ˆâ–ˆâ–ˆâ–ˆ      | 46/115 [00:07<00:11,  6.19it/s]
 41%|â–ˆâ–ˆâ–ˆâ–ˆ      | 47/115 [00:07<00:10,  6.26it/s]
 42%|â–ˆâ–ˆâ–ˆâ–ˆâ–     | 48/115 [00:07<00:10,  6.37it/s]
 43%|â–ˆâ–ˆâ–ˆâ–ˆâ–Ž     | 49/115 [00:07<00:10,  6.39it/s]
 43%|â–ˆâ–ˆâ–ˆâ–ˆâ–Ž     | 50/115 [00:07<00:09,  6.51it/s]
 44%|â–ˆâ–ˆâ–ˆâ–ˆâ–     | 51/115 [00:07<00:09,  6.50it/s]
 45%|â–ˆâ–ˆâ–ˆâ–ˆâ–Œ     | 52/115 [00:07<00:09,  6.52it/s]
 46%|â–ˆâ–ˆâ–ˆâ–ˆâ–Œ     | 53/115 [00:08<00:09,  6.55it/s]
 47%|â–ˆâ–ˆâ–ˆâ–ˆâ–‹     | 54/115 [00:08<00:09,  6.56it/s]
 48%|â–ˆâ–ˆâ–ˆâ–ˆâ–Š     | 55/115 [00:08<00:09,  6.51it/s]
 49%|â–ˆâ–ˆâ–ˆâ–ˆâ–Š     | 56/115 [00:08<00:10,  5.88it/s]
 50%|â–ˆâ–ˆâ–ˆâ–ˆâ–‰     | 57/115 [00:08<00:09,  6.04it/s]
 50%|â–ˆâ–ˆâ–ˆâ–ˆâ–ˆ     | 58/115 [00:08<00:09,  6.20it/s]
 51%|â–ˆâ–ˆâ–ˆâ–ˆâ–ˆâ–    | 59/115 [00:09<00:08,  6.43it/s]
 52%|â–ˆâ–ˆâ–ˆâ–ˆâ–ˆâ–    | 60/115 [00:09<00:08,  6.44it/s]
 53%|â–ˆâ–ˆâ–ˆâ–ˆâ–ˆâ–Ž    | 61/115 [00:09<00:08,  6.58it/s]
 54%|â–ˆâ–ˆâ–ˆâ–ˆâ–ˆâ–    | 62/115 [00:09<00:07,  6.64it/s]
 55%|â–ˆâ–ˆâ–ˆâ–ˆâ–ˆâ–    | 63/115 [00:09<00:07,  6.77it/s]
 56%|â–ˆâ–ˆâ–ˆâ–ˆâ–ˆâ–Œ    | 64/115 [00:09<00:07,  6.66it/s]
 57%|â–ˆâ–ˆâ–ˆâ–ˆâ–ˆâ–‹    | 65/115 [00:10<00:07,  6.63it/s]
 57%|â–ˆâ–ˆâ–ˆâ–ˆâ–ˆâ–‹    | 66/115 [00:10<00:07,  6.43it/s]
 58%|â–ˆâ–ˆâ–ˆâ–ˆâ–ˆâ–Š    | 67/115 [00:10<00:07,  6.21it/s]
 59%|â–ˆâ–ˆâ–ˆâ–ˆâ–ˆâ–‰    | 68/115 [00:10<00:07,  6.13it/s]
 60%|â–ˆâ–ˆâ–ˆâ–ˆâ–ˆâ–ˆ    | 69/115 [00:10<00:07,  6.11it/s]
 61%|â–ˆâ–ˆâ–ˆâ–ˆâ–ˆâ–ˆ    | 70/115 [00:10<00:07,  6.22it/s]
 62%|â–ˆâ–ˆâ–ˆâ–ˆâ–ˆâ–ˆâ–   | 71/115 [00:10<00:06,  6.30it/s]
 63%|â–ˆâ–ˆâ–ˆâ–ˆâ–ˆâ–ˆâ–Ž   | 72/115 [00:11<00:06,  6.45it/s]
 63%|â–ˆâ–ˆâ–ˆâ–ˆâ–ˆâ–ˆâ–Ž   | 73/115 [00:11<00:06,  6.47it/s]
 64%|â–ˆâ–ˆâ–ˆâ–ˆâ–ˆâ–ˆâ–   | 74/115 [00:11<00:06,  6.51it/s]
 65%|â–ˆâ–ˆâ–ˆâ–ˆâ–ˆâ–ˆâ–Œ   | 75/115 [00:11<00:06,  6.60it/s]
 66%|â–ˆâ–ˆâ–ˆâ–ˆâ–ˆâ–ˆâ–Œ   | 76/115 [00:11<00:05,  6.68it/s]
 67%|â–ˆâ–ˆâ–ˆâ–ˆâ–ˆâ–ˆâ–‹   | 77/115 [00:11<00:05,  6.56it/s]
 68%|â–ˆâ–ˆâ–ˆâ–ˆâ–ˆâ–ˆâ–Š   | 78/115 [00:12<00:05,  6.52it/s]
 69%|â–ˆâ–ˆâ–ˆâ–ˆâ–ˆâ–ˆâ–Š   | 79/115 [00:12<00:05,  6.65it/s]
 70%|â–ˆâ–ˆâ–ˆâ–ˆâ–ˆâ–ˆâ–‰   | 80/115 [00:12<00:05,  6.77it/s]
 70%|â–ˆâ–ˆâ–ˆâ–ˆâ–ˆâ–ˆâ–ˆ   | 81/115 [00:12<00:05,  6.78it/s]
 71%|â–ˆâ–ˆâ–ˆâ–ˆâ–ˆâ–ˆâ–ˆâ–  | 82/115 [00:12<00:04,  6.78it/s]
 72%|â–ˆâ–ˆâ–ˆâ–ˆâ–ˆâ–ˆâ–ˆâ–  | 83/115 [00:12<00:04,  6.76it/s]
 73%|â–ˆâ–ˆâ–ˆâ–ˆâ–ˆâ–ˆâ–ˆâ–Ž  | 84/115 [00:12<00:04,  6.83it/s]
 74%|â–ˆâ–ˆâ–ˆâ–ˆâ–ˆâ–ˆâ–ˆâ–  | 85/115 [00:13<00:04,  6.90it/s]
 75%|â–ˆâ–ˆâ–ˆâ–ˆâ–ˆâ–ˆâ–ˆâ–  | 86/115 [00:13<00:04,  6.86it/s]
 76%|â–ˆâ–ˆâ–ˆâ–ˆâ–ˆâ–ˆâ–ˆâ–Œ  | 87/115 [00:13<00:04,  6.71it/s]
 77%|â–ˆâ–ˆâ–ˆâ–ˆâ–ˆâ–ˆâ–ˆâ–‹  | 88/115 [00:13<00:04,  6.55it/s]
 77%|â–ˆâ–ˆâ–ˆâ–ˆâ–ˆâ–ˆâ–ˆâ–‹  | 89/115 [00:13<00:03,  6.55it/s]
 78%|â–ˆâ–ˆâ–ˆâ–ˆâ–ˆâ–ˆâ–ˆâ–Š  | 90/115 [00:13<00:03,  6.45it/s]
 79%|â–ˆâ–ˆâ–ˆâ–ˆâ–ˆâ–ˆâ–ˆâ–‰  | 91/115 [00:13<00:03,  6.56it/s]
 80%|â–ˆâ–ˆâ–ˆâ–ˆâ–ˆâ–ˆâ–ˆâ–ˆ  | 92/115 [00:14<00:03,  6.51it/s]
 81%|â–ˆâ–ˆâ–ˆâ–ˆâ–ˆâ–ˆâ–ˆâ–ˆ  | 93/115 [00:14<00:03,  6.57it/s]
 82%|â–ˆâ–ˆâ–ˆâ–ˆâ–ˆâ–ˆâ–ˆâ–ˆâ– | 94/115 [00:14<00:03,  6.65it/s]
 83%|â–ˆâ–ˆâ–ˆâ–ˆâ–ˆâ–ˆâ–ˆâ–ˆâ–Ž | 95/115 [00:14<00:02,  6.71it/s]
 83%|â–ˆâ–ˆâ–ˆâ–ˆâ–ˆâ–ˆâ–ˆâ–ˆâ–Ž | 96/115 [00:14<00:02,  6.76it/s]
 84%|â–ˆâ–ˆâ–ˆâ–ˆâ–ˆâ–ˆâ–ˆâ–ˆâ– | 97/115 [00:14<00:02,  6.70it/s]
 85%|â–ˆâ–ˆâ–ˆâ–ˆâ–ˆâ–ˆâ–ˆâ–ˆâ–Œ | 98/115 [00:15<00:02,  6.73it/s]
 86%|â–ˆâ–ˆâ–ˆâ–ˆâ–ˆâ–ˆâ–ˆâ–ˆâ–Œ | 99/115 [00:15<00:02,  6.71it/s]
 87%|â–ˆâ–ˆâ–ˆâ–ˆâ–ˆâ–ˆâ–ˆâ–ˆâ–‹ | 100/115 [00:15<00:02,  6.71it/s]
 88%|â–ˆâ–ˆâ–ˆâ–ˆâ–ˆâ–ˆâ–ˆâ–ˆâ–Š | 101/115 [00:15<00:02,  6.46it/s]
 89%|â–ˆâ–ˆâ–ˆâ–ˆâ–ˆâ–ˆâ–ˆâ–ˆâ–Š | 102/115 [00:15<00:01,  6.54it/s]
 90%|â–ˆâ–ˆâ–ˆâ–ˆâ–ˆâ–ˆâ–ˆâ–ˆâ–‰ | 103/115 [00:15<00:01,  6.52it/s]
 90%|â–ˆâ–ˆâ–ˆâ–ˆâ–ˆâ–ˆâ–ˆâ–ˆâ–ˆ | 104/115 [00:15<00:01,  6.54it/s]
 91%|â–ˆâ–ˆâ–ˆâ–ˆâ–ˆâ–ˆâ–ˆâ–ˆâ–ˆâ–| 105/115 [00:16<00:01,  6.77it/s]
 92%|â–ˆâ–ˆâ–ˆâ–ˆâ–ˆâ–ˆâ–ˆâ–ˆâ–ˆâ–| 106/115 [00:16<00:01,  6.66it/s]
 93%|â–ˆâ–ˆâ–ˆâ–ˆâ–ˆâ–ˆâ–ˆâ–ˆâ–ˆâ–Ž| 107/115 [00:16<00:01,  6.74it/s]
 94%|â–ˆâ–ˆâ–ˆâ–ˆâ–ˆâ–ˆâ–ˆâ–ˆâ–ˆâ–| 108/115 [00:16<00:01,  6.60it/s]
 95%|â–ˆâ–ˆâ–ˆâ–ˆâ–ˆâ–ˆâ–ˆâ–ˆâ–ˆâ–| 109/115 [00:16<00:00,  6.44it/s]
 96%|â–ˆâ–ˆâ–ˆâ–ˆâ–ˆâ–ˆâ–ˆâ–ˆâ–ˆâ–Œ| 110/115 [00:16<00:00,  6.46it/s]
 97%|â–ˆâ–ˆâ–ˆâ–ˆâ–ˆâ–ˆâ–ˆâ–ˆâ–ˆâ–‹| 111/115 [00:17<00:00,  6.57it/s]
 97%|â–ˆâ–ˆâ–ˆâ–ˆâ–ˆâ–ˆâ–ˆâ–ˆâ–ˆâ–‹| 112/115 [00:17<00:00,  6.69it/s]
 98%|â–ˆâ–ˆâ–ˆâ–ˆâ–ˆâ–ˆâ–ˆâ–ˆâ–ˆâ–Š| 113/115 [00:17<00:00,  6.72it/s]
 99%|â–ˆâ–ˆâ–ˆâ–ˆâ–ˆâ–ˆâ–ˆâ–ˆâ–ˆâ–‰| 114/115 [00:17<00:00,  6.76it/s]
100%|â–ˆâ–ˆâ–ˆâ–ˆâ–ˆâ–ˆâ–ˆâ–ˆâ–ˆâ–ˆ| 115/115 [00:17<00:00,  6.90it/s]
100%|â–ˆâ–ˆâ–ˆâ–ˆâ–ˆâ–ˆâ–ˆâ–ˆâ–ˆâ–ˆ| 115/115 [00:17<00:00,  6.54it/s]

  0%|          | 0/13 [00:00<?, ?it/s]
 15%|â–ˆâ–Œ        | 2/13 [00:00<00:00, 13.86it/s]
 31%|â–ˆâ–ˆâ–ˆ       | 4/13 [00:00<00:00, 14.10it/s]
 46%|â–ˆâ–ˆâ–ˆâ–ˆâ–Œ     | 6/13 [00:00<00:00, 14.18it/s]
 62%|â–ˆâ–ˆâ–ˆâ–ˆâ–ˆâ–ˆâ–   | 8/13 [00:00<00:00, 14.25it/s]
 77%|â–ˆâ–ˆâ–ˆâ–ˆâ–ˆâ–ˆâ–ˆâ–‹  | 10/13 [00:00<00:00, 14.48it/s]
 92%|â–ˆâ–ˆâ–ˆâ–ˆâ–ˆâ–ˆâ–ˆâ–ˆâ–ˆâ–| 12/13 [00:00<00:00, 14.52it/s]
100%|â–ˆâ–ˆâ–ˆâ–ˆâ–ˆâ–ˆâ–ˆâ–ˆâ–ˆâ–ˆ| 13/13 [00:00<00:00, 14.55it/s]
epoch 3: {'accuracy': 0.8872549019607843, 'f1': 0.9198606271777003} [32m, current_best_acc:[0m 0.8872549019607843 train_loss: 61.114356994628906

  0%|          | 0/115 [00:00<?, ?it/s]
  1%|          | 1/115 [00:00<00:14,  7.63it/s]
  2%|â–         | 2/115 [00:00<00:15,  7.33it/s]
  3%|â–Ž         | 3/115 [00:00<00:14,  7.49it/s]
  3%|â–Ž         | 4/115 [00:00<00:15,  7.25it/s]
  4%|â–         | 5/115 [00:00<00:15,  7.03it/s]
  5%|â–Œ         | 6/115 [00:00<00:15,  6.97it/s]
  6%|â–Œ         | 7/115 [00:00<00:15,  7.02it/s]
  7%|â–‹         | 8/115 [00:01<00:15,  6.93it/s]
  8%|â–Š         | 9/115 [00:01<00:15,  6.83it/s]
  9%|â–Š         | 10/115 [00:01<00:15,  6.77it/s]
 10%|â–‰         | 11/115 [00:01<00:15,  6.75it/s]
 10%|â–ˆ         | 12/115 [00:01<00:15,  6.74it/s]
 11%|â–ˆâ–        | 13/115 [00:01<00:15,  6.70it/s]
 12%|â–ˆâ–        | 14/115 [00:02<00:14,  6.80it/s]
 13%|â–ˆâ–Ž        | 15/115 [00:02<00:14,  6.75it/s]
 14%|â–ˆâ–        | 16/115 [00:02<00:14,  6.85it/s]
 15%|â–ˆâ–        | 17/115 [00:02<00:14,  6.83it/s]
 16%|â–ˆâ–Œ        | 18/115 [00:02<00:14,  6.75it/s]
 17%|â–ˆâ–‹        | 19/115 [00:02<00:14,  6.72it/s]
 17%|â–ˆâ–‹        | 20/115 [00:02<00:14,  6.74it/s]
 18%|â–ˆâ–Š        | 21/115 [00:03<00:13,  6.77it/s]
 19%|â–ˆâ–‰        | 22/115 [00:03<00:13,  6.86it/s]
 20%|â–ˆâ–ˆ        | 23/115 [00:03<00:13,  6.90it/s]
 21%|â–ˆâ–ˆ        | 24/115 [00:03<00:13,  6.87it/s]
 22%|â–ˆâ–ˆâ–       | 25/115 [00:03<00:13,  6.74it/s]
 23%|â–ˆâ–ˆâ–Ž       | 26/115 [00:03<00:13,  6.50it/s]
 23%|â–ˆâ–ˆâ–Ž       | 27/115 [00:03<00:13,  6.32it/s]
 24%|â–ˆâ–ˆâ–       | 28/115 [00:04<00:13,  6.48it/s]
 25%|â–ˆâ–ˆâ–Œ       | 29/115 [00:04<00:12,  6.62it/s]
 26%|â–ˆâ–ˆâ–Œ       | 30/115 [00:04<00:12,  6.78it/s]
 27%|â–ˆâ–ˆâ–‹       | 31/115 [00:04<00:12,  6.77it/s]
 28%|â–ˆâ–ˆâ–Š       | 32/115 [00:04<00:12,  6.57it/s]
 29%|â–ˆâ–ˆâ–Š       | 33/115 [00:04<00:12,  6.52it/s]
 30%|â–ˆâ–ˆâ–‰       | 34/115 [00:05<00:12,  6.60it/s]
 30%|â–ˆâ–ˆâ–ˆ       | 35/115 [00:05<00:12,  6.64it/s]
 31%|â–ˆâ–ˆâ–ˆâ–      | 36/115 [00:05<00:11,  6.65it/s]
 32%|â–ˆâ–ˆâ–ˆâ–      | 37/115 [00:05<00:11,  6.63it/s]
 33%|â–ˆâ–ˆâ–ˆâ–Ž      | 38/115 [00:05<00:11,  6.69it/s]
 34%|â–ˆâ–ˆâ–ˆâ–      | 39/115 [00:05<00:11,  6.72it/s]
 35%|â–ˆâ–ˆâ–ˆâ–      | 40/115 [00:05<00:11,  6.77it/s]
 36%|â–ˆâ–ˆâ–ˆâ–Œ      | 41/115 [00:06<00:10,  6.81it/s]
 37%|â–ˆâ–ˆâ–ˆâ–‹      | 42/115 [00:06<00:10,  6.82it/s]
 37%|â–ˆâ–ˆâ–ˆâ–‹      | 43/115 [00:06<00:10,  6.86it/s]
 38%|â–ˆâ–ˆâ–ˆâ–Š      | 44/115 [00:06<00:10,  6.88it/s]
 39%|â–ˆâ–ˆâ–ˆâ–‰      | 45/115 [00:06<00:10,  6.84it/s]
 40%|â–ˆâ–ˆâ–ˆâ–ˆ      | 46/115 [00:06<00:10,  6.86it/s]
 41%|â–ˆâ–ˆâ–ˆâ–ˆ      | 47/115 [00:06<00:09,  6.86it/s]
 42%|â–ˆâ–ˆâ–ˆâ–ˆâ–     | 48/115 [00:07<00:09,  6.81it/s]
 43%|â–ˆâ–ˆâ–ˆâ–ˆâ–Ž     | 49/115 [00:07<00:09,  6.77it/s]
 43%|â–ˆâ–ˆâ–ˆâ–ˆâ–Ž     | 50/115 [00:07<00:09,  6.57it/s]
 44%|â–ˆâ–ˆâ–ˆâ–ˆâ–     | 51/115 [00:07<00:10,  6.31it/s]
 45%|â–ˆâ–ˆâ–ˆâ–ˆâ–Œ     | 52/115 [00:07<00:10,  6.30it/s]
 46%|â–ˆâ–ˆâ–ˆâ–ˆâ–Œ     | 53/115 [00:07<00:09,  6.35it/s]
 47%|â–ˆâ–ˆâ–ˆâ–ˆâ–‹     | 54/115 [00:08<00:09,  6.33it/s]
 48%|â–ˆâ–ˆâ–ˆâ–ˆâ–Š     | 55/115 [00:08<00:10,  5.93it/s]
 49%|â–ˆâ–ˆâ–ˆâ–ˆâ–Š     | 56/115 [00:08<00:09,  5.92it/s]
 50%|â–ˆâ–ˆâ–ˆâ–ˆâ–‰     | 57/115 [00:08<00:09,  6.02it/s]
 50%|â–ˆâ–ˆâ–ˆâ–ˆâ–ˆ     | 58/115 [00:08<00:09,  6.26it/s]
 51%|â–ˆâ–ˆâ–ˆâ–ˆâ–ˆâ–    | 59/115 [00:08<00:08,  6.45it/s]
 52%|â–ˆâ–ˆâ–ˆâ–ˆâ–ˆâ–    | 60/115 [00:08<00:08,  6.49it/s]
 53%|â–ˆâ–ˆâ–ˆâ–ˆâ–ˆâ–Ž    | 61/115 [00:09<00:08,  6.04it/s]
 54%|â–ˆâ–ˆâ–ˆâ–ˆâ–ˆâ–    | 62/115 [00:09<00:08,  6.19it/s]
 55%|â–ˆâ–ˆâ–ˆâ–ˆâ–ˆâ–    | 63/115 [00:09<00:08,  6.40it/s]
 56%|â–ˆâ–ˆâ–ˆâ–ˆâ–ˆâ–Œ    | 64/115 [00:09<00:07,  6.52it/s]
 57%|â–ˆâ–ˆâ–ˆâ–ˆâ–ˆâ–‹    | 65/115 [00:09<00:07,  6.61it/s]
 57%|â–ˆâ–ˆâ–ˆâ–ˆâ–ˆâ–‹    | 66/115 [00:09<00:07,  6.59it/s]
 58%|â–ˆâ–ˆâ–ˆâ–ˆâ–ˆâ–Š    | 67/115 [00:10<00:07,  6.58it/s]
 59%|â–ˆâ–ˆâ–ˆâ–ˆâ–ˆâ–‰    | 68/115 [00:10<00:07,  6.64it/s]
 60%|â–ˆâ–ˆâ–ˆâ–ˆâ–ˆâ–ˆ    | 69/115 [00:10<00:06,  6.70it/s]
 61%|â–ˆâ–ˆâ–ˆâ–ˆâ–ˆâ–ˆ    | 70/115 [00:10<00:06,  6.71it/s]
 62%|â–ˆâ–ˆâ–ˆâ–ˆâ–ˆâ–ˆâ–   | 71/115 [00:10<00:06,  6.66it/s]
 63%|â–ˆâ–ˆâ–ˆâ–ˆâ–ˆâ–ˆâ–Ž   | 72/115 [00:10<00:06,  6.70it/s]
 63%|â–ˆâ–ˆâ–ˆâ–ˆâ–ˆâ–ˆâ–Ž   | 73/115 [00:10<00:06,  6.77it/s]
 64%|â–ˆâ–ˆâ–ˆâ–ˆâ–ˆâ–ˆâ–   | 74/115 [00:11<00:05,  6.88it/s]
 65%|â–ˆâ–ˆâ–ˆâ–ˆâ–ˆâ–ˆâ–Œ   | 75/115 [00:11<00:05,  6.81it/s]
 66%|â–ˆâ–ˆâ–ˆâ–ˆâ–ˆâ–ˆâ–Œ   | 76/115 [00:11<00:05,  6.73it/s]
 67%|â–ˆâ–ˆâ–ˆâ–ˆâ–ˆâ–ˆâ–‹   | 77/115 [00:11<00:05,  6.64it/s]
 68%|â–ˆâ–ˆâ–ˆâ–ˆâ–ˆâ–ˆâ–Š   | 78/115 [00:11<00:05,  6.42it/s]
 69%|â–ˆâ–ˆâ–ˆâ–ˆâ–ˆâ–ˆâ–Š   | 79/115 [00:11<00:05,  6.30it/s]
 70%|â–ˆâ–ˆâ–ˆâ–ˆâ–ˆâ–ˆâ–‰   | 80/115 [00:12<00:05,  6.43it/s]
 70%|â–ˆâ–ˆâ–ˆâ–ˆâ–ˆâ–ˆâ–ˆ   | 81/115 [00:12<00:05,  6.61it/s]
 71%|â–ˆâ–ˆâ–ˆâ–ˆâ–ˆâ–ˆâ–ˆâ–  | 82/115 [00:12<00:04,  6.63it/s]
 72%|â–ˆâ–ˆâ–ˆâ–ˆâ–ˆâ–ˆâ–ˆâ–  | 83/115 [00:12<00:04,  6.67it/s]
 73%|â–ˆâ–ˆâ–ˆâ–ˆâ–ˆâ–ˆâ–ˆâ–Ž  | 84/115 [00:12<00:04,  6.80it/s]
 74%|â–ˆâ–ˆâ–ˆâ–ˆâ–ˆâ–ˆâ–ˆâ–  | 85/115 [00:12<00:04,  6.73it/s]
 75%|â–ˆâ–ˆâ–ˆâ–ˆâ–ˆâ–ˆâ–ˆâ–  | 86/115 [00:12<00:04,  6.78it/s]
 76%|â–ˆâ–ˆâ–ˆâ–ˆâ–ˆâ–ˆâ–ˆâ–Œ  | 87/115 [00:13<00:04,  6.68it/s]
 77%|â–ˆâ–ˆâ–ˆâ–ˆâ–ˆâ–ˆâ–ˆâ–‹  | 88/115 [00:13<00:04,  6.58it/s]
 77%|â–ˆâ–ˆâ–ˆâ–ˆâ–ˆâ–ˆâ–ˆâ–‹  | 89/115 [00:13<00:04,  6.48it/s]
 78%|â–ˆâ–ˆâ–ˆâ–ˆâ–ˆâ–ˆâ–ˆâ–Š  | 90/115 [00:13<00:03,  6.27it/s]
 79%|â–ˆâ–ˆâ–ˆâ–ˆâ–ˆâ–ˆâ–ˆâ–‰  | 91/115 [00:13<00:03,  6.05it/s]
 80%|â–ˆâ–ˆâ–ˆâ–ˆâ–ˆâ–ˆâ–ˆâ–ˆ  | 92/115 [00:13<00:03,  6.04it/s]
 81%|â–ˆâ–ˆâ–ˆâ–ˆâ–ˆâ–ˆâ–ˆâ–ˆ  | 93/115 [00:14<00:03,  6.04it/s]
 82%|â–ˆâ–ˆâ–ˆâ–ˆâ–ˆâ–ˆâ–ˆâ–ˆâ– | 94/115 [00:14<00:03,  6.18it/s]
 83%|â–ˆâ–ˆâ–ˆâ–ˆâ–ˆâ–ˆâ–ˆâ–ˆâ–Ž | 95/115 [00:14<00:03,  6.33it/s]
 83%|â–ˆâ–ˆâ–ˆâ–ˆâ–ˆâ–ˆâ–ˆâ–ˆâ–Ž | 96/115 [00:14<00:03,  6.20it/s]
 84%|â–ˆâ–ˆâ–ˆâ–ˆâ–ˆâ–ˆâ–ˆâ–ˆâ– | 97/115 [00:14<00:02,  6.43it/s]
 85%|â–ˆâ–ˆâ–ˆâ–ˆâ–ˆâ–ˆâ–ˆâ–ˆâ–Œ | 98/115 [00:14<00:02,  6.63it/s]
 86%|â–ˆâ–ˆâ–ˆâ–ˆâ–ˆâ–ˆâ–ˆâ–ˆâ–Œ | 99/115 [00:14<00:02,  6.62it/s]
 87%|â–ˆâ–ˆâ–ˆâ–ˆâ–ˆâ–ˆâ–ˆâ–ˆâ–‹ | 100/115 [00:15<00:02,  6.53it/s]
 88%|â–ˆâ–ˆâ–ˆâ–ˆâ–ˆâ–ˆâ–ˆâ–ˆâ–Š | 101/115 [00:15<00:02,  6.47it/s]
 89%|â–ˆâ–ˆâ–ˆâ–ˆâ–ˆâ–ˆâ–ˆâ–ˆâ–Š | 102/115 [00:15<00:02,  6.39it/s]
 90%|â–ˆâ–ˆâ–ˆâ–ˆâ–ˆâ–ˆâ–ˆâ–ˆâ–‰ | 103/115 [00:15<00:01,  6.51it/s]
 90%|â–ˆâ–ˆâ–ˆâ–ˆâ–ˆâ–ˆâ–ˆâ–ˆâ–ˆ | 104/115 [00:15<00:01,  6.56it/s]
 91%|â–ˆâ–ˆâ–ˆâ–ˆâ–ˆâ–ˆâ–ˆâ–ˆâ–ˆâ–| 105/115 [00:15<00:01,  6.79it/s]
 92%|â–ˆâ–ˆâ–ˆâ–ˆâ–ˆâ–ˆâ–ˆâ–ˆâ–ˆâ–| 106/115 [00:16<00:01,  6.77it/s]
 93%|â–ˆâ–ˆâ–ˆâ–ˆâ–ˆâ–ˆâ–ˆâ–ˆâ–ˆâ–Ž| 107/115 [00:16<00:01,  6.73it/s]
 94%|â–ˆâ–ˆâ–ˆâ–ˆâ–ˆâ–ˆâ–ˆâ–ˆâ–ˆâ–| 108/115 [00:16<00:01,  6.62it/s]
 95%|â–ˆâ–ˆâ–ˆâ–ˆâ–ˆâ–ˆâ–ˆâ–ˆâ–ˆâ–| 109/115 [00:16<00:00,  6.51it/s]
 96%|â–ˆâ–ˆâ–ˆâ–ˆâ–ˆâ–ˆâ–ˆâ–ˆâ–ˆâ–Œ| 110/115 [00:16<00:00,  6.57it/s]
 97%|â–ˆâ–ˆâ–ˆâ–ˆâ–ˆâ–ˆâ–ˆâ–ˆâ–ˆâ–‹| 111/115 [00:16<00:00,  6.68it/s]
 97%|â–ˆâ–ˆâ–ˆâ–ˆâ–ˆâ–ˆâ–ˆâ–ˆâ–ˆâ–‹| 112/115 [00:16<00:00,  6.59it/s]
 98%|â–ˆâ–ˆâ–ˆâ–ˆâ–ˆâ–ˆâ–ˆâ–ˆâ–ˆâ–Š| 113/115 [00:17<00:00,  6.52it/s]
 99%|â–ˆâ–ˆâ–ˆâ–ˆâ–ˆâ–ˆâ–ˆâ–ˆâ–ˆâ–‰| 114/115 [00:17<00:00,  6.52it/s]
100%|â–ˆâ–ˆâ–ˆâ–ˆâ–ˆâ–ˆâ–ˆâ–ˆâ–ˆâ–ˆ| 115/115 [00:17<00:00,  6.68it/s]
100%|â–ˆâ–ˆâ–ˆâ–ˆâ–ˆâ–ˆâ–ˆâ–ˆâ–ˆâ–ˆ| 115/115 [00:17<00:00,  6.60it/s]

  0%|          | 0/13 [00:00<?, ?it/s]
 15%|â–ˆâ–Œ        | 2/13 [00:00<00:00, 14.55it/s]
 31%|â–ˆâ–ˆâ–ˆ       | 4/13 [00:00<00:00, 14.45it/s]
 46%|â–ˆâ–ˆâ–ˆâ–ˆâ–Œ     | 6/13 [00:00<00:00, 14.20it/s]
 62%|â–ˆâ–ˆâ–ˆâ–ˆâ–ˆâ–ˆâ–   | 8/13 [00:00<00:00, 13.39it/s]
 77%|â–ˆâ–ˆâ–ˆâ–ˆâ–ˆâ–ˆâ–ˆâ–‹  | 10/13 [00:00<00:00, 13.37it/s]
 92%|â–ˆâ–ˆâ–ˆâ–ˆâ–ˆâ–ˆâ–ˆâ–ˆâ–ˆâ–| 12/13 [00:00<00:00, 13.40it/s]
100%|â–ˆâ–ˆâ–ˆâ–ˆâ–ˆâ–ˆâ–ˆâ–ˆâ–ˆâ–ˆ| 13/13 [00:00<00:00, 13.78it/s]
epoch 4: {'accuracy': 0.8872549019607843, 'f1': 0.9195804195804196} [32m, current_best_acc:[0m 0.8872549019607843 train_loss: 60.91087341308594

  0%|          | 0/115 [00:00<?, ?it/s]
  1%|          | 1/115 [00:00<00:15,  7.42it/s]
  2%|â–         | 2/115 [00:00<00:16,  6.98it/s]
  3%|â–Ž         | 3/115 [00:00<00:15,  7.32it/s]
  3%|â–Ž         | 4/115 [00:00<00:16,  6.93it/s]
  4%|â–         | 5/115 [00:00<00:16,  6.82it/s]
  5%|â–Œ         | 6/115 [00:00<00:16,  6.67it/s]
  6%|â–Œ         | 7/115 [00:01<00:16,  6.46it/s]
  7%|â–‹         | 8/115 [00:01<00:16,  6.38it/s]
  8%|â–Š         | 9/115 [00:01<00:16,  6.27it/s]
  9%|â–Š         | 10/115 [00:01<00:16,  6.25it/s]
 10%|â–‰         | 11/115 [00:01<00:16,  6.38it/s]
 10%|â–ˆ         | 12/115 [00:01<00:16,  6.42it/s]
 11%|â–ˆâ–        | 13/115 [00:01<00:15,  6.59it/s]
 12%|â–ˆâ–        | 14/115 [00:02<00:15,  6.72it/s]
 13%|â–ˆâ–Ž        | 15/115 [00:02<00:14,  6.67it/s]
 14%|â–ˆâ–        | 16/115 [00:02<00:14,  6.68it/s]
 15%|â–ˆâ–        | 17/115 [00:02<00:14,  6.67it/s]
 16%|â–ˆâ–Œ        | 18/115 [00:02<00:14,  6.51it/s]
 17%|â–ˆâ–‹        | 19/115 [00:02<00:14,  6.51it/s]
 17%|â–ˆâ–‹        | 20/115 [00:03<00:14,  6.47it/s]
 18%|â–ˆâ–Š        | 21/115 [00:03<00:14,  6.49it/s]
 19%|â–ˆâ–‰        | 22/115 [00:03<00:14,  6.62it/s]
 20%|â–ˆâ–ˆ        | 23/115 [00:03<00:14,  6.52it/s]
 21%|â–ˆâ–ˆ        | 24/115 [00:03<00:13,  6.51it/s]
 22%|â–ˆâ–ˆâ–       | 25/115 [00:03<00:13,  6.51it/s]
 23%|â–ˆâ–ˆâ–Ž       | 26/115 [00:03<00:13,  6.48it/s]
 23%|â–ˆâ–ˆâ–Ž       | 27/115 [00:04<00:13,  6.53it/s]
 24%|â–ˆâ–ˆâ–       | 28/115 [00:04<00:13,  6.51it/s]
 25%|â–ˆâ–ˆâ–Œ       | 29/115 [00:04<00:13,  6.56it/s]
 26%|â–ˆâ–ˆâ–Œ       | 30/115 [00:04<00:12,  6.63it/s]
 27%|â–ˆâ–ˆâ–‹       | 31/115 [00:04<00:12,  6.64it/s]
 28%|â–ˆâ–ˆâ–Š       | 32/115 [00:04<00:12,  6.79it/s]
 29%|â–ˆâ–ˆâ–Š       | 33/115 [00:05<00:12,  6.77it/s]
 30%|â–ˆâ–ˆâ–‰       | 34/115 [00:05<00:11,  6.81it/s]
 30%|â–ˆâ–ˆâ–ˆ       | 35/115 [00:05<00:11,  6.83it/s]
 31%|â–ˆâ–ˆâ–ˆâ–      | 36/115 [00:05<00:11,  6.69it/s]
 32%|â–ˆâ–ˆâ–ˆâ–      | 37/115 [00:05<00:11,  6.63it/s]
 33%|â–ˆâ–ˆâ–ˆâ–Ž      | 38/115 [00:05<00:11,  6.47it/s]
 34%|â–ˆâ–ˆâ–ˆâ–      | 39/115 [00:05<00:11,  6.46it/s]
 35%|â–ˆâ–ˆâ–ˆâ–      | 40/115 [00:06<00:11,  6.48it/s]
 36%|â–ˆâ–ˆâ–ˆâ–Œ      | 41/115 [00:06<00:11,  6.33it/s]
 37%|â–ˆâ–ˆâ–ˆâ–‹      | 42/115 [00:06<00:11,  6.42it/s]
 37%|â–ˆâ–ˆâ–ˆâ–‹      | 43/115 [00:06<00:11,  6.53it/s]
 38%|â–ˆâ–ˆâ–ˆâ–Š      | 44/115 [00:06<00:10,  6.50it/s]
 39%|â–ˆâ–ˆâ–ˆâ–‰      | 45/115 [00:06<00:10,  6.58it/s]
 40%|â–ˆâ–ˆâ–ˆâ–ˆ      | 46/115 [00:06<00:10,  6.58it/s]
 41%|â–ˆâ–ˆâ–ˆâ–ˆ      | 47/115 [00:07<00:10,  6.44it/s]
 42%|â–ˆâ–ˆâ–ˆâ–ˆâ–     | 48/115 [00:07<00:10,  6.57it/s]
 43%|â–ˆâ–ˆâ–ˆâ–ˆâ–Ž     | 49/115 [00:07<00:10,  6.53it/s]
 43%|â–ˆâ–ˆâ–ˆâ–ˆâ–Ž     | 50/115 [00:07<00:10,  6.42it/s]
 44%|â–ˆâ–ˆâ–ˆâ–ˆâ–     | 51/115 [00:07<00:10,  6.37it/s]
 45%|â–ˆâ–ˆâ–ˆâ–ˆâ–Œ     | 52/115 [00:07<00:09,  6.40it/s]
 46%|â–ˆâ–ˆâ–ˆâ–ˆâ–Œ     | 53/115 [00:08<00:09,  6.53it/s]
 47%|â–ˆâ–ˆâ–ˆâ–ˆâ–‹     | 54/115 [00:08<00:09,  6.55it/s]
 48%|â–ˆâ–ˆâ–ˆâ–ˆâ–Š     | 55/115 [00:08<00:09,  6.53it/s]
 49%|â–ˆâ–ˆâ–ˆâ–ˆâ–Š     | 56/115 [00:08<00:08,  6.65it/s]
 50%|â–ˆâ–ˆâ–ˆâ–ˆâ–‰     | 57/115 [00:08<00:08,  6.67it/s]
 50%|â–ˆâ–ˆâ–ˆâ–ˆâ–ˆ     | 58/115 [00:08<00:08,  6.67it/s]
 51%|â–ˆâ–ˆâ–ˆâ–ˆâ–ˆâ–    | 59/115 [00:08<00:08,  6.68it/s]
 52%|â–ˆâ–ˆâ–ˆâ–ˆâ–ˆâ–    | 60/115 [00:09<00:08,  6.51it/s]
 53%|â–ˆâ–ˆâ–ˆâ–ˆâ–ˆâ–Ž    | 61/115 [00:09<00:08,  6.54it/s]
 54%|â–ˆâ–ˆâ–ˆâ–ˆâ–ˆâ–    | 62/115 [00:09<00:08,  6.53it/s]
 55%|â–ˆâ–ˆâ–ˆâ–ˆâ–ˆâ–    | 63/115 [00:09<00:07,  6.60it/s]
 56%|â–ˆâ–ˆâ–ˆâ–ˆâ–ˆâ–Œ    | 64/115 [00:09<00:07,  6.62it/s]
 57%|â–ˆâ–ˆâ–ˆâ–ˆâ–ˆâ–‹    | 65/115 [00:09<00:07,  6.58it/s]
 57%|â–ˆâ–ˆâ–ˆâ–ˆâ–ˆâ–‹    | 66/115 [00:10<00:07,  6.71it/s]
 58%|â–ˆâ–ˆâ–ˆâ–ˆâ–ˆâ–Š    | 67/115 [00:10<00:07,  6.69it/s]
 59%|â–ˆâ–ˆâ–ˆâ–ˆâ–ˆâ–‰    | 68/115 [00:10<00:06,  6.73it/s]
 60%|â–ˆâ–ˆâ–ˆâ–ˆâ–ˆâ–ˆ    | 69/115 [00:10<00:06,  6.79it/s]
 61%|â–ˆâ–ˆâ–ˆâ–ˆâ–ˆâ–ˆ    | 70/115 [00:10<00:06,  6.55it/s]
 62%|â–ˆâ–ˆâ–ˆâ–ˆâ–ˆâ–ˆâ–   | 71/115 [00:10<00:06,  6.41it/s]
 63%|â–ˆâ–ˆâ–ˆâ–ˆâ–ˆâ–ˆâ–Ž   | 72/115 [00:10<00:06,  6.58it/s]
 63%|â–ˆâ–ˆâ–ˆâ–ˆâ–ˆâ–ˆâ–Ž   | 73/115 [00:11<00:06,  6.52it/s]
 64%|â–ˆâ–ˆâ–ˆâ–ˆâ–ˆâ–ˆâ–   | 74/115 [00:11<00:06,  6.58it/s]
 65%|â–ˆâ–ˆâ–ˆâ–ˆâ–ˆâ–ˆâ–Œ   | 75/115 [00:11<00:06,  6.53it/s]
 66%|â–ˆâ–ˆâ–ˆâ–ˆâ–ˆâ–ˆâ–Œ   | 76/115 [00:11<00:06,  6.49it/s]
 67%|â–ˆâ–ˆâ–ˆâ–ˆâ–ˆâ–ˆâ–‹   | 77/115 [00:11<00:05,  6.61it/s]
 68%|â–ˆâ–ˆâ–ˆâ–ˆâ–ˆâ–ˆâ–Š   | 78/115 [00:11<00:06,  5.71it/s]
 69%|â–ˆâ–ˆâ–ˆâ–ˆâ–ˆâ–ˆâ–Š   | 79/115 [00:12<00:06,  5.94it/s]
 70%|â–ˆâ–ˆâ–ˆâ–ˆâ–ˆâ–ˆâ–‰   | 80/115 [00:12<00:05,  6.30it/s]
 70%|â–ˆâ–ˆâ–ˆâ–ˆâ–ˆâ–ˆâ–ˆ   | 81/115 [00:12<00:05,  6.44it/s]
 71%|â–ˆâ–ˆâ–ˆâ–ˆâ–ˆâ–ˆâ–ˆâ–  | 82/115 [00:12<00:05,  6.58it/s]
 72%|â–ˆâ–ˆâ–ˆâ–ˆâ–ˆâ–ˆâ–ˆâ–  | 83/115 [00:12<00:04,  6.80it/s]
 73%|â–ˆâ–ˆâ–ˆâ–ˆâ–ˆâ–ˆâ–ˆâ–Ž  | 84/115 [00:12<00:04,  6.56it/s]
 74%|â–ˆâ–ˆâ–ˆâ–ˆâ–ˆâ–ˆâ–ˆâ–  | 85/115 [00:12<00:04,  6.54it/s]
 75%|â–ˆâ–ˆâ–ˆâ–ˆâ–ˆâ–ˆâ–ˆâ–  | 86/115 [00:13<00:04,  6.44it/s]
 76%|â–ˆâ–ˆâ–ˆâ–ˆâ–ˆâ–ˆâ–ˆâ–Œ  | 87/115 [00:13<00:04,  6.42it/s]
 77%|â–ˆâ–ˆâ–ˆâ–ˆâ–ˆâ–ˆâ–ˆâ–‹  | 88/115 [00:13<00:04,  6.39it/s]
 77%|â–ˆâ–ˆâ–ˆâ–ˆâ–ˆâ–ˆâ–ˆâ–‹  | 89/115 [00:13<00:04,  6.37it/s]
 78%|â–ˆâ–ˆâ–ˆâ–ˆâ–ˆâ–ˆâ–ˆâ–Š  | 90/115 [00:13<00:03,  6.49it/s]
 79%|â–ˆâ–ˆâ–ˆâ–ˆâ–ˆâ–ˆâ–ˆâ–‰  | 91/115 [00:14<00:04,  5.35it/s]
 80%|â–ˆâ–ˆâ–ˆâ–ˆâ–ˆâ–ˆâ–ˆâ–ˆ  | 92/115 [00:14<00:04,  5.74it/s]
 81%|â–ˆâ–ˆâ–ˆâ–ˆâ–ˆâ–ˆâ–ˆâ–ˆ  | 93/115 [00:14<00:03,  6.02it/s]
 82%|â–ˆâ–ˆâ–ˆâ–ˆâ–ˆâ–ˆâ–ˆâ–ˆâ– | 94/115 [00:14<00:03,  6.22it/s]
 83%|â–ˆâ–ˆâ–ˆâ–ˆâ–ˆâ–ˆâ–ˆâ–ˆâ–Ž | 95/115 [00:14<00:03,  6.25it/s]
 83%|â–ˆâ–ˆâ–ˆâ–ˆâ–ˆâ–ˆâ–ˆâ–ˆâ–Ž | 96/115 [00:14<00:03,  6.27it/s]
 84%|â–ˆâ–ˆâ–ˆâ–ˆâ–ˆâ–ˆâ–ˆâ–ˆâ– | 97/115 [00:14<00:02,  6.41it/s]
 85%|â–ˆâ–ˆâ–ˆâ–ˆâ–ˆâ–ˆâ–ˆâ–ˆâ–Œ | 98/115 [00:15<00:02,  6.41it/s]
 86%|â–ˆâ–ˆâ–ˆâ–ˆâ–ˆâ–ˆâ–ˆâ–ˆâ–Œ | 99/115 [00:15<00:02,  6.52it/s]
 87%|â–ˆâ–ˆâ–ˆâ–ˆâ–ˆâ–ˆâ–ˆâ–ˆâ–‹ | 100/115 [00:15<00:02,  6.52it/s]
 88%|â–ˆâ–ˆâ–ˆâ–ˆâ–ˆâ–ˆâ–ˆâ–ˆâ–Š | 101/115 [00:15<00:02,  6.45it/s]
 89%|â–ˆâ–ˆâ–ˆâ–ˆâ–ˆâ–ˆâ–ˆâ–ˆâ–Š | 102/115 [00:15<00:01,  6.58it/s]
 90%|â–ˆâ–ˆâ–ˆâ–ˆâ–ˆâ–ˆâ–ˆâ–ˆâ–‰ | 103/115 [00:15<00:01,  6.41it/s]
 90%|â–ˆâ–ˆâ–ˆâ–ˆâ–ˆâ–ˆâ–ˆâ–ˆâ–ˆ | 104/115 [00:16<00:01,  6.33it/s]
 91%|â–ˆâ–ˆâ–ˆâ–ˆâ–ˆâ–ˆâ–ˆâ–ˆâ–ˆâ–| 105/115 [00:16<00:01,  6.51it/s]
 92%|â–ˆâ–ˆâ–ˆâ–ˆâ–ˆâ–ˆâ–ˆâ–ˆâ–ˆâ–| 106/115 [00:16<00:01,  6.47it/s]
 93%|â–ˆâ–ˆâ–ˆâ–ˆâ–ˆâ–ˆâ–ˆâ–ˆâ–ˆâ–Ž| 107/115 [00:16<00:01,  6.64it/s]
 94%|â–ˆâ–ˆâ–ˆâ–ˆâ–ˆâ–ˆâ–ˆâ–ˆâ–ˆâ–| 108/115 [00:16<00:01,  6.71it/s]
 95%|â–ˆâ–ˆâ–ˆâ–ˆâ–ˆâ–ˆâ–ˆâ–ˆâ–ˆâ–| 109/115 [00:16<00:00,  6.71it/s]
 96%|â–ˆâ–ˆâ–ˆâ–ˆâ–ˆâ–ˆâ–ˆâ–ˆâ–ˆâ–Œ| 110/115 [00:16<00:00,  6.83it/s]
 97%|â–ˆâ–ˆâ–ˆâ–ˆâ–ˆâ–ˆâ–ˆâ–ˆâ–ˆâ–‹| 111/115 [00:17<00:00,  6.59it/s]
 97%|â–ˆâ–ˆâ–ˆâ–ˆâ–ˆâ–ˆâ–ˆâ–ˆâ–ˆâ–‹| 112/115 [00:17<00:00,  6.40it/s]
 98%|â–ˆâ–ˆâ–ˆâ–ˆâ–ˆâ–ˆâ–ˆâ–ˆâ–ˆâ–Š| 113/115 [00:17<00:00,  6.54it/s]
 99%|â–ˆâ–ˆâ–ˆâ–ˆâ–ˆâ–ˆâ–ˆâ–ˆâ–ˆâ–‰| 114/115 [00:17<00:00,  6.51it/s]
100%|â–ˆâ–ˆâ–ˆâ–ˆâ–ˆâ–ˆâ–ˆâ–ˆâ–ˆâ–ˆ| 115/115 [00:17<00:00,  6.76it/s]
100%|â–ˆâ–ˆâ–ˆâ–ˆâ–ˆâ–ˆâ–ˆâ–ˆâ–ˆâ–ˆ| 115/115 [00:17<00:00,  6.51it/s]

  0%|          | 0/13 [00:00<?, ?it/s]
 15%|â–ˆâ–Œ        | 2/13 [00:00<00:00, 13.60it/s]
 31%|â–ˆâ–ˆâ–ˆ       | 4/13 [00:00<00:00, 13.89it/s]
 46%|â–ˆâ–ˆâ–ˆâ–ˆâ–Œ     | 6/13 [00:00<00:00, 13.93it/s]
 62%|â–ˆâ–ˆâ–ˆâ–ˆâ–ˆâ–ˆâ–   | 8/13 [00:00<00:00, 14.10it/s]
 77%|â–ˆâ–ˆâ–ˆâ–ˆâ–ˆâ–ˆâ–ˆâ–‹  | 10/13 [00:00<00:00, 14.26it/s]
 92%|â–ˆâ–ˆâ–ˆâ–ˆâ–ˆâ–ˆâ–ˆâ–ˆâ–ˆâ–| 12/13 [00:00<00:00, 14.16it/s]
100%|â–ˆâ–ˆâ–ˆâ–ˆâ–ˆâ–ˆâ–ˆâ–ˆâ–ˆâ–ˆ| 13/13 [00:00<00:00, 14.26it/s]
epoch 5: {'accuracy': 0.9068627450980392, 'f1': 0.9316546762589928} [32m, current_best_acc:[0m 0.9068627450980392 train_loss: 60.5590934753418

  0%|          | 0/115 [00:00<?, ?it/s]
  1%|          | 1/115 [00:00<00:15,  7.44it/s]
  2%|â–         | 2/115 [00:00<00:16,  6.91it/s]
  3%|â–Ž         | 3/115 [00:00<00:15,  7.16it/s]
  3%|â–Ž         | 4/115 [00:00<00:15,  7.00it/s]
  4%|â–         | 5/115 [00:00<00:15,  6.98it/s]
  5%|â–Œ         | 6/115 [00:00<00:15,  6.92it/s]
  6%|â–Œ         | 7/115 [00:01<00:15,  6.90it/s]
  7%|â–‹         | 8/115 [00:01<00:15,  6.71it/s]
  8%|â–Š         | 9/115 [00:01<00:15,  6.74it/s]
  9%|â–Š         | 10/115 [00:01<00:15,  6.65it/s]
 10%|â–‰         | 11/115 [00:01<00:16,  6.48it/s]
 10%|â–ˆ         | 12/115 [00:01<00:15,  6.60it/s]
 11%|â–ˆâ–        | 13/115 [00:01<00:15,  6.54it/s]
 12%|â–ˆâ–        | 14/115 [00:02<00:15,  6.50it/s]
 13%|â–ˆâ–Ž        | 15/115 [00:02<00:15,  6.58it/s]
 14%|â–ˆâ–        | 16/115 [00:02<00:15,  6.54it/s]
 15%|â–ˆâ–        | 17/115 [00:02<00:14,  6.58it/s]
 16%|â–ˆâ–Œ        | 18/115 [00:02<00:14,  6.62it/s]
 17%|â–ˆâ–‹        | 19/115 [00:02<00:14,  6.60it/s]
 17%|â–ˆâ–‹        | 20/115 [00:03<00:14,  6.39it/s]
 18%|â–ˆâ–Š        | 21/115 [00:03<00:14,  6.31it/s]
 19%|â–ˆâ–‰        | 22/115 [00:03<00:14,  6.28it/s]
 20%|â–ˆâ–ˆ        | 23/115 [00:03<00:14,  6.38it/s]
 21%|â–ˆâ–ˆ        | 24/115 [00:03<00:14,  6.42it/s]
 22%|â–ˆâ–ˆâ–       | 25/115 [00:03<00:14,  6.42it/s]
 23%|â–ˆâ–ˆâ–Ž       | 26/115 [00:03<00:13,  6.55it/s]
 23%|â–ˆâ–ˆâ–Ž       | 27/115 [00:04<00:13,  6.52it/s]
 24%|â–ˆâ–ˆâ–       | 28/115 [00:04<00:13,  6.54it/s]
 25%|â–ˆâ–ˆâ–Œ       | 29/115 [00:04<00:12,  6.72it/s]
 26%|â–ˆâ–ˆâ–Œ       | 30/115 [00:04<00:12,  6.71it/s]
 27%|â–ˆâ–ˆâ–‹       | 31/115 [00:04<00:12,  6.46it/s]
 28%|â–ˆâ–ˆâ–Š       | 32/115 [00:04<00:13,  6.29it/s]
 29%|â–ˆâ–ˆâ–Š       | 33/115 [00:05<00:13,  6.29it/s]
 30%|â–ˆâ–ˆâ–‰       | 34/115 [00:05<00:12,  6.37it/s]
 30%|â–ˆâ–ˆâ–ˆ       | 35/115 [00:05<00:12,  6.52it/s]
 31%|â–ˆâ–ˆâ–ˆâ–      | 36/115 [00:05<00:12,  6.57it/s]
 32%|â–ˆâ–ˆâ–ˆâ–      | 37/115 [00:05<00:11,  6.55it/s]
 33%|â–ˆâ–ˆâ–ˆâ–Ž      | 38/115 [00:05<00:11,  6.64it/s]
 34%|â–ˆâ–ˆâ–ˆâ–      | 39/115 [00:05<00:11,  6.75it/s]
 35%|â–ˆâ–ˆâ–ˆâ–      | 40/115 [00:06<00:11,  6.72it/s]
 36%|â–ˆâ–ˆâ–ˆâ–Œ      | 41/115 [00:06<00:11,  6.62it/s]
 37%|â–ˆâ–ˆâ–ˆâ–‹      | 42/115 [00:06<00:10,  6.66it/s]
 37%|â–ˆâ–ˆâ–ˆâ–‹      | 43/115 [00:06<00:10,  6.75it/s]
 38%|â–ˆâ–ˆâ–ˆâ–Š      | 44/115 [00:06<00:10,  6.81it/s]
 39%|â–ˆâ–ˆâ–ˆâ–‰      | 45/115 [00:06<00:10,  6.77it/s]
 40%|â–ˆâ–ˆâ–ˆâ–ˆ      | 46/115 [00:06<00:10,  6.85it/s]
 41%|â–ˆâ–ˆâ–ˆâ–ˆ      | 47/115 [00:07<00:09,  6.85it/s]
 42%|â–ˆâ–ˆâ–ˆâ–ˆâ–     | 48/115 [00:07<00:09,  6.82it/s]
 43%|â–ˆâ–ˆâ–ˆâ–ˆâ–Ž     | 49/115 [00:07<00:09,  6.83it/s]
 43%|â–ˆâ–ˆâ–ˆâ–ˆâ–Ž     | 50/115 [00:07<00:09,  6.85it/s]
 44%|â–ˆâ–ˆâ–ˆâ–ˆâ–     | 51/115 [00:07<00:09,  6.76it/s]
 45%|â–ˆâ–ˆâ–ˆâ–ˆâ–Œ     | 52/115 [00:07<00:09,  6.57it/s]
 46%|â–ˆâ–ˆâ–ˆâ–ˆâ–Œ     | 53/115 [00:08<00:09,  6.47it/s]
 47%|â–ˆâ–ˆâ–ˆâ–ˆâ–‹     | 54/115 [00:08<00:09,  6.51it/s]
 48%|â–ˆâ–ˆâ–ˆâ–ˆâ–Š     | 55/115 [00:08<00:09,  6.61it/s]
 49%|â–ˆâ–ˆâ–ˆâ–ˆâ–Š     | 56/115 [00:08<00:08,  6.63it/s]
 50%|â–ˆâ–ˆâ–ˆâ–ˆâ–‰     | 57/115 [00:08<00:08,  6.68it/s]
 50%|â–ˆâ–ˆâ–ˆâ–ˆâ–ˆ     | 58/115 [00:08<00:08,  6.69it/s]
 51%|â–ˆâ–ˆâ–ˆâ–ˆâ–ˆâ–    | 59/115 [00:08<00:08,  6.72it/s]
 52%|â–ˆâ–ˆâ–ˆâ–ˆâ–ˆâ–    | 60/115 [00:09<00:08,  6.82it/s]
 53%|â–ˆâ–ˆâ–ˆâ–ˆâ–ˆâ–Ž    | 61/115 [00:09<00:07,  6.82it/s]
 54%|â–ˆâ–ˆâ–ˆâ–ˆâ–ˆâ–    | 62/115 [00:09<00:07,  6.70it/s]
 55%|â–ˆâ–ˆâ–ˆâ–ˆâ–ˆâ–    | 63/115 [00:09<00:07,  6.66it/s]
 56%|â–ˆâ–ˆâ–ˆâ–ˆâ–ˆâ–Œ    | 64/115 [00:09<00:07,  6.69it/s]
 57%|â–ˆâ–ˆâ–ˆâ–ˆâ–ˆâ–‹    | 65/115 [00:09<00:07,  6.78it/s]
 57%|â–ˆâ–ˆâ–ˆâ–ˆâ–ˆâ–‹    | 66/115 [00:09<00:07,  6.73it/s]
 58%|â–ˆâ–ˆâ–ˆâ–ˆâ–ˆâ–Š    | 67/115 [00:10<00:07,  6.60it/s]
 59%|â–ˆâ–ˆâ–ˆâ–ˆâ–ˆâ–‰    | 68/115 [00:10<00:07,  6.64it/s]
 60%|â–ˆâ–ˆâ–ˆâ–ˆâ–ˆâ–ˆ    | 69/115 [00:10<00:06,  6.68it/s]
 61%|â–ˆâ–ˆâ–ˆâ–ˆâ–ˆâ–ˆ    | 70/115 [00:10<00:06,  6.71it/s]
 62%|â–ˆâ–ˆâ–ˆâ–ˆâ–ˆâ–ˆâ–   | 71/115 [00:10<00:06,  6.78it/s]
 63%|â–ˆâ–ˆâ–ˆâ–ˆâ–ˆâ–ˆâ–Ž   | 72/115 [00:10<00:06,  6.80it/s]
 63%|â–ˆâ–ˆâ–ˆâ–ˆâ–ˆâ–ˆâ–Ž   | 73/115 [00:10<00:06,  6.60it/s]
 64%|â–ˆâ–ˆâ–ˆâ–ˆâ–ˆâ–ˆâ–   | 74/115 [00:11<00:06,  6.57it/s]
 65%|â–ˆâ–ˆâ–ˆâ–ˆâ–ˆâ–ˆâ–Œ   | 75/115 [00:11<00:06,  6.61it/s]
 66%|â–ˆâ–ˆâ–ˆâ–ˆâ–ˆâ–ˆâ–Œ   | 76/115 [00:11<00:05,  6.71it/s]
 67%|â–ˆâ–ˆâ–ˆâ–ˆâ–ˆâ–ˆâ–‹   | 77/115 [00:11<00:05,  6.78it/s]
 68%|â–ˆâ–ˆâ–ˆâ–ˆâ–ˆâ–ˆâ–Š   | 78/115 [00:11<00:05,  6.82it/s]
 69%|â–ˆâ–ˆâ–ˆâ–ˆâ–ˆâ–ˆâ–Š   | 79/115 [00:11<00:05,  6.81it/s]
 70%|â–ˆâ–ˆâ–ˆâ–ˆâ–ˆâ–ˆâ–‰   | 80/115 [00:12<00:05,  6.77it/s]
 70%|â–ˆâ–ˆâ–ˆâ–ˆâ–ˆâ–ˆâ–ˆ   | 81/115 [00:12<00:05,  6.77it/s]
 71%|â–ˆâ–ˆâ–ˆâ–ˆâ–ˆâ–ˆâ–ˆâ–  | 82/115 [00:12<00:04,  6.84it/s]
 72%|â–ˆâ–ˆâ–ˆâ–ˆâ–ˆâ–ˆâ–ˆâ–  | 83/115 [00:12<00:04,  6.90it/s]
 73%|â–ˆâ–ˆâ–ˆâ–ˆâ–ˆâ–ˆâ–ˆâ–Ž  | 84/115 [00:12<00:04,  6.80it/s]
 74%|â–ˆâ–ˆâ–ˆâ–ˆâ–ˆâ–ˆâ–ˆâ–  | 85/115 [00:12<00:04,  6.65it/s]
 75%|â–ˆâ–ˆâ–ˆâ–ˆâ–ˆâ–ˆâ–ˆâ–  | 86/115 [00:12<00:04,  6.66it/s]
 76%|â–ˆâ–ˆâ–ˆâ–ˆâ–ˆâ–ˆâ–ˆâ–Œ  | 87/115 [00:13<00:04,  6.62it/s]
 77%|â–ˆâ–ˆâ–ˆâ–ˆâ–ˆâ–ˆâ–ˆâ–‹  | 88/115 [00:13<00:04,  6.58it/s]
 77%|â–ˆâ–ˆâ–ˆâ–ˆâ–ˆâ–ˆâ–ˆâ–‹  | 89/115 [00:13<00:03,  6.64it/s]
 78%|â–ˆâ–ˆâ–ˆâ–ˆâ–ˆâ–ˆâ–ˆâ–Š  | 90/115 [00:13<00:03,  6.68it/s]
 79%|â–ˆâ–ˆâ–ˆâ–ˆâ–ˆâ–ˆâ–ˆâ–‰  | 91/115 [00:13<00:03,  6.74it/s]
 80%|â–ˆâ–ˆâ–ˆâ–ˆâ–ˆâ–ˆâ–ˆâ–ˆ  | 92/115 [00:13<00:03,  6.73it/s]
 81%|â–ˆâ–ˆâ–ˆâ–ˆâ–ˆâ–ˆâ–ˆâ–ˆ  | 93/115 [00:13<00:03,  6.72it/s]
 82%|â–ˆâ–ˆâ–ˆâ–ˆâ–ˆâ–ˆâ–ˆâ–ˆâ– | 94/115 [00:14<00:03,  6.69it/s]
 83%|â–ˆâ–ˆâ–ˆâ–ˆâ–ˆâ–ˆâ–ˆâ–ˆâ–Ž | 95/115 [00:14<00:02,  6.71it/s]
 83%|â–ˆâ–ˆâ–ˆâ–ˆâ–ˆâ–ˆâ–ˆâ–ˆâ–Ž | 96/115 [00:14<00:02,  6.72it/s]
 84%|â–ˆâ–ˆâ–ˆâ–ˆâ–ˆâ–ˆâ–ˆâ–ˆâ– | 97/115 [00:14<00:02,  6.78it/s]
 85%|â–ˆâ–ˆâ–ˆâ–ˆâ–ˆâ–ˆâ–ˆâ–ˆâ–Œ | 98/115 [00:14<00:02,  6.85it/s]
 86%|â–ˆâ–ˆâ–ˆâ–ˆâ–ˆâ–ˆâ–ˆâ–ˆâ–Œ | 99/115 [00:14<00:02,  6.85it/s]
 87%|â–ˆâ–ˆâ–ˆâ–ˆâ–ˆâ–ˆâ–ˆâ–ˆâ–‹ | 100/115 [00:14<00:02,  6.74it/s]
 88%|â–ˆâ–ˆâ–ˆâ–ˆâ–ˆâ–ˆâ–ˆâ–ˆâ–Š | 101/115 [00:15<00:02,  6.74it/s]
 89%|â–ˆâ–ˆâ–ˆâ–ˆâ–ˆâ–ˆâ–ˆâ–ˆâ–Š | 102/115 [00:15<00:01,  6.73it/s]
 90%|â–ˆâ–ˆâ–ˆâ–ˆâ–ˆâ–ˆâ–ˆâ–ˆâ–‰ | 103/115 [00:15<00:01,  6.65it/s]
 90%|â–ˆâ–ˆâ–ˆâ–ˆâ–ˆâ–ˆâ–ˆâ–ˆâ–ˆ | 104/115 [00:15<00:01,  6.65it/s]
 91%|â–ˆâ–ˆâ–ˆâ–ˆâ–ˆâ–ˆâ–ˆâ–ˆâ–ˆâ–| 105/115 [00:15<00:01,  6.70it/s]
 92%|â–ˆâ–ˆâ–ˆâ–ˆâ–ˆâ–ˆâ–ˆâ–ˆâ–ˆâ–| 106/115 [00:15<00:01,  6.57it/s]
 93%|â–ˆâ–ˆâ–ˆâ–ˆâ–ˆâ–ˆâ–ˆâ–ˆâ–ˆâ–Ž| 107/115 [00:16<00:01,  6.40it/s]
 94%|â–ˆâ–ˆâ–ˆâ–ˆâ–ˆâ–ˆâ–ˆâ–ˆâ–ˆâ–| 108/115 [00:16<00:01,  6.48it/s]
 95%|â–ˆâ–ˆâ–ˆâ–ˆâ–ˆâ–ˆâ–ˆâ–ˆâ–ˆâ–| 109/115 [00:16<00:00,  6.54it/s]
 96%|â–ˆâ–ˆâ–ˆâ–ˆâ–ˆâ–ˆâ–ˆâ–ˆâ–ˆâ–Œ| 110/115 [00:16<00:00,  6.62it/s]
 97%|â–ˆâ–ˆâ–ˆâ–ˆâ–ˆâ–ˆâ–ˆâ–ˆâ–ˆâ–‹| 111/115 [00:16<00:00,  6.55it/s]
 97%|â–ˆâ–ˆâ–ˆâ–ˆâ–ˆâ–ˆâ–ˆâ–ˆâ–ˆâ–‹| 112/115 [00:16<00:00,  6.43it/s]
 98%|â–ˆâ–ˆâ–ˆâ–ˆâ–ˆâ–ˆâ–ˆâ–ˆâ–ˆâ–Š| 113/115 [00:16<00:00,  6.46it/s]
 99%|â–ˆâ–ˆâ–ˆâ–ˆâ–ˆâ–ˆâ–ˆâ–ˆâ–ˆâ–‰| 114/115 [00:17<00:00,  6.43it/s]
100%|â–ˆâ–ˆâ–ˆâ–ˆâ–ˆâ–ˆâ–ˆâ–ˆâ–ˆâ–ˆ| 115/115 [00:17<00:00,  6.65it/s]
100%|â–ˆâ–ˆâ–ˆâ–ˆâ–ˆâ–ˆâ–ˆâ–ˆâ–ˆâ–ˆ| 115/115 [00:17<00:00,  6.65it/s]

  0%|          | 0/13 [00:00<?, ?it/s]
 15%|â–ˆâ–Œ        | 2/13 [00:00<00:00, 13.09it/s]
 31%|â–ˆâ–ˆâ–ˆ       | 4/13 [00:00<00:00, 13.67it/s]
 46%|â–ˆâ–ˆâ–ˆâ–ˆâ–Œ     | 6/13 [00:00<00:00, 13.87it/s]
 62%|â–ˆâ–ˆâ–ˆâ–ˆâ–ˆâ–ˆâ–   | 8/13 [00:00<00:00, 13.98it/s]
 77%|â–ˆâ–ˆâ–ˆâ–ˆâ–ˆâ–ˆâ–ˆâ–‹  | 10/13 [00:00<00:00, 14.22it/s]
 92%|â–ˆâ–ˆâ–ˆâ–ˆâ–ˆâ–ˆâ–ˆâ–ˆâ–ˆâ–| 12/13 [00:00<00:00, 14.27it/s]
100%|â–ˆâ–ˆâ–ˆâ–ˆâ–ˆâ–ˆâ–ˆâ–ˆâ–ˆâ–ˆ| 13/13 [00:00<00:00, 14.25it/s]
epoch 6: {'accuracy': 0.9019607843137255, 'f1': 0.9303135888501742} [32m, current_best_acc:[0m 0.9068627450980392 train_loss: 60.46276092529297

  0%|          | 0/115 [00:00<?, ?it/s]
  1%|          | 1/115 [00:00<00:13,  8.53it/s]
  2%|â–         | 2/115 [00:00<00:15,  7.52it/s]
  3%|â–Ž         | 3/115 [00:00<00:15,  7.20it/s]
  3%|â–Ž         | 4/115 [00:00<00:15,  7.16it/s]
  4%|â–         | 5/115 [00:00<00:15,  7.09it/s]
  5%|â–Œ         | 6/115 [00:00<00:15,  6.97it/s]
  6%|â–Œ         | 7/115 [00:00<00:15,  6.83it/s]
  7%|â–‹         | 8/115 [00:01<00:15,  6.78it/s]
  8%|â–Š         | 9/115 [00:01<00:15,  6.81it/s]
  9%|â–Š         | 10/115 [00:01<00:15,  6.77it/s]
 10%|â–‰         | 11/115 [00:01<00:15,  6.67it/s]
 10%|â–ˆ         | 12/115 [00:01<00:15,  6.61it/s]
 11%|â–ˆâ–        | 13/115 [00:01<00:15,  6.54it/s]
 12%|â–ˆâ–        | 14/115 [00:02<00:15,  6.63it/s]
 13%|â–ˆâ–Ž        | 15/115 [00:02<00:14,  6.71it/s]
 14%|â–ˆâ–        | 16/115 [00:02<00:14,  6.77it/s]
 15%|â–ˆâ–        | 17/115 [00:02<00:14,  6.82it/s]
 16%|â–ˆâ–Œ        | 18/115 [00:02<00:14,  6.80it/s]
 17%|â–ˆâ–‹        | 19/115 [00:02<00:14,  6.79it/s]
 17%|â–ˆâ–‹        | 20/115 [00:02<00:13,  6.82it/s]
 18%|â–ˆâ–Š        | 21/115 [00:03<00:13,  6.74it/s]
 19%|â–ˆâ–‰        | 22/115 [00:03<00:13,  6.70it/s]
 20%|â–ˆâ–ˆ        | 23/115 [00:03<00:13,  6.68it/s]
 21%|â–ˆâ–ˆ        | 24/115 [00:03<00:13,  6.70it/s]
 22%|â–ˆâ–ˆâ–       | 25/115 [00:03<00:13,  6.69it/s]
 23%|â–ˆâ–ˆâ–Ž       | 26/115 [00:03<00:13,  6.64it/s]
 23%|â–ˆâ–ˆâ–Ž       | 27/115 [00:03<00:13,  6.64it/s]
 24%|â–ˆâ–ˆâ–       | 28/115 [00:04<00:13,  6.67it/s]
 25%|â–ˆâ–ˆâ–Œ       | 29/115 [00:04<00:13,  6.59it/s]
 26%|â–ˆâ–ˆâ–Œ       | 30/115 [00:04<00:13,  6.42it/s]
 27%|â–ˆâ–ˆâ–‹       | 31/115 [00:04<00:13,  6.45it/s]
 28%|â–ˆâ–ˆâ–Š       | 32/115 [00:04<00:13,  6.37it/s]
 29%|â–ˆâ–ˆâ–Š       | 33/115 [00:04<00:12,  6.49it/s]
 30%|â–ˆâ–ˆâ–‰       | 34/115 [00:05<00:12,  6.49it/s]
 30%|â–ˆâ–ˆâ–ˆ       | 35/115 [00:05<00:12,  6.41it/s]
 31%|â–ˆâ–ˆâ–ˆâ–      | 36/115 [00:05<00:12,  6.23it/s]
 32%|â–ˆâ–ˆâ–ˆâ–      | 37/115 [00:05<00:12,  6.42it/s]
 33%|â–ˆâ–ˆâ–ˆâ–Ž      | 38/115 [00:05<00:11,  6.57it/s]
 34%|â–ˆâ–ˆâ–ˆâ–      | 39/115 [00:05<00:11,  6.63it/s]
 35%|â–ˆâ–ˆâ–ˆâ–      | 40/115 [00:05<00:11,  6.64it/s]
 36%|â–ˆâ–ˆâ–ˆâ–Œ      | 41/115 [00:06<00:11,  6.70it/s]
 37%|â–ˆâ–ˆâ–ˆâ–‹      | 42/115 [00:06<00:10,  6.76it/s]
 37%|â–ˆâ–ˆâ–ˆâ–‹      | 43/115 [00:06<00:10,  6.78it/s]
 38%|â–ˆâ–ˆâ–ˆâ–Š      | 44/115 [00:06<00:10,  6.75it/s]
 39%|â–ˆâ–ˆâ–ˆâ–‰      | 45/115 [00:06<00:10,  6.86it/s]
 40%|â–ˆâ–ˆâ–ˆâ–ˆ      | 46/115 [00:06<00:10,  6.81it/s]
 41%|â–ˆâ–ˆâ–ˆâ–ˆ      | 47/115 [00:07<00:10,  6.69it/s]
 42%|â–ˆâ–ˆâ–ˆâ–ˆâ–     | 48/115 [00:07<00:10,  6.59it/s]
 43%|â–ˆâ–ˆâ–ˆâ–ˆâ–Ž     | 49/115 [00:07<00:10,  6.42it/s]
 43%|â–ˆâ–ˆâ–ˆâ–ˆâ–Ž     | 50/115 [00:07<00:10,  6.37it/s]
 44%|â–ˆâ–ˆâ–ˆâ–ˆâ–     | 51/115 [00:07<00:10,  6.39it/s]
 45%|â–ˆâ–ˆâ–ˆâ–ˆâ–Œ     | 52/115 [00:07<00:09,  6.41it/s]
 46%|â–ˆâ–ˆâ–ˆâ–ˆâ–Œ     | 53/115 [00:07<00:09,  6.46it/s]
 47%|â–ˆâ–ˆâ–ˆâ–ˆâ–‹     | 54/115 [00:08<00:09,  6.55it/s]
 48%|â–ˆâ–ˆâ–ˆâ–ˆâ–Š     | 55/115 [00:08<00:08,  6.67it/s]
 49%|â–ˆâ–ˆâ–ˆâ–ˆâ–Š     | 56/115 [00:08<00:08,  6.72it/s]
 50%|â–ˆâ–ˆâ–ˆâ–ˆâ–‰     | 57/115 [00:08<00:08,  6.51it/s]
 50%|â–ˆâ–ˆâ–ˆâ–ˆâ–ˆ     | 58/115 [00:08<00:08,  6.42it/s]
 51%|â–ˆâ–ˆâ–ˆâ–ˆâ–ˆâ–    | 59/115 [00:08<00:08,  6.59it/s]
 52%|â–ˆâ–ˆâ–ˆâ–ˆâ–ˆâ–    | 60/115 [00:09<00:08,  6.75it/s]
 53%|â–ˆâ–ˆâ–ˆâ–ˆâ–ˆâ–Ž    | 61/115 [00:09<00:07,  6.83it/s]
 54%|â–ˆâ–ˆâ–ˆâ–ˆâ–ˆâ–    | 62/115 [00:09<00:07,  6.92it/s]
 55%|â–ˆâ–ˆâ–ˆâ–ˆâ–ˆâ–    | 63/115 [00:09<00:07,  6.86it/s]
 56%|â–ˆâ–ˆâ–ˆâ–ˆâ–ˆâ–Œ    | 64/115 [00:09<00:07,  6.68it/s]
 57%|â–ˆâ–ˆâ–ˆâ–ˆâ–ˆâ–‹    | 65/115 [00:09<00:07,  6.66it/s]
 57%|â–ˆâ–ˆâ–ˆâ–ˆâ–ˆâ–‹    | 66/115 [00:09<00:07,  6.67it/s]
 58%|â–ˆâ–ˆâ–ˆâ–ˆâ–ˆâ–Š    | 67/115 [00:10<00:07,  6.62it/s]
 59%|â–ˆâ–ˆâ–ˆâ–ˆâ–ˆâ–‰    | 68/115 [00:10<00:07,  6.48it/s]
 60%|â–ˆâ–ˆâ–ˆâ–ˆâ–ˆâ–ˆ    | 69/115 [00:10<00:07,  6.46it/s]
 61%|â–ˆâ–ˆâ–ˆâ–ˆâ–ˆâ–ˆ    | 70/115 [00:10<00:06,  6.45it/s]
 62%|â–ˆâ–ˆâ–ˆâ–ˆâ–ˆâ–ˆâ–   | 71/115 [00:10<00:06,  6.57it/s]
 63%|â–ˆâ–ˆâ–ˆâ–ˆâ–ˆâ–ˆâ–Ž   | 72/115 [00:10<00:06,  6.62it/s]
 63%|â–ˆâ–ˆâ–ˆâ–ˆâ–ˆâ–ˆâ–Ž   | 73/115 [00:10<00:06,  6.68it/s]
 64%|â–ˆâ–ˆâ–ˆâ–ˆâ–ˆâ–ˆâ–   | 74/115 [00:11<00:06,  6.66it/s]
 65%|â–ˆâ–ˆâ–ˆâ–ˆâ–ˆâ–ˆâ–Œ   | 75/115 [00:11<00:06,  6.57it/s]
 66%|â–ˆâ–ˆâ–ˆâ–ˆâ–ˆâ–ˆâ–Œ   | 76/115 [00:11<00:05,  6.57it/s]
 67%|â–ˆâ–ˆâ–ˆâ–ˆâ–ˆâ–ˆâ–‹   | 77/115 [00:11<00:05,  6.61it/s]
 68%|â–ˆâ–ˆâ–ˆâ–ˆâ–ˆâ–ˆâ–Š   | 78/115 [00:11<00:05,  6.71it/s]
 69%|â–ˆâ–ˆâ–ˆâ–ˆâ–ˆâ–ˆâ–Š   | 79/115 [00:11<00:05,  6.78it/s]
 70%|â–ˆâ–ˆâ–ˆâ–ˆâ–ˆâ–ˆâ–‰   | 80/115 [00:12<00:05,  6.71it/s]
 70%|â–ˆâ–ˆâ–ˆâ–ˆâ–ˆâ–ˆâ–ˆ   | 81/115 [00:12<00:05,  6.52it/s]
 71%|â–ˆâ–ˆâ–ˆâ–ˆâ–ˆâ–ˆâ–ˆâ–  | 82/115 [00:12<00:05,  6.37it/s]
 72%|â–ˆâ–ˆâ–ˆâ–ˆâ–ˆâ–ˆâ–ˆâ–  | 83/115 [00:12<00:05,  6.26it/s]
 73%|â–ˆâ–ˆâ–ˆâ–ˆâ–ˆâ–ˆâ–ˆâ–Ž  | 84/115 [00:12<00:04,  6.38it/s]
 74%|â–ˆâ–ˆâ–ˆâ–ˆâ–ˆâ–ˆâ–ˆâ–  | 85/115 [00:12<00:04,  6.51it/s]
 75%|â–ˆâ–ˆâ–ˆâ–ˆâ–ˆâ–ˆâ–ˆâ–  | 86/115 [00:12<00:04,  6.63it/s]
 76%|â–ˆâ–ˆâ–ˆâ–ˆâ–ˆâ–ˆâ–ˆâ–Œ  | 87/115 [00:13<00:04,  6.63it/s]
 77%|â–ˆâ–ˆâ–ˆâ–ˆâ–ˆâ–ˆâ–ˆâ–‹  | 88/115 [00:13<00:04,  6.61it/s]
 77%|â–ˆâ–ˆâ–ˆâ–ˆâ–ˆâ–ˆâ–ˆâ–‹  | 89/115 [00:13<00:03,  6.66it/s]
 78%|â–ˆâ–ˆâ–ˆâ–ˆâ–ˆâ–ˆâ–ˆâ–Š  | 90/115 [00:13<00:03,  6.73it/s]
 79%|â–ˆâ–ˆâ–ˆâ–ˆâ–ˆâ–ˆâ–ˆâ–‰  | 91/115 [00:13<00:03,  6.77it/s]
 80%|â–ˆâ–ˆâ–ˆâ–ˆâ–ˆâ–ˆâ–ˆâ–ˆ  | 92/115 [00:13<00:03,  6.59it/s]
 81%|â–ˆâ–ˆâ–ˆâ–ˆâ–ˆâ–ˆâ–ˆâ–ˆ  | 93/115 [00:14<00:03,  6.43it/s]
 82%|â–ˆâ–ˆâ–ˆâ–ˆâ–ˆâ–ˆâ–ˆâ–ˆâ– | 94/115 [00:14<00:03,  6.53it/s]
 83%|â–ˆâ–ˆâ–ˆâ–ˆâ–ˆâ–ˆâ–ˆâ–ˆâ–Ž | 95/115 [00:14<00:03,  6.51it/s]
 83%|â–ˆâ–ˆâ–ˆâ–ˆâ–ˆâ–ˆâ–ˆâ–ˆâ–Ž | 96/115 [00:14<00:03,  6.27it/s]
 84%|â–ˆâ–ˆâ–ˆâ–ˆâ–ˆâ–ˆâ–ˆâ–ˆâ– | 97/115 [00:14<00:02,  6.23it/s]
 85%|â–ˆâ–ˆâ–ˆâ–ˆâ–ˆâ–ˆâ–ˆâ–ˆâ–Œ | 98/115 [00:14<00:02,  6.28it/s]
 86%|â–ˆâ–ˆâ–ˆâ–ˆâ–ˆâ–ˆâ–ˆâ–ˆâ–Œ | 99/115 [00:14<00:02,  6.33it/s]
 87%|â–ˆâ–ˆâ–ˆâ–ˆâ–ˆâ–ˆâ–ˆâ–ˆâ–‹ | 100/115 [00:15<00:02,  6.43it/s]
 88%|â–ˆâ–ˆâ–ˆâ–ˆâ–ˆâ–ˆâ–ˆâ–ˆâ–Š | 101/115 [00:15<00:02,  6.52it/s]
 89%|â–ˆâ–ˆâ–ˆâ–ˆâ–ˆâ–ˆâ–ˆâ–ˆâ–Š | 102/115 [00:15<00:01,  6.58it/s]
 90%|â–ˆâ–ˆâ–ˆâ–ˆâ–ˆâ–ˆâ–ˆâ–ˆâ–‰ | 103/115 [00:15<00:01,  6.63it/s]
 90%|â–ˆâ–ˆâ–ˆâ–ˆâ–ˆâ–ˆâ–ˆâ–ˆâ–ˆ | 104/115 [00:15<00:01,  6.72it/s]
 91%|â–ˆâ–ˆâ–ˆâ–ˆâ–ˆâ–ˆâ–ˆâ–ˆâ–ˆâ–| 105/115 [00:15<00:01,  6.70it/s]
 92%|â–ˆâ–ˆâ–ˆâ–ˆâ–ˆâ–ˆâ–ˆâ–ˆâ–ˆâ–| 106/115 [00:16<00:01,  6.67it/s]
 93%|â–ˆâ–ˆâ–ˆâ–ˆâ–ˆâ–ˆâ–ˆâ–ˆâ–ˆâ–Ž| 107/115 [00:16<00:01,  6.61it/s]
 94%|â–ˆâ–ˆâ–ˆâ–ˆâ–ˆâ–ˆâ–ˆâ–ˆâ–ˆâ–| 108/115 [00:16<00:01,  6.56it/s]
 95%|â–ˆâ–ˆâ–ˆâ–ˆâ–ˆâ–ˆâ–ˆâ–ˆâ–ˆâ–| 109/115 [00:16<00:00,  6.64it/s]
 96%|â–ˆâ–ˆâ–ˆâ–ˆâ–ˆâ–ˆâ–ˆâ–ˆâ–ˆâ–Œ| 110/115 [00:16<00:00,  6.75it/s]
 97%|â–ˆâ–ˆâ–ˆâ–ˆâ–ˆâ–ˆâ–ˆâ–ˆâ–ˆâ–‹| 111/115 [00:16<00:00,  6.61it/s]
 97%|â–ˆâ–ˆâ–ˆâ–ˆâ–ˆâ–ˆâ–ˆâ–ˆâ–ˆâ–‹| 112/115 [00:16<00:00,  6.57it/s]
 98%|â–ˆâ–ˆâ–ˆâ–ˆâ–ˆâ–ˆâ–ˆâ–ˆâ–ˆâ–Š| 113/115 [00:17<00:00,  6.41it/s]
 99%|â–ˆâ–ˆâ–ˆâ–ˆâ–ˆâ–ˆâ–ˆâ–ˆâ–ˆâ–‰| 114/115 [00:17<00:00,  6.41it/s]
100%|â–ˆâ–ˆâ–ˆâ–ˆâ–ˆâ–ˆâ–ˆâ–ˆâ–ˆâ–ˆ| 115/115 [00:17<00:00,  6.74it/s]
100%|â–ˆâ–ˆâ–ˆâ–ˆâ–ˆâ–ˆâ–ˆâ–ˆâ–ˆâ–ˆ| 115/115 [00:17<00:00,  6.62it/s]

  0%|          | 0/13 [00:00<?, ?it/s]
 15%|â–ˆâ–Œ        | 2/13 [00:00<00:00, 11.80it/s]
 31%|â–ˆâ–ˆâ–ˆ       | 4/13 [00:00<00:00, 12.28it/s]
 46%|â–ˆâ–ˆâ–ˆâ–ˆâ–Œ     | 6/13 [00:00<00:00, 12.71it/s]
 62%|â–ˆâ–ˆâ–ˆâ–ˆâ–ˆâ–ˆâ–   | 8/13 [00:00<00:00, 13.09it/s]
 77%|â–ˆâ–ˆâ–ˆâ–ˆâ–ˆâ–ˆâ–ˆâ–‹  | 10/13 [00:00<00:00, 13.58it/s]
 92%|â–ˆâ–ˆâ–ˆâ–ˆâ–ˆâ–ˆâ–ˆâ–ˆâ–ˆâ–| 12/13 [00:00<00:00, 13.85it/s]
100%|â–ˆâ–ˆâ–ˆâ–ˆâ–ˆâ–ˆâ–ˆâ–ˆâ–ˆâ–ˆ| 13/13 [00:00<00:00, 13.54it/s]
epoch 7: {'accuracy': 0.9093137254901961, 'f1': 0.9349736379613357} [32m, current_best_acc:[0m 0.9093137254901961 train_loss: 60.41379165649414

  0%|          | 0/115 [00:00<?, ?it/s]
  1%|          | 1/115 [00:00<00:14,  7.78it/s]
  2%|â–         | 2/115 [00:00<00:16,  6.78it/s]
  3%|â–Ž         | 3/115 [00:00<00:16,  6.93it/s]
  3%|â–Ž         | 4/115 [00:00<00:15,  7.04it/s]
  4%|â–         | 5/115 [00:00<00:15,  6.95it/s]
  5%|â–Œ         | 6/115 [00:00<00:16,  6.74it/s]
  6%|â–Œ         | 7/115 [00:01<00:16,  6.50it/s]
  7%|â–‹         | 8/115 [00:01<00:16,  6.63it/s]
  8%|â–Š         | 9/115 [00:01<00:15,  6.70it/s]
  9%|â–Š         | 10/115 [00:01<00:15,  6.77it/s]
 10%|â–‰         | 11/115 [00:01<00:15,  6.75it/s]
 10%|â–ˆ         | 12/115 [00:01<00:15,  6.72it/s]
 11%|â–ˆâ–        | 13/115 [00:01<00:15,  6.74it/s]
 12%|â–ˆâ–        | 14/115 [00:02<00:15,  6.64it/s]
 13%|â–ˆâ–Ž        | 15/115 [00:02<00:14,  6.69it/s]
 14%|â–ˆâ–        | 16/115 [00:02<00:14,  6.70it/s]
 15%|â–ˆâ–        | 17/115 [00:02<00:14,  6.70it/s]
 16%|â–ˆâ–Œ        | 18/115 [00:02<00:14,  6.64it/s]
 17%|â–ˆâ–‹        | 19/115 [00:02<00:14,  6.75it/s]
 17%|â–ˆâ–‹        | 20/115 [00:02<00:13,  6.80it/s]
 18%|â–ˆâ–Š        | 21/115 [00:03<00:14,  6.66it/s]
 19%|â–ˆâ–‰        | 22/115 [00:03<00:14,  6.56it/s]
 20%|â–ˆâ–ˆ        | 23/115 [00:03<00:13,  6.62it/s]
 21%|â–ˆâ–ˆ        | 24/115 [00:03<00:13,  6.68it/s]
 22%|â–ˆâ–ˆâ–       | 25/115 [00:03<00:13,  6.72it/s]
 23%|â–ˆâ–ˆâ–Ž       | 26/115 [00:03<00:13,  6.71it/s]
 23%|â–ˆâ–ˆâ–Ž       | 27/115 [00:04<00:13,  6.72it/s]
 24%|â–ˆâ–ˆâ–       | 28/115 [00:04<00:13,  6.63it/s]
 25%|â–ˆâ–ˆâ–Œ       | 29/115 [00:04<00:13,  6.45it/s]
 26%|â–ˆâ–ˆâ–Œ       | 30/115 [00:04<00:13,  6.41it/s]
 27%|â–ˆâ–ˆâ–‹       | 31/115 [00:04<00:13,  6.41it/s]
 28%|â–ˆâ–ˆâ–Š       | 32/115 [00:04<00:12,  6.44it/s]
 29%|â–ˆâ–ˆâ–Š       | 33/115 [00:04<00:12,  6.51it/s]
 30%|â–ˆâ–ˆâ–‰       | 34/115 [00:05<00:12,  6.58it/s]
 30%|â–ˆâ–ˆâ–ˆ       | 35/115 [00:05<00:12,  6.64it/s]
 31%|â–ˆâ–ˆâ–ˆâ–      | 36/115 [00:05<00:11,  6.68it/s]
 32%|â–ˆâ–ˆâ–ˆâ–      | 37/115 [00:05<00:11,  6.64it/s]
 33%|â–ˆâ–ˆâ–ˆâ–Ž      | 38/115 [00:05<00:11,  6.68it/s]
 34%|â–ˆâ–ˆâ–ˆâ–      | 39/115 [00:05<00:11,  6.71it/s]
 35%|â–ˆâ–ˆâ–ˆâ–      | 40/115 [00:05<00:11,  6.77it/s]
 36%|â–ˆâ–ˆâ–ˆâ–Œ      | 41/115 [00:06<00:10,  6.76it/s]
 37%|â–ˆâ–ˆâ–ˆâ–‹      | 42/115 [00:06<00:10,  6.77it/s]
 37%|â–ˆâ–ˆâ–ˆâ–‹      | 43/115 [00:06<00:10,  6.79it/s]
 38%|â–ˆâ–ˆâ–ˆâ–Š      | 44/115 [00:06<00:10,  6.78it/s]
 39%|â–ˆâ–ˆâ–ˆâ–‰      | 45/115 [00:06<00:10,  6.76it/s]
 40%|â–ˆâ–ˆâ–ˆâ–ˆ      | 46/115 [00:06<00:10,  6.73it/s]
 41%|â–ˆâ–ˆâ–ˆâ–ˆ      | 47/115 [00:07<00:10,  6.71it/s]
 42%|â–ˆâ–ˆâ–ˆâ–ˆâ–     | 48/115 [00:07<00:09,  6.77it/s]
 43%|â–ˆâ–ˆâ–ˆâ–ˆâ–Ž     | 49/115 [00:07<00:09,  6.79it/s]
 43%|â–ˆâ–ˆâ–ˆâ–ˆâ–Ž     | 50/115 [00:07<00:09,  6.79it/s]
 44%|â–ˆâ–ˆâ–ˆâ–ˆâ–     | 51/115 [00:07<00:09,  6.74it/s]
 45%|â–ˆâ–ˆâ–ˆâ–ˆâ–Œ     | 52/115 [00:07<00:09,  6.60it/s]
 46%|â–ˆâ–ˆâ–ˆâ–ˆâ–Œ     | 53/115 [00:07<00:09,  6.47it/s]
 47%|â–ˆâ–ˆâ–ˆâ–ˆâ–‹     | 54/115 [00:08<00:09,  6.53it/s]
 48%|â–ˆâ–ˆâ–ˆâ–ˆâ–Š     | 55/115 [00:08<00:09,  6.57it/s]
 49%|â–ˆâ–ˆâ–ˆâ–ˆâ–Š     | 56/115 [00:08<00:08,  6.72it/s]
 50%|â–ˆâ–ˆâ–ˆâ–ˆâ–‰     | 57/115 [00:08<00:08,  6.77it/s]
 50%|â–ˆâ–ˆâ–ˆâ–ˆâ–ˆ     | 58/115 [00:08<00:08,  6.79it/s]
 51%|â–ˆâ–ˆâ–ˆâ–ˆâ–ˆâ–    | 59/115 [00:08<00:08,  6.74it/s]
 52%|â–ˆâ–ˆâ–ˆâ–ˆâ–ˆâ–    | 60/115 [00:08<00:08,  6.72it/s]
 53%|â–ˆâ–ˆâ–ˆâ–ˆâ–ˆâ–Ž    | 61/115 [00:09<00:08,  6.58it/s]
 54%|â–ˆâ–ˆâ–ˆâ–ˆâ–ˆâ–    | 62/115 [00:09<00:08,  6.60it/s]
 55%|â–ˆâ–ˆâ–ˆâ–ˆâ–ˆâ–    | 63/115 [00:09<00:07,  6.67it/s]
 56%|â–ˆâ–ˆâ–ˆâ–ˆâ–ˆâ–Œ    | 64/115 [00:09<00:07,  6.70it/s]
 57%|â–ˆâ–ˆâ–ˆâ–ˆâ–ˆâ–‹    | 65/115 [00:09<00:07,  6.63it/s]
 57%|â–ˆâ–ˆâ–ˆâ–ˆâ–ˆâ–‹    | 66/115 [00:09<00:07,  6.64it/s]
 58%|â–ˆâ–ˆâ–ˆâ–ˆâ–ˆâ–Š    | 67/115 [00:10<00:07,  6.62it/s]
 59%|â–ˆâ–ˆâ–ˆâ–ˆâ–ˆâ–‰    | 68/115 [00:10<00:07,  6.53it/s]
 60%|â–ˆâ–ˆâ–ˆâ–ˆâ–ˆâ–ˆ    | 69/115 [00:10<00:07,  6.56it/s]
 61%|â–ˆâ–ˆâ–ˆâ–ˆâ–ˆâ–ˆ    | 70/115 [00:10<00:06,  6.56it/s]
 62%|â–ˆâ–ˆâ–ˆâ–ˆâ–ˆâ–ˆâ–   | 71/115 [00:10<00:06,  6.49it/s]
 63%|â–ˆâ–ˆâ–ˆâ–ˆâ–ˆâ–ˆâ–Ž   | 72/115 [00:10<00:06,  6.57it/s]
 63%|â–ˆâ–ˆâ–ˆâ–ˆâ–ˆâ–ˆâ–Ž   | 73/115 [00:10<00:06,  6.62it/s]
 64%|â–ˆâ–ˆâ–ˆâ–ˆâ–ˆâ–ˆâ–   | 74/115 [00:11<00:06,  6.65it/s]
 65%|â–ˆâ–ˆâ–ˆâ–ˆâ–ˆâ–ˆâ–Œ   | 75/115 [00:11<00:05,  6.67it/s]
 66%|â–ˆâ–ˆâ–ˆâ–ˆâ–ˆâ–ˆâ–Œ   | 76/115 [00:11<00:05,  6.72it/s]
 67%|â–ˆâ–ˆâ–ˆâ–ˆâ–ˆâ–ˆâ–‹   | 77/115 [00:11<00:05,  6.71it/s]
 68%|â–ˆâ–ˆâ–ˆâ–ˆâ–ˆâ–ˆâ–Š   | 78/115 [00:11<00:05,  6.60it/s]
 69%|â–ˆâ–ˆâ–ˆâ–ˆâ–ˆâ–ˆâ–Š   | 79/115 [00:11<00:05,  6.64it/s]
 70%|â–ˆâ–ˆâ–ˆâ–ˆâ–ˆâ–ˆâ–‰   | 80/115 [00:11<00:05,  6.65it/s]
 70%|â–ˆâ–ˆâ–ˆâ–ˆâ–ˆâ–ˆâ–ˆ   | 81/115 [00:12<00:05,  6.53it/s]
 71%|â–ˆâ–ˆâ–ˆâ–ˆâ–ˆâ–ˆâ–ˆâ–  | 82/115 [00:12<00:05,  6.41it/s]
 72%|â–ˆâ–ˆâ–ˆâ–ˆâ–ˆâ–ˆâ–ˆâ–  | 83/115 [00:12<00:04,  6.46it/s]
 73%|â–ˆâ–ˆâ–ˆâ–ˆâ–ˆâ–ˆâ–ˆâ–Ž  | 84/115 [00:12<00:04,  6.52it/s]
 74%|â–ˆâ–ˆâ–ˆâ–ˆâ–ˆâ–ˆâ–ˆâ–  | 85/115 [00:12<00:04,  6.55it/s]
 75%|â–ˆâ–ˆâ–ˆâ–ˆâ–ˆâ–ˆâ–ˆâ–  | 86/115 [00:12<00:04,  6.56it/s]
 76%|â–ˆâ–ˆâ–ˆâ–ˆâ–ˆâ–ˆâ–ˆâ–Œ  | 87/115 [00:13<00:04,  6.59it/s]
 77%|â–ˆâ–ˆâ–ˆâ–ˆâ–ˆâ–ˆâ–ˆâ–‹  | 88/115 [00:13<00:04,  6.56it/s]
 77%|â–ˆâ–ˆâ–ˆâ–ˆâ–ˆâ–ˆâ–ˆâ–‹  | 89/115 [00:13<00:03,  6.52it/s]
 78%|â–ˆâ–ˆâ–ˆâ–ˆâ–ˆâ–ˆâ–ˆâ–Š  | 90/115 [00:13<00:03,  6.62it/s]
 79%|â–ˆâ–ˆâ–ˆâ–ˆâ–ˆâ–ˆâ–ˆâ–‰  | 91/115 [00:13<00:03,  6.62it/s]
 80%|â–ˆâ–ˆâ–ˆâ–ˆâ–ˆâ–ˆâ–ˆâ–ˆ  | 92/115 [00:13<00:03,  6.69it/s]
 81%|â–ˆâ–ˆâ–ˆâ–ˆâ–ˆâ–ˆâ–ˆâ–ˆ  | 93/115 [00:13<00:03,  6.68it/s]
 82%|â–ˆâ–ˆâ–ˆâ–ˆâ–ˆâ–ˆâ–ˆâ–ˆâ– | 94/115 [00:14<00:03,  6.65it/s]
 83%|â–ˆâ–ˆâ–ˆâ–ˆâ–ˆâ–ˆâ–ˆâ–ˆâ–Ž | 95/115 [00:14<00:03,  6.52it/s]
 83%|â–ˆâ–ˆâ–ˆâ–ˆâ–ˆâ–ˆâ–ˆâ–ˆâ–Ž | 96/115 [00:14<00:02,  6.52it/s]
 84%|â–ˆâ–ˆâ–ˆâ–ˆâ–ˆâ–ˆâ–ˆâ–ˆâ– | 97/115 [00:14<00:02,  6.58it/s]
 85%|â–ˆâ–ˆâ–ˆâ–ˆâ–ˆâ–ˆâ–ˆâ–ˆâ–Œ | 98/115 [00:14<00:02,  6.55it/s]
 86%|â–ˆâ–ˆâ–ˆâ–ˆâ–ˆâ–ˆâ–ˆâ–ˆâ–Œ | 99/115 [00:14<00:02,  6.60it/s]
 87%|â–ˆâ–ˆâ–ˆâ–ˆâ–ˆâ–ˆâ–ˆâ–ˆâ–‹ | 100/115 [00:15<00:02,  6.70it/s]
 88%|â–ˆâ–ˆâ–ˆâ–ˆâ–ˆâ–ˆâ–ˆâ–ˆâ–Š | 101/115 [00:15<00:02,  6.49it/s]
 89%|â–ˆâ–ˆâ–ˆâ–ˆâ–ˆâ–ˆâ–ˆâ–ˆâ–Š | 102/115 [00:15<00:02,  6.39it/s]
 90%|â–ˆâ–ˆâ–ˆâ–ˆâ–ˆâ–ˆâ–ˆâ–ˆâ–‰ | 103/115 [00:15<00:01,  6.48it/s]
 90%|â–ˆâ–ˆâ–ˆâ–ˆâ–ˆâ–ˆâ–ˆâ–ˆâ–ˆ | 104/115 [00:15<00:01,  6.62it/s]
 91%|â–ˆâ–ˆâ–ˆâ–ˆâ–ˆâ–ˆâ–ˆâ–ˆâ–ˆâ–| 105/115 [00:15<00:01,  6.64it/s]
 92%|â–ˆâ–ˆâ–ˆâ–ˆâ–ˆâ–ˆâ–ˆâ–ˆâ–ˆâ–| 106/115 [00:15<00:01,  6.71it/s]
 93%|â–ˆâ–ˆâ–ˆâ–ˆâ–ˆâ–ˆâ–ˆâ–ˆâ–ˆâ–Ž| 107/115 [00:16<00:01,  6.77it/s]
 94%|â–ˆâ–ˆâ–ˆâ–ˆâ–ˆâ–ˆâ–ˆâ–ˆâ–ˆâ–| 108/115 [00:16<00:01,  6.69it/s]
 95%|â–ˆâ–ˆâ–ˆâ–ˆâ–ˆâ–ˆâ–ˆâ–ˆâ–ˆâ–| 109/115 [00:16<00:00,  6.53it/s]
 96%|â–ˆâ–ˆâ–ˆâ–ˆâ–ˆâ–ˆâ–ˆâ–ˆâ–ˆâ–Œ| 110/115 [00:16<00:00,  6.59it/s]
 97%|â–ˆâ–ˆâ–ˆâ–ˆâ–ˆâ–ˆâ–ˆâ–ˆâ–ˆâ–‹| 111/115 [00:16<00:00,  6.62it/s]
 97%|â–ˆâ–ˆâ–ˆâ–ˆâ–ˆâ–ˆâ–ˆâ–ˆâ–ˆâ–‹| 112/115 [00:16<00:00,  6.67it/s]
 98%|â–ˆâ–ˆâ–ˆâ–ˆâ–ˆâ–ˆâ–ˆâ–ˆâ–ˆâ–Š| 113/115 [00:17<00:00,  6.72it/s]
 99%|â–ˆâ–ˆâ–ˆâ–ˆâ–ˆâ–ˆâ–ˆâ–ˆâ–ˆâ–‰| 114/115 [00:17<00:00,  6.72it/s]
100%|â–ˆâ–ˆâ–ˆâ–ˆâ–ˆâ–ˆâ–ˆâ–ˆâ–ˆâ–ˆ| 115/115 [00:17<00:00,  7.06it/s]
100%|â–ˆâ–ˆâ–ˆâ–ˆâ–ˆâ–ˆâ–ˆâ–ˆâ–ˆâ–ˆ| 115/115 [00:17<00:00,  6.66it/s]

  0%|          | 0/13 [00:00<?, ?it/s]
  8%|â–Š         | 1/13 [00:00<00:01,  9.32it/s]
 23%|â–ˆâ–ˆâ–Ž       | 3/13 [00:00<00:00, 10.86it/s]
 38%|â–ˆâ–ˆâ–ˆâ–Š      | 5/13 [00:00<00:00, 12.01it/s]
 54%|â–ˆâ–ˆâ–ˆâ–ˆâ–ˆâ–    | 7/13 [00:00<00:00, 13.10it/s]
 69%|â–ˆâ–ˆâ–ˆâ–ˆâ–ˆâ–ˆâ–‰   | 9/13 [00:00<00:00, 13.67it/s]
 85%|â–ˆâ–ˆâ–ˆâ–ˆâ–ˆâ–ˆâ–ˆâ–ˆâ– | 11/13 [00:00<00:00, 14.14it/s]
100%|â–ˆâ–ˆâ–ˆâ–ˆâ–ˆâ–ˆâ–ˆâ–ˆâ–ˆâ–ˆ| 13/13 [00:00<00:00, 14.39it/s]
100%|â–ˆâ–ˆâ–ˆâ–ˆâ–ˆâ–ˆâ–ˆâ–ˆâ–ˆâ–ˆ| 13/13 [00:00<00:00, 13.44it/s]
epoch 8: {'accuracy': 0.9142156862745098, 'f1': 0.9380530973451328} [32m, current_best_acc:[0m 0.9142156862745098 train_loss: 60.16395950317383

  0%|          | 0/115 [00:00<?, ?it/s]
  1%|          | 1/115 [00:00<00:13,  8.63it/s]
  2%|â–         | 2/115 [00:00<00:16,  6.87it/s]
  3%|â–Ž         | 3/115 [00:00<00:17,  6.54it/s]
  3%|â–Ž         | 4/115 [00:00<00:17,  6.43it/s]
  4%|â–         | 5/115 [00:00<00:16,  6.60it/s]
  5%|â–Œ         | 6/115 [00:00<00:16,  6.80it/s]
  6%|â–Œ         | 7/115 [00:01<00:15,  6.85it/s]
  7%|â–‹         | 8/115 [00:01<00:15,  6.83it/s]
  8%|â–Š         | 9/115 [00:01<00:15,  6.82it/s]
  9%|â–Š         | 10/115 [00:01<00:15,  6.77it/s]
 10%|â–‰         | 11/115 [00:01<00:15,  6.74it/s]
 10%|â–ˆ         | 12/115 [00:01<00:15,  6.69it/s]
 11%|â–ˆâ–        | 13/115 [00:01<00:15,  6.54it/s]
 12%|â–ˆâ–        | 14/115 [00:02<00:15,  6.59it/s]
 13%|â–ˆâ–Ž        | 15/115 [00:02<00:15,  6.53it/s]
 14%|â–ˆâ–        | 16/115 [00:02<00:15,  6.43it/s]
 15%|â–ˆâ–        | 17/115 [00:02<00:15,  6.39it/s]
 16%|â–ˆâ–Œ        | 18/115 [00:02<00:15,  6.40it/s]
 17%|â–ˆâ–‹        | 19/115 [00:02<00:14,  6.57it/s]
 17%|â–ˆâ–‹        | 20/115 [00:03<00:14,  6.55it/s]
 18%|â–ˆâ–Š        | 21/115 [00:03<00:14,  6.50it/s]
 19%|â–ˆâ–‰        | 22/115 [00:03<00:14,  6.43it/s]
 20%|â–ˆâ–ˆ        | 23/115 [00:03<00:14,  6.48it/s]
 21%|â–ˆâ–ˆ        | 24/115 [00:03<00:13,  6.59it/s]
 22%|â–ˆâ–ˆâ–       | 25/115 [00:03<00:13,  6.63it/s]
 23%|â–ˆâ–ˆâ–Ž       | 26/115 [00:03<00:13,  6.64it/s]
 23%|â–ˆâ–ˆâ–Ž       | 27/115 [00:04<00:13,  6.69it/s]
 24%|â–ˆâ–ˆâ–       | 28/115 [00:04<00:12,  6.71it/s]
 25%|â–ˆâ–ˆâ–Œ       | 29/115 [00:04<00:12,  6.74it/s]
 26%|â–ˆâ–ˆâ–Œ       | 30/115 [00:04<00:12,  6.65it/s]
 27%|â–ˆâ–ˆâ–‹       | 31/115 [00:04<00:12,  6.61it/s]
 28%|â–ˆâ–ˆâ–Š       | 32/115 [00:04<00:12,  6.55it/s]
 29%|â–ˆâ–ˆâ–Š       | 33/115 [00:04<00:12,  6.53it/s]
 30%|â–ˆâ–ˆâ–‰       | 34/115 [00:05<00:12,  6.58it/s]
 30%|â–ˆâ–ˆâ–ˆ       | 35/115 [00:05<00:12,  6.58it/s]
 31%|â–ˆâ–ˆâ–ˆâ–      | 36/115 [00:05<00:11,  6.66it/s]
 32%|â–ˆâ–ˆâ–ˆâ–      | 37/115 [00:05<00:11,  6.55it/s]
 33%|â–ˆâ–ˆâ–ˆâ–Ž      | 38/115 [00:05<00:12,  6.40it/s]
 34%|â–ˆâ–ˆâ–ˆâ–      | 39/115 [00:05<00:11,  6.44it/s]
 35%|â–ˆâ–ˆâ–ˆâ–      | 40/115 [00:06<00:11,  6.44it/s]
 36%|â–ˆâ–ˆâ–ˆâ–Œ      | 41/115 [00:06<00:11,  6.65it/s]
 37%|â–ˆâ–ˆâ–ˆâ–‹      | 42/115 [00:06<00:10,  6.78it/s]
 37%|â–ˆâ–ˆâ–ˆâ–‹      | 43/115 [00:06<00:11,  6.00it/s]
 38%|â–ˆâ–ˆâ–ˆâ–Š      | 44/115 [00:06<00:11,  6.19it/s]
 39%|â–ˆâ–ˆâ–ˆâ–‰      | 45/115 [00:06<00:10,  6.49it/s]
 40%|â–ˆâ–ˆâ–ˆâ–ˆ      | 46/115 [00:06<00:10,  6.62it/s]
 41%|â–ˆâ–ˆâ–ˆâ–ˆ      | 47/115 [00:07<00:10,  6.61it/s]
 42%|â–ˆâ–ˆâ–ˆâ–ˆâ–     | 48/115 [00:07<00:10,  6.68it/s]
 43%|â–ˆâ–ˆâ–ˆâ–ˆâ–Ž     | 49/115 [00:07<00:09,  6.65it/s]
 43%|â–ˆâ–ˆâ–ˆâ–ˆâ–Ž     | 50/115 [00:07<00:10,  6.33it/s]
 44%|â–ˆâ–ˆâ–ˆâ–ˆâ–     | 51/115 [00:07<00:10,  6.22it/s]
 45%|â–ˆâ–ˆâ–ˆâ–ˆâ–Œ     | 52/115 [00:07<00:09,  6.48it/s]
 46%|â–ˆâ–ˆâ–ˆâ–ˆâ–Œ     | 53/115 [00:08<00:09,  6.60it/s]
 47%|â–ˆâ–ˆâ–ˆâ–ˆâ–‹     | 54/115 [00:08<00:09,  6.66it/s]
 48%|â–ˆâ–ˆâ–ˆâ–ˆâ–Š     | 55/115 [00:08<00:09,  6.56it/s]
 49%|â–ˆâ–ˆâ–ˆâ–ˆâ–Š     | 56/115 [00:08<00:09,  6.47it/s]
 50%|â–ˆâ–ˆâ–ˆâ–ˆâ–‰     | 57/115 [00:08<00:08,  6.56it/s]
 50%|â–ˆâ–ˆâ–ˆâ–ˆâ–ˆ     | 58/115 [00:08<00:08,  6.55it/s]
 51%|â–ˆâ–ˆâ–ˆâ–ˆâ–ˆâ–    | 59/115 [00:08<00:08,  6.48it/s]
 52%|â–ˆâ–ˆâ–ˆâ–ˆâ–ˆâ–    | 60/115 [00:09<00:08,  6.52it/s]
 53%|â–ˆâ–ˆâ–ˆâ–ˆâ–ˆâ–Ž    | 61/115 [00:09<00:08,  6.64it/s]
 54%|â–ˆâ–ˆâ–ˆâ–ˆâ–ˆâ–    | 62/115 [00:09<00:07,  6.74it/s]
 55%|â–ˆâ–ˆâ–ˆâ–ˆâ–ˆâ–    | 63/115 [00:09<00:07,  6.78it/s]
 56%|â–ˆâ–ˆâ–ˆâ–ˆâ–ˆâ–Œ    | 64/115 [00:09<00:07,  6.63it/s]
 57%|â–ˆâ–ˆâ–ˆâ–ˆâ–ˆâ–‹    | 65/115 [00:09<00:07,  6.49it/s]
 57%|â–ˆâ–ˆâ–ˆâ–ˆâ–ˆâ–‹    | 66/115 [00:10<00:07,  6.48it/s]
 58%|â–ˆâ–ˆâ–ˆâ–ˆâ–ˆâ–Š    | 67/115 [00:10<00:07,  6.41it/s]
 59%|â–ˆâ–ˆâ–ˆâ–ˆâ–ˆâ–‰    | 68/115 [00:10<00:07,  6.55it/s]
 60%|â–ˆâ–ˆâ–ˆâ–ˆâ–ˆâ–ˆ    | 69/115 [00:10<00:07,  6.48it/s]
 61%|â–ˆâ–ˆâ–ˆâ–ˆâ–ˆâ–ˆ    | 70/115 [00:10<00:07,  6.34it/s]
 62%|â–ˆâ–ˆâ–ˆâ–ˆâ–ˆâ–ˆâ–   | 71/115 [00:10<00:06,  6.42it/s]
 63%|â–ˆâ–ˆâ–ˆâ–ˆâ–ˆâ–ˆâ–Ž   | 72/115 [00:10<00:06,  6.58it/s]
 63%|â–ˆâ–ˆâ–ˆâ–ˆâ–ˆâ–ˆâ–Ž   | 73/115 [00:11<00:06,  6.73it/s]
 64%|â–ˆâ–ˆâ–ˆâ–ˆâ–ˆâ–ˆâ–   | 74/115 [00:11<00:06,  6.70it/s]
 65%|â–ˆâ–ˆâ–ˆâ–ˆâ–ˆâ–ˆâ–Œ   | 75/115 [00:11<00:05,  6.75it/s]
 66%|â–ˆâ–ˆâ–ˆâ–ˆâ–ˆâ–ˆâ–Œ   | 76/115 [00:11<00:05,  6.80it/s]
 67%|â–ˆâ–ˆâ–ˆâ–ˆâ–ˆâ–ˆâ–‹   | 77/115 [00:11<00:05,  6.82it/s]
 68%|â–ˆâ–ˆâ–ˆâ–ˆâ–ˆâ–ˆâ–Š   | 78/115 [00:11<00:05,  6.71it/s]
 69%|â–ˆâ–ˆâ–ˆâ–ˆâ–ˆâ–ˆâ–Š   | 79/115 [00:11<00:05,  6.74it/s]
 70%|â–ˆâ–ˆâ–ˆâ–ˆâ–ˆâ–ˆâ–‰   | 80/115 [00:12<00:05,  6.71it/s]
 70%|â–ˆâ–ˆâ–ˆâ–ˆâ–ˆâ–ˆâ–ˆ   | 81/115 [00:12<00:05,  6.72it/s]
 71%|â–ˆâ–ˆâ–ˆâ–ˆâ–ˆâ–ˆâ–ˆâ–  | 82/115 [00:12<00:04,  6.78it/s]
 72%|â–ˆâ–ˆâ–ˆâ–ˆâ–ˆâ–ˆâ–ˆâ–  | 83/115 [00:12<00:04,  6.82it/s]
 73%|â–ˆâ–ˆâ–ˆâ–ˆâ–ˆâ–ˆâ–ˆâ–Ž  | 84/115 [00:12<00:04,  6.86it/s]
 74%|â–ˆâ–ˆâ–ˆâ–ˆâ–ˆâ–ˆâ–ˆâ–  | 85/115 [00:12<00:04,  6.81it/s]
 75%|â–ˆâ–ˆâ–ˆâ–ˆâ–ˆâ–ˆâ–ˆâ–  | 86/115 [00:13<00:04,  6.81it/s]
 76%|â–ˆâ–ˆâ–ˆâ–ˆâ–ˆâ–ˆâ–ˆâ–Œ  | 87/115 [00:13<00:04,  6.59it/s]
 77%|â–ˆâ–ˆâ–ˆâ–ˆâ–ˆâ–ˆâ–ˆâ–‹  | 88/115 [00:13<00:04,  6.30it/s]
 77%|â–ˆâ–ˆâ–ˆâ–ˆâ–ˆâ–ˆâ–ˆâ–‹  | 89/115 [00:13<00:04,  6.35it/s]
 78%|â–ˆâ–ˆâ–ˆâ–ˆâ–ˆâ–ˆâ–ˆâ–Š  | 90/115 [00:13<00:03,  6.42it/s]
 79%|â–ˆâ–ˆâ–ˆâ–ˆâ–ˆâ–ˆâ–ˆâ–‰  | 91/115 [00:13<00:03,  6.47it/s]
 80%|â–ˆâ–ˆâ–ˆâ–ˆâ–ˆâ–ˆâ–ˆâ–ˆ  | 92/115 [00:13<00:03,  6.46it/s]
 81%|â–ˆâ–ˆâ–ˆâ–ˆâ–ˆâ–ˆâ–ˆâ–ˆ  | 93/115 [00:14<00:03,  6.56it/s]
 82%|â–ˆâ–ˆâ–ˆâ–ˆâ–ˆâ–ˆâ–ˆâ–ˆâ– | 94/115 [00:14<00:03,  6.68it/s]
 83%|â–ˆâ–ˆâ–ˆâ–ˆâ–ˆâ–ˆâ–ˆâ–ˆâ–Ž | 95/115 [00:14<00:02,  6.73it/s]
 83%|â–ˆâ–ˆâ–ˆâ–ˆâ–ˆâ–ˆâ–ˆâ–ˆâ–Ž | 96/115 [00:14<00:02,  6.78it/s]
 84%|â–ˆâ–ˆâ–ˆâ–ˆâ–ˆâ–ˆâ–ˆâ–ˆâ– | 97/115 [00:14<00:02,  6.78it/s]
 85%|â–ˆâ–ˆâ–ˆâ–ˆâ–ˆâ–ˆâ–ˆâ–ˆâ–Œ | 98/115 [00:14<00:02,  6.74it/s]
 86%|â–ˆâ–ˆâ–ˆâ–ˆâ–ˆâ–ˆâ–ˆâ–ˆâ–Œ | 99/115 [00:15<00:02,  6.71it/s]
 87%|â–ˆâ–ˆâ–ˆâ–ˆâ–ˆâ–ˆâ–ˆâ–ˆâ–‹ | 100/115 [00:15<00:02,  6.75it/s]
 88%|â–ˆâ–ˆâ–ˆâ–ˆâ–ˆâ–ˆâ–ˆâ–ˆâ–Š | 101/115 [00:15<00:02,  6.76it/s]
 89%|â–ˆâ–ˆâ–ˆâ–ˆâ–ˆâ–ˆâ–ˆâ–ˆâ–Š | 102/115 [00:15<00:01,  6.77it/s]
 90%|â–ˆâ–ˆâ–ˆâ–ˆâ–ˆâ–ˆâ–ˆâ–ˆâ–‰ | 103/115 [00:15<00:01,  6.79it/s]
 90%|â–ˆâ–ˆâ–ˆâ–ˆâ–ˆâ–ˆâ–ˆâ–ˆâ–ˆ | 104/115 [00:15<00:01,  6.60it/s]
 91%|â–ˆâ–ˆâ–ˆâ–ˆâ–ˆâ–ˆâ–ˆâ–ˆâ–ˆâ–| 105/115 [00:15<00:01,  6.43it/s]
 92%|â–ˆâ–ˆâ–ˆâ–ˆâ–ˆâ–ˆâ–ˆâ–ˆâ–ˆâ–| 106/115 [00:16<00:01,  6.29it/s]
 93%|â–ˆâ–ˆâ–ˆâ–ˆâ–ˆâ–ˆâ–ˆâ–ˆâ–ˆâ–Ž| 107/115 [00:16<00:01,  6.39it/s]
 94%|â–ˆâ–ˆâ–ˆâ–ˆâ–ˆâ–ˆâ–ˆâ–ˆâ–ˆâ–| 108/115 [00:16<00:01,  6.37it/s]
 95%|â–ˆâ–ˆâ–ˆâ–ˆâ–ˆâ–ˆâ–ˆâ–ˆâ–ˆâ–| 109/115 [00:16<00:00,  6.46it/s]
 96%|â–ˆâ–ˆâ–ˆâ–ˆâ–ˆâ–ˆâ–ˆâ–ˆâ–ˆâ–Œ| 110/115 [00:16<00:00,  6.54it/s]
 97%|â–ˆâ–ˆâ–ˆâ–ˆâ–ˆâ–ˆâ–ˆâ–ˆâ–ˆâ–‹| 111/115 [00:16<00:00,  6.49it/s]
 97%|â–ˆâ–ˆâ–ˆâ–ˆâ–ˆâ–ˆâ–ˆâ–ˆâ–ˆâ–‹| 112/115 [00:17<00:00,  6.43it/s]
 98%|â–ˆâ–ˆâ–ˆâ–ˆâ–ˆâ–ˆâ–ˆâ–ˆâ–ˆâ–Š| 113/115 [00:17<00:00,  6.49it/s]
 99%|â–ˆâ–ˆâ–ˆâ–ˆâ–ˆâ–ˆâ–ˆâ–ˆâ–ˆâ–‰| 114/115 [00:17<00:00,  6.54it/s]
100%|â–ˆâ–ˆâ–ˆâ–ˆâ–ˆâ–ˆâ–ˆâ–ˆâ–ˆâ–ˆ| 115/115 [00:17<00:00,  6.78it/s]
100%|â–ˆâ–ˆâ–ˆâ–ˆâ–ˆâ–ˆâ–ˆâ–ˆâ–ˆâ–ˆ| 115/115 [00:17<00:00,  6.59it/s]

  0%|          | 0/13 [00:00<?, ?it/s]
 15%|â–ˆâ–Œ        | 2/13 [00:00<00:00, 13.49it/s]
 31%|â–ˆâ–ˆâ–ˆ       | 4/13 [00:00<00:00, 13.86it/s]
 46%|â–ˆâ–ˆâ–ˆâ–ˆâ–Œ     | 6/13 [00:00<00:00, 14.01it/s]
 62%|â–ˆâ–ˆâ–ˆâ–ˆâ–ˆâ–ˆâ–   | 8/13 [00:00<00:00, 14.11it/s]
 77%|â–ˆâ–ˆâ–ˆâ–ˆâ–ˆâ–ˆâ–ˆâ–‹  | 10/13 [00:00<00:00, 14.35it/s]
 92%|â–ˆâ–ˆâ–ˆâ–ˆâ–ˆâ–ˆâ–ˆâ–ˆâ–ˆâ–| 12/13 [00:00<00:00, 14.41it/s]
100%|â–ˆâ–ˆâ–ˆâ–ˆâ–ˆâ–ˆâ–ˆâ–ˆâ–ˆâ–ˆ| 13/13 [00:00<00:00, 14.40it/s]
epoch 9: {'accuracy': 0.9093137254901961, 'f1': 0.9345132743362832} [32m, current_best_acc:[0m 0.9142156862745098 train_loss: 60.3114013671875
