model_name_or_path: roberta-large
dataset: mrpc
task: mrpc
peft: kasa
num_epochs: 10
bs: 32
lora_r: 8
lora_alpha: 16
lora_dropout: 0.0
head_lr: 0.0003
module_lr: 0.0003
max_length: 512
weight_decay: 0.1
warmup_ratio: 0.06
seed: 0
beta: 0.01
gemma: 0.01

Map:   0%|          | 0/1725 [00:00<?, ? examples/s]
Map: 100%|â–ˆâ–ˆâ–ˆâ–ˆâ–ˆâ–ˆâ–ˆâ–ˆâ–ˆâ–ˆ| 1725/1725 [00:00<00:00, 16652.03 examples/s]
Map: 100%|â–ˆâ–ˆâ–ˆâ–ˆâ–ˆâ–ˆâ–ˆâ–ˆâ–ˆâ–ˆ| 1725/1725 [00:00<00:00, 16370.47 examples/s]
Some weights of RobertaForSequenceClassification were not initialized from the model checkpoint at roberta-large and are newly initialized: ['classifier.dense.bias', 'classifier.dense.weight', 'classifier.out_proj.bias', 'classifier.out_proj.weight']
You should probably TRAIN this model on a down-stream task to be able to use it for predictions and inference.
RobertaForSequenceClassification(
  (roberta): RobertaModel(
    (embeddings): RobertaEmbeddings(
      (word_embeddings): Embedding(50265, 1024, padding_idx=1)
      (position_embeddings): Embedding(514, 1024, padding_idx=1)
      (token_type_embeddings): Embedding(1, 1024)
      (LayerNorm): LayerNorm((1024,), eps=1e-05, elementwise_affine=True)
      (dropout): Dropout(p=0.1, inplace=False)
    )
    (encoder): RobertaEncoder(
      (layer): ModuleList(
        (0-23): 24 x RobertaLayer(
          (attention): RobertaAttention(
            (self): RobertaSelfAttention(
              (query): Linear(in_features=1024, out_features=1024, bias=True)
              (key): Linear(in_features=1024, out_features=1024, bias=True)
              (value): Linear(in_features=1024, out_features=1024, bias=True)
              (dropout): Dropout(p=0.1, inplace=False)
            )
            (output): RobertaSelfOutput(
              (dense): Linear(in_features=1024, out_features=1024, bias=True)
              (LayerNorm): LayerNorm((1024,), eps=1e-05, elementwise_affine=True)
              (dropout): Dropout(p=0.1, inplace=False)
            )
          )
          (intermediate): RobertaIntermediate(
            (dense): Linear(in_features=1024, out_features=4096, bias=True)
            (intermediate_act_fn): GELUActivation()
          )
          (output): RobertaOutput(
            (dense): Linear(in_features=4096, out_features=1024, bias=True)
            (LayerNorm): LayerNorm((1024,), eps=1e-05, elementwise_affine=True)
            (dropout): Dropout(p=0.1, inplace=False)
          )
        )
      )
    )
  )
  (classifier): RobertaClassificationHead(
    (dense): Linear(in_features=1024, out_features=1024, bias=True)
    (dropout): Dropout(p=0.1, inplace=False)
    (out_proj): Linear(in_features=1024, out_features=2, bias=True)
  )
)
base_model.model.roberta.encoder.layer.0.attention.self.query.lora_A.default.weight 8192
base_model.model.roberta.encoder.layer.0.attention.self.query.lora_B.default.weight 8192
base_model.model.roberta.encoder.layer.0.attention.self.query.lora_diag.default 8
base_model.model.roberta.encoder.layer.0.attention.self.value.lora_A.default.weight 8192
base_model.model.roberta.encoder.layer.0.attention.self.value.lora_B.default.weight 8192
base_model.model.roberta.encoder.layer.0.attention.self.value.lora_diag.default 8
base_model.model.roberta.encoder.layer.1.attention.self.query.lora_A.default.weight 8192
base_model.model.roberta.encoder.layer.1.attention.self.query.lora_B.default.weight 8192
base_model.model.roberta.encoder.layer.1.attention.self.query.lora_diag.default 8
base_model.model.roberta.encoder.layer.1.attention.self.value.lora_A.default.weight 8192
base_model.model.roberta.encoder.layer.1.attention.self.value.lora_B.default.weight 8192
base_model.model.roberta.encoder.layer.1.attention.self.value.lora_diag.default 8
base_model.model.roberta.encoder.layer.2.attention.self.query.lora_A.default.weight 8192
base_model.model.roberta.encoder.layer.2.attention.self.query.lora_B.default.weight 8192
base_model.model.roberta.encoder.layer.2.attention.self.query.lora_diag.default 8
base_model.model.roberta.encoder.layer.2.attention.self.value.lora_A.default.weight 8192
base_model.model.roberta.encoder.layer.2.attention.self.value.lora_B.default.weight 8192
base_model.model.roberta.encoder.layer.2.attention.self.value.lora_diag.default 8
base_model.model.roberta.encoder.layer.3.attention.self.query.lora_A.default.weight 8192
base_model.model.roberta.encoder.layer.3.attention.self.query.lora_B.default.weight 8192
base_model.model.roberta.encoder.layer.3.attention.self.query.lora_diag.default 8
base_model.model.roberta.encoder.layer.3.attention.self.value.lora_A.default.weight 8192
base_model.model.roberta.encoder.layer.3.attention.self.value.lora_B.default.weight 8192
base_model.model.roberta.encoder.layer.3.attention.self.value.lora_diag.default 8
base_model.model.roberta.encoder.layer.4.attention.self.query.lora_A.default.weight 8192
base_model.model.roberta.encoder.layer.4.attention.self.query.lora_B.default.weight 8192
base_model.model.roberta.encoder.layer.4.attention.self.query.lora_diag.default 8
base_model.model.roberta.encoder.layer.4.attention.self.value.lora_A.default.weight 8192
base_model.model.roberta.encoder.layer.4.attention.self.value.lora_B.default.weight 8192
base_model.model.roberta.encoder.layer.4.attention.self.value.lora_diag.default 8
base_model.model.roberta.encoder.layer.5.attention.self.query.lora_A.default.weight 8192
base_model.model.roberta.encoder.layer.5.attention.self.query.lora_B.default.weight 8192
base_model.model.roberta.encoder.layer.5.attention.self.query.lora_diag.default 8
base_model.model.roberta.encoder.layer.5.attention.self.value.lora_A.default.weight 8192
base_model.model.roberta.encoder.layer.5.attention.self.value.lora_B.default.weight 8192
base_model.model.roberta.encoder.layer.5.attention.self.value.lora_diag.default 8
base_model.model.roberta.encoder.layer.6.attention.self.query.lora_A.default.weight 8192
base_model.model.roberta.encoder.layer.6.attention.self.query.lora_B.default.weight 8192
base_model.model.roberta.encoder.layer.6.attention.self.query.lora_diag.default 8
base_model.model.roberta.encoder.layer.6.attention.self.value.lora_A.default.weight 8192
base_model.model.roberta.encoder.layer.6.attention.self.value.lora_B.default.weight 8192
base_model.model.roberta.encoder.layer.6.attention.self.value.lora_diag.default 8
base_model.model.roberta.encoder.layer.7.attention.self.query.lora_A.default.weight 8192
base_model.model.roberta.encoder.layer.7.attention.self.query.lora_B.default.weight 8192
base_model.model.roberta.encoder.layer.7.attention.self.query.lora_diag.default 8
base_model.model.roberta.encoder.layer.7.attention.self.value.lora_A.default.weight 8192
base_model.model.roberta.encoder.layer.7.attention.self.value.lora_B.default.weight 8192
base_model.model.roberta.encoder.layer.7.attention.self.value.lora_diag.default 8
base_model.model.roberta.encoder.layer.8.attention.self.query.lora_A.default.weight 8192
base_model.model.roberta.encoder.layer.8.attention.self.query.lora_B.default.weight 8192
base_model.model.roberta.encoder.layer.8.attention.self.query.lora_diag.default 8
base_model.model.roberta.encoder.layer.8.attention.self.value.lora_A.default.weight 8192
base_model.model.roberta.encoder.layer.8.attention.self.value.lora_B.default.weight 8192
base_model.model.roberta.encoder.layer.8.attention.self.value.lora_diag.default 8
base_model.model.roberta.encoder.layer.9.attention.self.query.lora_A.default.weight 8192
base_model.model.roberta.encoder.layer.9.attention.self.query.lora_B.default.weight 8192
base_model.model.roberta.encoder.layer.9.attention.self.query.lora_diag.default 8
base_model.model.roberta.encoder.layer.9.attention.self.value.lora_A.default.weight 8192
base_model.model.roberta.encoder.layer.9.attention.self.value.lora_B.default.weight 8192
base_model.model.roberta.encoder.layer.9.attention.self.value.lora_diag.default 8
base_model.model.roberta.encoder.layer.10.attention.self.query.lora_A.default.weight 8192
base_model.model.roberta.encoder.layer.10.attention.self.query.lora_B.default.weight 8192
base_model.model.roberta.encoder.layer.10.attention.self.query.lora_diag.default 8
base_model.model.roberta.encoder.layer.10.attention.self.value.lora_A.default.weight 8192
base_model.model.roberta.encoder.layer.10.attention.self.value.lora_B.default.weight 8192
base_model.model.roberta.encoder.layer.10.attention.self.value.lora_diag.default 8
base_model.model.roberta.encoder.layer.11.attention.self.query.lora_A.default.weight 8192
base_model.model.roberta.encoder.layer.11.attention.self.query.lora_B.default.weight 8192
base_model.model.roberta.encoder.layer.11.attention.self.query.lora_diag.default 8
base_model.model.roberta.encoder.layer.11.attention.self.value.lora_A.default.weight 8192
base_model.model.roberta.encoder.layer.11.attention.self.value.lora_B.default.weight 8192
base_model.model.roberta.encoder.layer.11.attention.self.value.lora_diag.default 8
base_model.model.roberta.encoder.layer.12.attention.self.query.lora_A.default.weight 8192
base_model.model.roberta.encoder.layer.12.attention.self.query.lora_B.default.weight 8192
base_model.model.roberta.encoder.layer.12.attention.self.query.lora_diag.default 8
base_model.model.roberta.encoder.layer.12.attention.self.value.lora_A.default.weight 8192
base_model.model.roberta.encoder.layer.12.attention.self.value.lora_B.default.weight 8192
base_model.model.roberta.encoder.layer.12.attention.self.value.lora_diag.default 8
base_model.model.roberta.encoder.layer.13.attention.self.query.lora_A.default.weight 8192
base_model.model.roberta.encoder.layer.13.attention.self.query.lora_B.default.weight 8192
base_model.model.roberta.encoder.layer.13.attention.self.query.lora_diag.default 8
base_model.model.roberta.encoder.layer.13.attention.self.value.lora_A.default.weight 8192
base_model.model.roberta.encoder.layer.13.attention.self.value.lora_B.default.weight 8192
base_model.model.roberta.encoder.layer.13.attention.self.value.lora_diag.default 8
base_model.model.roberta.encoder.layer.14.attention.self.query.lora_A.default.weight 8192
base_model.model.roberta.encoder.layer.14.attention.self.query.lora_B.default.weight 8192
base_model.model.roberta.encoder.layer.14.attention.self.query.lora_diag.default 8
base_model.model.roberta.encoder.layer.14.attention.self.value.lora_A.default.weight 8192
base_model.model.roberta.encoder.layer.14.attention.self.value.lora_B.default.weight 8192
base_model.model.roberta.encoder.layer.14.attention.self.value.lora_diag.default 8
base_model.model.roberta.encoder.layer.15.attention.self.query.lora_A.default.weight 8192
base_model.model.roberta.encoder.layer.15.attention.self.query.lora_B.default.weight 8192
base_model.model.roberta.encoder.layer.15.attention.self.query.lora_diag.default 8
base_model.model.roberta.encoder.layer.15.attention.self.value.lora_A.default.weight 8192
base_model.model.roberta.encoder.layer.15.attention.self.value.lora_B.default.weight 8192
base_model.model.roberta.encoder.layer.15.attention.self.value.lora_diag.default 8
base_model.model.roberta.encoder.layer.16.attention.self.query.lora_A.default.weight 8192
base_model.model.roberta.encoder.layer.16.attention.self.query.lora_B.default.weight 8192
base_model.model.roberta.encoder.layer.16.attention.self.query.lora_diag.default 8
base_model.model.roberta.encoder.layer.16.attention.self.value.lora_A.default.weight 8192
base_model.model.roberta.encoder.layer.16.attention.self.value.lora_B.default.weight 8192
base_model.model.roberta.encoder.layer.16.attention.self.value.lora_diag.default 8
base_model.model.roberta.encoder.layer.17.attention.self.query.lora_A.default.weight 8192
base_model.model.roberta.encoder.layer.17.attention.self.query.lora_B.default.weight 8192
base_model.model.roberta.encoder.layer.17.attention.self.query.lora_diag.default 8
base_model.model.roberta.encoder.layer.17.attention.self.value.lora_A.default.weight 8192
base_model.model.roberta.encoder.layer.17.attention.self.value.lora_B.default.weight 8192
base_model.model.roberta.encoder.layer.17.attention.self.value.lora_diag.default 8
base_model.model.roberta.encoder.layer.18.attention.self.query.lora_A.default.weight 8192
base_model.model.roberta.encoder.layer.18.attention.self.query.lora_B.default.weight 8192
base_model.model.roberta.encoder.layer.18.attention.self.query.lora_diag.default 8
base_model.model.roberta.encoder.layer.18.attention.self.value.lora_A.default.weight 8192
base_model.model.roberta.encoder.layer.18.attention.self.value.lora_B.default.weight 8192
base_model.model.roberta.encoder.layer.18.attention.self.value.lora_diag.default 8
base_model.model.roberta.encoder.layer.19.attention.self.query.lora_A.default.weight 8192
base_model.model.roberta.encoder.layer.19.attention.self.query.lora_B.default.weight 8192
base_model.model.roberta.encoder.layer.19.attention.self.query.lora_diag.default 8
base_model.model.roberta.encoder.layer.19.attention.self.value.lora_A.default.weight 8192
base_model.model.roberta.encoder.layer.19.attention.self.value.lora_B.default.weight 8192
base_model.model.roberta.encoder.layer.19.attention.self.value.lora_diag.default 8
base_model.model.roberta.encoder.layer.20.attention.self.query.lora_A.default.weight 8192
base_model.model.roberta.encoder.layer.20.attention.self.query.lora_B.default.weight 8192
base_model.model.roberta.encoder.layer.20.attention.self.query.lora_diag.default 8
base_model.model.roberta.encoder.layer.20.attention.self.value.lora_A.default.weight 8192
base_model.model.roberta.encoder.layer.20.attention.self.value.lora_B.default.weight 8192
base_model.model.roberta.encoder.layer.20.attention.self.value.lora_diag.default 8
base_model.model.roberta.encoder.layer.21.attention.self.query.lora_A.default.weight 8192
base_model.model.roberta.encoder.layer.21.attention.self.query.lora_B.default.weight 8192
base_model.model.roberta.encoder.layer.21.attention.self.query.lora_diag.default 8
base_model.model.roberta.encoder.layer.21.attention.self.value.lora_A.default.weight 8192
base_model.model.roberta.encoder.layer.21.attention.self.value.lora_B.default.weight 8192
base_model.model.roberta.encoder.layer.21.attention.self.value.lora_diag.default 8
base_model.model.roberta.encoder.layer.22.attention.self.query.lora_A.default.weight 8192
base_model.model.roberta.encoder.layer.22.attention.self.query.lora_B.default.weight 8192
base_model.model.roberta.encoder.layer.22.attention.self.query.lora_diag.default 8
base_model.model.roberta.encoder.layer.22.attention.self.value.lora_A.default.weight 8192
base_model.model.roberta.encoder.layer.22.attention.self.value.lora_B.default.weight 8192
base_model.model.roberta.encoder.layer.22.attention.self.value.lora_diag.default 8
base_model.model.roberta.encoder.layer.23.attention.self.query.lora_A.default.weight 8192
base_model.model.roberta.encoder.layer.23.attention.self.query.lora_B.default.weight 8192
base_model.model.roberta.encoder.layer.23.attention.self.query.lora_diag.default 8
base_model.model.roberta.encoder.layer.23.attention.self.value.lora_A.default.weight 8192
base_model.model.roberta.encoder.layer.23.attention.self.value.lora_B.default.weight 8192
base_model.model.roberta.encoder.layer.23.attention.self.value.lora_diag.default 8
trainable params: 786,816 || all params: 355,096,960 || trainable%: 0.0022157779103487677

  0%|          | 0/115 [00:00<?, ?it/s]You're using a RobertaTokenizerFast tokenizer. Please note that with a fast tokenizer, using the `__call__` method is faster than using a method to encode the text followed by a call to the `pad` method to get a padded encoding.

  1%|          | 1/115 [00:00<01:04,  1.76it/s]
  2%|â–         | 2/115 [00:00<00:42,  2.68it/s]
  3%|â–Ž         | 3/115 [00:01<00:37,  2.97it/s]
  3%|â–Ž         | 4/115 [00:01<00:38,  2.89it/s]
  4%|â–         | 5/115 [00:01<00:35,  3.07it/s]
  5%|â–Œ         | 6/115 [00:02<00:34,  3.20it/s]
  6%|â–Œ         | 7/115 [00:02<00:32,  3.31it/s]
  7%|â–‹         | 8/115 [00:02<00:31,  3.37it/s]
  8%|â–Š         | 9/115 [00:02<00:30,  3.44it/s]
  9%|â–Š         | 10/115 [00:03<00:32,  3.27it/s]
 10%|â–‰         | 11/115 [00:03<00:31,  3.29it/s]
 10%|â–ˆ         | 12/115 [00:03<00:30,  3.38it/s]
 11%|â–ˆâ–        | 13/115 [00:04<00:29,  3.41it/s]
 12%|â–ˆâ–        | 14/115 [00:04<00:29,  3.47it/s]
 13%|â–ˆâ–Ž        | 15/115 [00:04<00:29,  3.38it/s]
 14%|â–ˆâ–        | 16/115 [00:04<00:29,  3.37it/s]
 15%|â–ˆâ–        | 17/115 [00:05<00:28,  3.38it/s]
 16%|â–ˆâ–Œ        | 18/115 [00:05<00:28,  3.41it/s]
 17%|â–ˆâ–‹        | 19/115 [00:05<00:27,  3.48it/s]
 17%|â–ˆâ–‹        | 20/115 [00:06<00:27,  3.48it/s]
 18%|â–ˆâ–Š        | 21/115 [00:06<00:27,  3.47it/s]
 19%|â–ˆâ–‰        | 22/115 [00:06<00:26,  3.51it/s]
 20%|â–ˆâ–ˆ        | 23/115 [00:07<00:27,  3.36it/s]
 21%|â–ˆâ–ˆ        | 24/115 [00:07<00:27,  3.36it/s]
 22%|â–ˆâ–ˆâ–       | 25/115 [00:07<00:27,  3.30it/s]
 23%|â–ˆâ–ˆâ–Ž       | 26/115 [00:07<00:26,  3.33it/s]
 23%|â–ˆâ–ˆâ–Ž       | 27/115 [00:08<00:25,  3.42it/s]
 24%|â–ˆâ–ˆâ–       | 28/115 [00:08<00:25,  3.45it/s]
 25%|â–ˆâ–ˆâ–Œ       | 29/115 [00:08<00:24,  3.46it/s]
 26%|â–ˆâ–ˆâ–Œ       | 30/115 [00:09<00:25,  3.36it/s]
 27%|â–ˆâ–ˆâ–‹       | 31/115 [00:09<00:24,  3.39it/s]
 28%|â–ˆâ–ˆâ–Š       | 32/115 [00:09<00:24,  3.36it/s]
 29%|â–ˆâ–ˆâ–Š       | 33/115 [00:09<00:24,  3.39it/s]
 30%|â–ˆâ–ˆâ–‰       | 34/115 [00:10<00:24,  3.33it/s]
 30%|â–ˆâ–ˆâ–ˆ       | 35/115 [00:10<00:23,  3.38it/s]
 31%|â–ˆâ–ˆâ–ˆâ–      | 36/115 [00:10<00:22,  3.45it/s]
 32%|â–ˆâ–ˆâ–ˆâ–      | 37/115 [00:11<00:22,  3.48it/s]
 33%|â–ˆâ–ˆâ–ˆâ–Ž      | 38/115 [00:11<00:21,  3.50it/s]
 34%|â–ˆâ–ˆâ–ˆâ–      | 39/115 [00:11<00:21,  3.54it/s]
 35%|â–ˆâ–ˆâ–ˆâ–      | 40/115 [00:11<00:21,  3.54it/s]
 36%|â–ˆâ–ˆâ–ˆâ–Œ      | 41/115 [00:12<00:20,  3.55it/s]
 37%|â–ˆâ–ˆâ–ˆâ–‹      | 42/115 [00:12<00:21,  3.42it/s]
 37%|â–ˆâ–ˆâ–ˆâ–‹      | 43/115 [00:12<00:21,  3.35it/s]
 38%|â–ˆâ–ˆâ–ˆâ–Š      | 44/115 [00:13<00:21,  3.36it/s]
 39%|â–ˆâ–ˆâ–ˆâ–‰      | 45/115 [00:13<00:20,  3.41it/s]
 40%|â–ˆâ–ˆâ–ˆâ–ˆ      | 46/115 [00:13<00:20,  3.36it/s]
 41%|â–ˆâ–ˆâ–ˆâ–ˆ      | 47/115 [00:14<00:20,  3.38it/s]
 42%|â–ˆâ–ˆâ–ˆâ–ˆâ–     | 48/115 [00:14<00:19,  3.43it/s]
 43%|â–ˆâ–ˆâ–ˆâ–ˆâ–Ž     | 49/115 [00:14<00:18,  3.48it/s]
 43%|â–ˆâ–ˆâ–ˆâ–ˆâ–Ž     | 50/115 [00:14<00:19,  3.38it/s]
 44%|â–ˆâ–ˆâ–ˆâ–ˆâ–     | 51/115 [00:15<00:19,  3.37it/s]
 45%|â–ˆâ–ˆâ–ˆâ–ˆâ–Œ     | 52/115 [00:15<00:18,  3.33it/s]
 46%|â–ˆâ–ˆâ–ˆâ–ˆâ–Œ     | 53/115 [00:15<00:18,  3.40it/s]
 47%|â–ˆâ–ˆâ–ˆâ–ˆâ–‹     | 54/115 [00:16<00:18,  3.32it/s]
 48%|â–ˆâ–ˆâ–ˆâ–ˆâ–Š     | 55/115 [00:16<00:18,  3.25it/s]
 49%|â–ˆâ–ˆâ–ˆâ–ˆâ–Š     | 56/115 [00:16<00:17,  3.30it/s]
 50%|â–ˆâ–ˆâ–ˆâ–ˆâ–‰     | 57/115 [00:17<00:17,  3.36it/s]
 50%|â–ˆâ–ˆâ–ˆâ–ˆâ–ˆ     | 58/115 [00:17<00:16,  3.44it/s]
 51%|â–ˆâ–ˆâ–ˆâ–ˆâ–ˆâ–    | 59/115 [00:17<00:16,  3.45it/s]
 52%|â–ˆâ–ˆâ–ˆâ–ˆâ–ˆâ–    | 60/115 [00:17<00:16,  3.34it/s]
 53%|â–ˆâ–ˆâ–ˆâ–ˆâ–ˆâ–Ž    | 61/115 [00:18<00:16,  3.36it/s]
 54%|â–ˆâ–ˆâ–ˆâ–ˆâ–ˆâ–    | 62/115 [00:18<00:15,  3.40it/s]
 55%|â–ˆâ–ˆâ–ˆâ–ˆâ–ˆâ–    | 63/115 [00:18<00:15,  3.44it/s]
 56%|â–ˆâ–ˆâ–ˆâ–ˆâ–ˆâ–Œ    | 64/115 [00:19<00:14,  3.46it/s]
 57%|â–ˆâ–ˆâ–ˆâ–ˆâ–ˆâ–‹    | 65/115 [00:19<00:14,  3.41it/s]
 57%|â–ˆâ–ˆâ–ˆâ–ˆâ–ˆâ–‹    | 66/115 [00:19<00:14,  3.40it/s]
 58%|â–ˆâ–ˆâ–ˆâ–ˆâ–ˆâ–Š    | 67/115 [00:19<00:14,  3.28it/s]
 59%|â–ˆâ–ˆâ–ˆâ–ˆâ–ˆâ–‰    | 68/115 [00:20<00:14,  3.21it/s]
 60%|â–ˆâ–ˆâ–ˆâ–ˆâ–ˆâ–ˆ    | 69/115 [00:20<00:14,  3.24it/s]
 61%|â–ˆâ–ˆâ–ˆâ–ˆâ–ˆâ–ˆ    | 70/115 [00:20<00:13,  3.22it/s]
 62%|â–ˆâ–ˆâ–ˆâ–ˆâ–ˆâ–ˆâ–   | 71/115 [00:21<00:13,  3.28it/s]
 63%|â–ˆâ–ˆâ–ˆâ–ˆâ–ˆâ–ˆâ–Ž   | 72/115 [00:21<00:13,  3.26it/s]
 63%|â–ˆâ–ˆâ–ˆâ–ˆâ–ˆâ–ˆâ–Ž   | 73/115 [00:21<00:12,  3.29it/s]
 64%|â–ˆâ–ˆâ–ˆâ–ˆâ–ˆâ–ˆâ–   | 74/115 [00:22<00:12,  3.35it/s]
 65%|â–ˆâ–ˆâ–ˆâ–ˆâ–ˆâ–ˆâ–Œ   | 75/115 [00:22<00:11,  3.39it/s]
 66%|â–ˆâ–ˆâ–ˆâ–ˆâ–ˆâ–ˆâ–Œ   | 76/115 [00:22<00:11,  3.41it/s]
 67%|â–ˆâ–ˆâ–ˆâ–ˆâ–ˆâ–ˆâ–‹   | 77/115 [00:22<00:11,  3.45it/s]
 68%|â–ˆâ–ˆâ–ˆâ–ˆâ–ˆâ–ˆâ–Š   | 78/115 [00:23<00:10,  3.44it/s]
 69%|â–ˆâ–ˆâ–ˆâ–ˆâ–ˆâ–ˆâ–Š   | 79/115 [00:23<00:10,  3.43it/s]
 70%|â–ˆâ–ˆâ–ˆâ–ˆâ–ˆâ–ˆâ–‰   | 80/115 [00:23<00:10,  3.42it/s]
 70%|â–ˆâ–ˆâ–ˆâ–ˆâ–ˆâ–ˆâ–ˆ   | 81/115 [00:24<00:10,  3.34it/s]
 71%|â–ˆâ–ˆâ–ˆâ–ˆâ–ˆâ–ˆâ–ˆâ–  | 82/115 [00:24<00:09,  3.31it/s]
 72%|â–ˆâ–ˆâ–ˆâ–ˆâ–ˆâ–ˆâ–ˆâ–  | 83/115 [00:24<00:09,  3.37it/s]
 73%|â–ˆâ–ˆâ–ˆâ–ˆâ–ˆâ–ˆâ–ˆâ–Ž  | 84/115 [00:25<00:09,  3.40it/s]
 74%|â–ˆâ–ˆâ–ˆâ–ˆâ–ˆâ–ˆâ–ˆâ–  | 85/115 [00:25<00:08,  3.35it/s]
 75%|â–ˆâ–ˆâ–ˆâ–ˆâ–ˆâ–ˆâ–ˆâ–  | 86/115 [00:25<00:08,  3.24it/s]
 76%|â–ˆâ–ˆâ–ˆâ–ˆâ–ˆâ–ˆâ–ˆâ–Œ  | 87/115 [00:25<00:08,  3.26it/s]
 77%|â–ˆâ–ˆâ–ˆâ–ˆâ–ˆâ–ˆâ–ˆâ–‹  | 88/115 [00:26<00:08,  3.33it/s]
 77%|â–ˆâ–ˆâ–ˆâ–ˆâ–ˆâ–ˆâ–ˆâ–‹  | 89/115 [00:26<00:07,  3.38it/s]
 78%|â–ˆâ–ˆâ–ˆâ–ˆâ–ˆâ–ˆâ–ˆâ–Š  | 90/115 [00:26<00:07,  3.42it/s]
 79%|â–ˆâ–ˆâ–ˆâ–ˆâ–ˆâ–ˆâ–ˆâ–‰  | 91/115 [00:27<00:07,  3.34it/s]
 80%|â–ˆâ–ˆâ–ˆâ–ˆâ–ˆâ–ˆâ–ˆâ–ˆ  | 92/115 [00:27<00:06,  3.34it/s]
 81%|â–ˆâ–ˆâ–ˆâ–ˆâ–ˆâ–ˆâ–ˆâ–ˆ  | 93/115 [00:27<00:06,  3.35it/s]
 82%|â–ˆâ–ˆâ–ˆâ–ˆâ–ˆâ–ˆâ–ˆâ–ˆâ– | 94/115 [00:28<00:06,  3.42it/s]
 83%|â–ˆâ–ˆâ–ˆâ–ˆâ–ˆâ–ˆâ–ˆâ–ˆâ–Ž | 95/115 [00:28<00:05,  3.35it/s]
 83%|â–ˆâ–ˆâ–ˆâ–ˆâ–ˆâ–ˆâ–ˆâ–ˆâ–Ž | 96/115 [00:28<00:05,  3.36it/s]
 84%|â–ˆâ–ˆâ–ˆâ–ˆâ–ˆâ–ˆâ–ˆâ–ˆâ– | 97/115 [00:28<00:05,  3.39it/s]
 85%|â–ˆâ–ˆâ–ˆâ–ˆâ–ˆâ–ˆâ–ˆâ–ˆâ–Œ | 98/115 [00:29<00:05,  3.31it/s]
 86%|â–ˆâ–ˆâ–ˆâ–ˆâ–ˆâ–ˆâ–ˆâ–ˆâ–Œ | 99/115 [00:29<00:04,  3.22it/s]
 87%|â–ˆâ–ˆâ–ˆâ–ˆâ–ˆâ–ˆâ–ˆâ–ˆâ–‹ | 100/115 [00:29<00:04,  3.28it/s]
 88%|â–ˆâ–ˆâ–ˆâ–ˆâ–ˆâ–ˆâ–ˆâ–ˆâ–Š | 101/115 [00:30<00:04,  3.23it/s]
 89%|â–ˆâ–ˆâ–ˆâ–ˆâ–ˆâ–ˆâ–ˆâ–ˆâ–Š | 102/115 [00:30<00:03,  3.28it/s]
 90%|â–ˆâ–ˆâ–ˆâ–ˆâ–ˆâ–ˆâ–ˆâ–ˆâ–‰ | 103/115 [00:30<00:03,  3.34it/s]
 90%|â–ˆâ–ˆâ–ˆâ–ˆâ–ˆâ–ˆâ–ˆâ–ˆâ–ˆ | 104/115 [00:31<00:03,  3.39it/s]
 91%|â–ˆâ–ˆâ–ˆâ–ˆâ–ˆâ–ˆâ–ˆâ–ˆâ–ˆâ–| 105/115 [00:31<00:02,  3.42it/s]
 92%|â–ˆâ–ˆâ–ˆâ–ˆâ–ˆâ–ˆâ–ˆâ–ˆâ–ˆâ–| 106/115 [00:31<00:02,  3.43it/s]
 93%|â–ˆâ–ˆâ–ˆâ–ˆâ–ˆâ–ˆâ–ˆâ–ˆâ–ˆâ–Ž| 107/115 [00:31<00:02,  3.42it/s]
 94%|â–ˆâ–ˆâ–ˆâ–ˆâ–ˆâ–ˆâ–ˆâ–ˆâ–ˆâ–| 108/115 [00:32<00:02,  3.41it/s]
 95%|â–ˆâ–ˆâ–ˆâ–ˆâ–ˆâ–ˆâ–ˆâ–ˆâ–ˆâ–| 109/115 [00:32<00:01,  3.29it/s]
 96%|â–ˆâ–ˆâ–ˆâ–ˆâ–ˆâ–ˆâ–ˆâ–ˆâ–ˆâ–Œ| 110/115 [00:32<00:01,  3.09it/s]
 97%|â–ˆâ–ˆâ–ˆâ–ˆâ–ˆâ–ˆâ–ˆâ–ˆâ–ˆâ–‹| 111/115 [00:33<00:01,  3.13it/s]
 97%|â–ˆâ–ˆâ–ˆâ–ˆâ–ˆâ–ˆâ–ˆâ–ˆâ–ˆâ–‹| 112/115 [00:33<00:00,  3.19it/s]
 98%|â–ˆâ–ˆâ–ˆâ–ˆâ–ˆâ–ˆâ–ˆâ–ˆâ–ˆâ–Š| 113/115 [00:33<00:00,  3.12it/s]
 99%|â–ˆâ–ˆâ–ˆâ–ˆâ–ˆâ–ˆâ–ˆâ–ˆâ–ˆâ–‰| 114/115 [00:34<00:00,  3.16it/s]
100%|â–ˆâ–ˆâ–ˆâ–ˆâ–ˆâ–ˆâ–ˆâ–ˆâ–ˆâ–ˆ| 115/115 [00:34<00:00,  3.42it/s]
100%|â–ˆâ–ˆâ–ˆâ–ˆâ–ˆâ–ˆâ–ˆâ–ˆâ–ˆâ–ˆ| 115/115 [00:34<00:00,  3.34it/s]

  0%|          | 0/13 [00:00<?, ?it/s]
  8%|â–Š         | 1/13 [00:00<00:02,  5.38it/s]
 15%|â–ˆâ–Œ        | 2/13 [00:00<00:01,  6.25it/s]
 23%|â–ˆâ–ˆâ–Ž       | 3/13 [00:00<00:01,  6.36it/s]
 31%|â–ˆâ–ˆâ–ˆ       | 4/13 [00:00<00:01,  6.30it/s]
 38%|â–ˆâ–ˆâ–ˆâ–Š      | 5/13 [00:00<00:01,  6.50it/s]
 46%|â–ˆâ–ˆâ–ˆâ–ˆâ–Œ     | 6/13 [00:00<00:01,  6.68it/s]
 54%|â–ˆâ–ˆâ–ˆâ–ˆâ–ˆâ–    | 7/13 [00:01<00:00,  6.76it/s]
 62%|â–ˆâ–ˆâ–ˆâ–ˆâ–ˆâ–ˆâ–   | 8/13 [00:01<00:00,  6.58it/s]
 69%|â–ˆâ–ˆâ–ˆâ–ˆâ–ˆâ–ˆâ–‰   | 9/13 [00:01<00:00,  6.73it/s]
 77%|â–ˆâ–ˆâ–ˆâ–ˆâ–ˆâ–ˆâ–ˆâ–‹  | 10/13 [00:01<00:00,  6.87it/s]
 85%|â–ˆâ–ˆâ–ˆâ–ˆâ–ˆâ–ˆâ–ˆâ–ˆâ– | 11/13 [00:01<00:00,  6.93it/s]
 92%|â–ˆâ–ˆâ–ˆâ–ˆâ–ˆâ–ˆâ–ˆâ–ˆâ–ˆâ–| 12/13 [00:01<00:00,  6.92it/s]
100%|â–ˆâ–ˆâ–ˆâ–ˆâ–ˆâ–ˆâ–ˆâ–ˆâ–ˆâ–ˆ| 13/13 [00:01<00:00,  7.28it/s]
100%|â–ˆâ–ˆâ–ˆâ–ˆâ–ˆâ–ˆâ–ˆâ–ˆâ–ˆâ–ˆ| 13/13 [00:01<00:00,  6.76it/s]
epoch 0: {'accuracy': 0.7083333333333334, 'f1': 0.8221225710014948} [32m, current_best_acc:[0m 0.7083333333333334 train_loss: 1.3208236694335938

  0%|          | 0/115 [00:00<?, ?it/s]
  1%|          | 1/115 [00:00<00:29,  3.82it/s]
  2%|â–         | 2/115 [00:00<00:31,  3.58it/s]
  3%|â–Ž         | 3/115 [00:00<00:31,  3.51it/s]
  3%|â–Ž         | 4/115 [00:01<00:31,  3.57it/s]
  4%|â–         | 5/115 [00:01<00:30,  3.55it/s]
  5%|â–Œ         | 6/115 [00:01<00:32,  3.36it/s]
  6%|â–Œ         | 7/115 [00:02<00:32,  3.36it/s]
  7%|â–‹         | 8/115 [00:02<00:33,  3.19it/s]
  8%|â–Š         | 9/115 [00:02<00:33,  3.19it/s]
  9%|â–Š         | 10/115 [00:02<00:31,  3.29it/s]
 10%|â–‰         | 11/115 [00:03<00:32,  3.24it/s]
 10%|â–ˆ         | 12/115 [00:03<00:32,  3.13it/s]
 11%|â–ˆâ–        | 13/115 [00:03<00:31,  3.21it/s]
 12%|â–ˆâ–        | 14/115 [00:04<00:30,  3.27it/s]
 13%|â–ˆâ–Ž        | 15/115 [00:04<00:30,  3.26it/s]
 14%|â–ˆâ–        | 16/115 [00:04<00:29,  3.31it/s]
 15%|â–ˆâ–        | 17/115 [00:05<00:28,  3.39it/s]
 16%|â–ˆâ–Œ        | 18/115 [00:05<00:28,  3.41it/s]
 17%|â–ˆâ–‹        | 19/115 [00:05<00:28,  3.43it/s]
 17%|â–ˆâ–‹        | 20/115 [00:05<00:27,  3.47it/s]
 18%|â–ˆâ–Š        | 21/115 [00:06<00:27,  3.46it/s]
 19%|â–ˆâ–‰        | 22/115 [00:06<00:26,  3.50it/s]
 20%|â–ˆâ–ˆ        | 23/115 [00:06<00:26,  3.45it/s]
 21%|â–ˆâ–ˆ        | 24/115 [00:07<00:26,  3.48it/s]
 22%|â–ˆâ–ˆâ–       | 25/115 [00:07<00:25,  3.50it/s]
 23%|â–ˆâ–ˆâ–Ž       | 26/115 [00:07<00:25,  3.45it/s]
 23%|â–ˆâ–ˆâ–Ž       | 27/115 [00:07<00:25,  3.39it/s]
 24%|â–ˆâ–ˆâ–       | 28/115 [00:08<00:25,  3.37it/s]
 25%|â–ˆâ–ˆâ–Œ       | 29/115 [00:08<00:24,  3.44it/s]
 26%|â–ˆâ–ˆâ–Œ       | 30/115 [00:08<00:24,  3.52it/s]
 27%|â–ˆâ–ˆâ–‹       | 31/115 [00:09<00:23,  3.51it/s]
 28%|â–ˆâ–ˆâ–Š       | 32/115 [00:09<00:25,  3.31it/s]
 29%|â–ˆâ–ˆâ–Š       | 33/115 [00:09<00:24,  3.30it/s]
 30%|â–ˆâ–ˆâ–‰       | 34/115 [00:10<00:24,  3.32it/s]
 30%|â–ˆâ–ˆâ–ˆ       | 35/115 [00:10<00:23,  3.42it/s]
 31%|â–ˆâ–ˆâ–ˆâ–      | 36/115 [00:10<00:22,  3.44it/s]
 32%|â–ˆâ–ˆâ–ˆâ–      | 37/115 [00:10<00:23,  3.39it/s]
 33%|â–ˆâ–ˆâ–ˆâ–Ž      | 38/115 [00:11<00:23,  3.32it/s]
 34%|â–ˆâ–ˆâ–ˆâ–      | 39/115 [00:11<00:22,  3.35it/s]
 35%|â–ˆâ–ˆâ–ˆâ–      | 40/115 [00:11<00:22,  3.38it/s]
 36%|â–ˆâ–ˆâ–ˆâ–Œ      | 41/115 [00:12<00:21,  3.43it/s]
 37%|â–ˆâ–ˆâ–ˆâ–‹      | 42/115 [00:12<00:21,  3.39it/s]
 37%|â–ˆâ–ˆâ–ˆâ–‹      | 43/115 [00:12<00:21,  3.39it/s]
 38%|â–ˆâ–ˆâ–ˆâ–Š      | 44/115 [00:13<00:20,  3.43it/s]
 39%|â–ˆâ–ˆâ–ˆâ–‰      | 45/115 [00:13<00:20,  3.45it/s]
 40%|â–ˆâ–ˆâ–ˆâ–ˆ      | 46/115 [00:13<00:19,  3.47it/s]
 41%|â–ˆâ–ˆâ–ˆâ–ˆ      | 47/115 [00:13<00:19,  3.40it/s]
 42%|â–ˆâ–ˆâ–ˆâ–ˆâ–     | 48/115 [00:14<00:19,  3.40it/s]
 43%|â–ˆâ–ˆâ–ˆâ–ˆâ–Ž     | 49/115 [00:14<00:19,  3.45it/s]
 43%|â–ˆâ–ˆâ–ˆâ–ˆâ–Ž     | 50/115 [00:14<00:18,  3.46it/s]
 44%|â–ˆâ–ˆâ–ˆâ–ˆâ–     | 51/115 [00:15<00:18,  3.47it/s]
 45%|â–ˆâ–ˆâ–ˆâ–ˆâ–Œ     | 52/115 [00:15<00:18,  3.45it/s]
 46%|â–ˆâ–ˆâ–ˆâ–ˆâ–Œ     | 53/115 [00:15<00:18,  3.32it/s]
 47%|â–ˆâ–ˆâ–ˆâ–ˆâ–‹     | 54/115 [00:15<00:17,  3.39it/s]
 48%|â–ˆâ–ˆâ–ˆâ–ˆâ–Š     | 55/115 [00:16<00:17,  3.43it/s]
 49%|â–ˆâ–ˆâ–ˆâ–ˆâ–Š     | 56/115 [00:16<00:16,  3.48it/s]
 50%|â–ˆâ–ˆâ–ˆâ–ˆâ–‰     | 57/115 [00:16<00:17,  3.35it/s]
 50%|â–ˆâ–ˆâ–ˆâ–ˆâ–ˆ     | 58/115 [00:17<00:16,  3.38it/s]
 51%|â–ˆâ–ˆâ–ˆâ–ˆâ–ˆâ–    | 59/115 [00:17<00:17,  3.25it/s]
 52%|â–ˆâ–ˆâ–ˆâ–ˆâ–ˆâ–    | 60/115 [00:17<00:16,  3.28it/s]
 53%|â–ˆâ–ˆâ–ˆâ–ˆâ–ˆâ–Ž    | 61/115 [00:18<00:16,  3.34it/s]
 54%|â–ˆâ–ˆâ–ˆâ–ˆâ–ˆâ–    | 62/115 [00:18<00:15,  3.41it/s]
 55%|â–ˆâ–ˆâ–ˆâ–ˆâ–ˆâ–    | 63/115 [00:18<00:15,  3.41it/s]
 56%|â–ˆâ–ˆâ–ˆâ–ˆâ–ˆâ–Œ    | 64/115 [00:18<00:15,  3.37it/s]
 57%|â–ˆâ–ˆâ–ˆâ–ˆâ–ˆâ–‹    | 65/115 [00:19<00:14,  3.38it/s]
 57%|â–ˆâ–ˆâ–ˆâ–ˆâ–ˆâ–‹    | 66/115 [00:19<00:14,  3.41it/s]
 58%|â–ˆâ–ˆâ–ˆâ–ˆâ–ˆâ–Š    | 67/115 [00:19<00:14,  3.29it/s]
 59%|â–ˆâ–ˆâ–ˆâ–ˆâ–ˆâ–‰    | 68/115 [00:20<00:14,  3.27it/s]
 60%|â–ˆâ–ˆâ–ˆâ–ˆâ–ˆâ–ˆ    | 69/115 [00:20<00:13,  3.36it/s]
 61%|â–ˆâ–ˆâ–ˆâ–ˆâ–ˆâ–ˆ    | 70/115 [00:20<00:13,  3.37it/s]
 62%|â–ˆâ–ˆâ–ˆâ–ˆâ–ˆâ–ˆâ–   | 71/115 [00:21<00:13,  3.28it/s]
 63%|â–ˆâ–ˆâ–ˆâ–ˆâ–ˆâ–ˆâ–Ž   | 72/115 [00:21<00:13,  3.30it/s]
 63%|â–ˆâ–ˆâ–ˆâ–ˆâ–ˆâ–ˆâ–Ž   | 73/115 [00:21<00:12,  3.37it/s]
 64%|â–ˆâ–ˆâ–ˆâ–ˆâ–ˆâ–ˆâ–   | 74/115 [00:21<00:11,  3.44it/s]
 65%|â–ˆâ–ˆâ–ˆâ–ˆâ–ˆâ–ˆâ–Œ   | 75/115 [00:22<00:11,  3.42it/s]
 66%|â–ˆâ–ˆâ–ˆâ–ˆâ–ˆâ–ˆâ–Œ   | 76/115 [00:22<00:11,  3.50it/s]
 67%|â–ˆâ–ˆâ–ˆâ–ˆâ–ˆâ–ˆâ–‹   | 77/115 [00:22<00:10,  3.47it/s]
 68%|â–ˆâ–ˆâ–ˆâ–ˆâ–ˆâ–ˆâ–Š   | 78/115 [00:23<00:10,  3.53it/s]
 69%|â–ˆâ–ˆâ–ˆâ–ˆâ–ˆâ–ˆâ–Š   | 79/115 [00:23<00:10,  3.42it/s]
 70%|â–ˆâ–ˆâ–ˆâ–ˆâ–ˆâ–ˆâ–‰   | 80/115 [00:23<00:10,  3.30it/s]
 70%|â–ˆâ–ˆâ–ˆâ–ˆâ–ˆâ–ˆâ–ˆ   | 81/115 [00:23<00:10,  3.35it/s]
 71%|â–ˆâ–ˆâ–ˆâ–ˆâ–ˆâ–ˆâ–ˆâ–  | 82/115 [00:24<00:09,  3.39it/s]
 72%|â–ˆâ–ˆâ–ˆâ–ˆâ–ˆâ–ˆâ–ˆâ–  | 83/115 [00:24<00:09,  3.34it/s]
 73%|â–ˆâ–ˆâ–ˆâ–ˆâ–ˆâ–ˆâ–ˆâ–Ž  | 84/115 [00:24<00:09,  3.37it/s]
 74%|â–ˆâ–ˆâ–ˆâ–ˆâ–ˆâ–ˆâ–ˆâ–  | 85/115 [00:25<00:09,  3.30it/s]
 75%|â–ˆâ–ˆâ–ˆâ–ˆâ–ˆâ–ˆâ–ˆâ–  | 86/115 [00:25<00:08,  3.31it/s]
 76%|â–ˆâ–ˆâ–ˆâ–ˆâ–ˆâ–ˆâ–ˆâ–Œ  | 87/115 [00:25<00:08,  3.29it/s]
 77%|â–ˆâ–ˆâ–ˆâ–ˆâ–ˆâ–ˆâ–ˆâ–‹  | 88/115 [00:26<00:08,  3.33it/s]
 77%|â–ˆâ–ˆâ–ˆâ–ˆâ–ˆâ–ˆâ–ˆâ–‹  | 89/115 [00:26<00:07,  3.40it/s]
 78%|â–ˆâ–ˆâ–ˆâ–ˆâ–ˆâ–ˆâ–ˆâ–Š  | 90/115 [00:26<00:07,  3.45it/s]
 79%|â–ˆâ–ˆâ–ˆâ–ˆâ–ˆâ–ˆâ–ˆâ–‰  | 91/115 [00:26<00:06,  3.50it/s]
 80%|â–ˆâ–ˆâ–ˆâ–ˆâ–ˆâ–ˆâ–ˆâ–ˆ  | 92/115 [00:27<00:06,  3.45it/s]
 81%|â–ˆâ–ˆâ–ˆâ–ˆâ–ˆâ–ˆâ–ˆâ–ˆ  | 93/115 [00:27<00:06,  3.40it/s]
 82%|â–ˆâ–ˆâ–ˆâ–ˆâ–ˆâ–ˆâ–ˆâ–ˆâ– | 94/115 [00:27<00:06,  3.40it/s]
 83%|â–ˆâ–ˆâ–ˆâ–ˆâ–ˆâ–ˆâ–ˆâ–ˆâ–Ž | 95/115 [00:28<00:06,  3.32it/s]
 83%|â–ˆâ–ˆâ–ˆâ–ˆâ–ˆâ–ˆâ–ˆâ–ˆâ–Ž | 96/115 [00:28<00:05,  3.38it/s]
 84%|â–ˆâ–ˆâ–ˆâ–ˆâ–ˆâ–ˆâ–ˆâ–ˆâ– | 97/115 [00:28<00:05,  3.41it/s]
 85%|â–ˆâ–ˆâ–ˆâ–ˆâ–ˆâ–ˆâ–ˆâ–ˆâ–Œ | 98/115 [00:29<00:05,  3.26it/s]
 86%|â–ˆâ–ˆâ–ˆâ–ˆâ–ˆâ–ˆâ–ˆâ–ˆâ–Œ | 99/115 [00:29<00:04,  3.30it/s]
 87%|â–ˆâ–ˆâ–ˆâ–ˆâ–ˆâ–ˆâ–ˆâ–ˆâ–‹ | 100/115 [00:29<00:04,  3.33it/s]
 88%|â–ˆâ–ˆâ–ˆâ–ˆâ–ˆâ–ˆâ–ˆâ–ˆâ–Š | 101/115 [00:29<00:04,  3.43it/s]
 89%|â–ˆâ–ˆâ–ˆâ–ˆâ–ˆâ–ˆâ–ˆâ–ˆâ–Š | 102/115 [00:30<00:03,  3.43it/s]
 90%|â–ˆâ–ˆâ–ˆâ–ˆâ–ˆâ–ˆâ–ˆâ–ˆâ–‰ | 103/115 [00:30<00:03,  3.26it/s]
 90%|â–ˆâ–ˆâ–ˆâ–ˆâ–ˆâ–ˆâ–ˆâ–ˆâ–ˆ | 104/115 [00:30<00:03,  3.26it/s]
 91%|â–ˆâ–ˆâ–ˆâ–ˆâ–ˆâ–ˆâ–ˆâ–ˆâ–ˆâ–| 105/115 [00:31<00:03,  3.23it/s]
 92%|â–ˆâ–ˆâ–ˆâ–ˆâ–ˆâ–ˆâ–ˆâ–ˆâ–ˆâ–| 106/115 [00:31<00:02,  3.32it/s]
 93%|â–ˆâ–ˆâ–ˆâ–ˆâ–ˆâ–ˆâ–ˆâ–ˆâ–ˆâ–Ž| 107/115 [00:31<00:02,  3.36it/s]
 94%|â–ˆâ–ˆâ–ˆâ–ˆâ–ˆâ–ˆâ–ˆâ–ˆâ–ˆâ–| 108/115 [00:32<00:02,  3.32it/s]
 95%|â–ˆâ–ˆâ–ˆâ–ˆâ–ˆâ–ˆâ–ˆâ–ˆâ–ˆâ–| 109/115 [00:32<00:01,  3.34it/s]
 96%|â–ˆâ–ˆâ–ˆâ–ˆâ–ˆâ–ˆâ–ˆâ–ˆâ–ˆâ–Œ| 110/115 [00:32<00:01,  3.40it/s]
 97%|â–ˆâ–ˆâ–ˆâ–ˆâ–ˆâ–ˆâ–ˆâ–ˆâ–ˆâ–‹| 111/115 [00:32<00:01,  3.43it/s]
 97%|â–ˆâ–ˆâ–ˆâ–ˆâ–ˆâ–ˆâ–ˆâ–ˆâ–ˆâ–‹| 112/115 [00:33<00:00,  3.43it/s]
 98%|â–ˆâ–ˆâ–ˆâ–ˆâ–ˆâ–ˆâ–ˆâ–ˆâ–ˆâ–Š| 113/115 [00:33<00:00,  3.36it/s]
 99%|â–ˆâ–ˆâ–ˆâ–ˆâ–ˆâ–ˆâ–ˆâ–ˆâ–ˆâ–‰| 114/115 [00:33<00:00,  3.37it/s]
100%|â–ˆâ–ˆâ–ˆâ–ˆâ–ˆâ–ˆâ–ˆâ–ˆâ–ˆâ–ˆ| 115/115 [00:34<00:00,  3.54it/s]
100%|â–ˆâ–ˆâ–ˆâ–ˆâ–ˆâ–ˆâ–ˆâ–ˆâ–ˆâ–ˆ| 115/115 [00:34<00:00,  3.38it/s]

  0%|          | 0/13 [00:00<?, ?it/s]
  8%|â–Š         | 1/13 [00:00<00:02,  5.32it/s]
 15%|â–ˆâ–Œ        | 2/13 [00:00<00:01,  6.22it/s]
 23%|â–ˆâ–ˆâ–Ž       | 3/13 [00:00<00:01,  6.34it/s]
 31%|â–ˆâ–ˆâ–ˆ       | 4/13 [00:00<00:01,  6.41it/s]
 38%|â–ˆâ–ˆâ–ˆâ–Š      | 5/13 [00:00<00:01,  6.58it/s]
 46%|â–ˆâ–ˆâ–ˆâ–ˆâ–Œ     | 6/13 [00:00<00:01,  6.74it/s]
 54%|â–ˆâ–ˆâ–ˆâ–ˆâ–ˆâ–    | 7/13 [00:01<00:00,  6.81it/s]
 62%|â–ˆâ–ˆâ–ˆâ–ˆâ–ˆâ–ˆâ–   | 8/13 [00:01<00:00,  6.71it/s]
 69%|â–ˆâ–ˆâ–ˆâ–ˆâ–ˆâ–ˆâ–‰   | 9/13 [00:01<00:00,  6.82it/s]
 77%|â–ˆâ–ˆâ–ˆâ–ˆâ–ˆâ–ˆâ–ˆâ–‹  | 10/13 [00:01<00:00,  6.94it/s]
 85%|â–ˆâ–ˆâ–ˆâ–ˆâ–ˆâ–ˆâ–ˆâ–ˆâ– | 11/13 [00:01<00:00,  6.98it/s]
 92%|â–ˆâ–ˆâ–ˆâ–ˆâ–ˆâ–ˆâ–ˆâ–ˆâ–ˆâ–| 12/13 [00:01<00:00,  6.96it/s]
100%|â–ˆâ–ˆâ–ˆâ–ˆâ–ˆâ–ˆâ–ˆâ–ˆâ–ˆâ–ˆ| 13/13 [00:01<00:00,  7.30it/s]
100%|â–ˆâ–ˆâ–ˆâ–ˆâ–ˆâ–ˆâ–ˆâ–ˆâ–ˆâ–ˆ| 13/13 [00:01<00:00,  6.81it/s]
epoch 1: {'accuracy': 0.7745098039215687, 'f1': 0.8557993730407524} [32m, current_best_acc:[0m 0.7745098039215687 train_loss: 1.1440069675445557

  0%|          | 0/115 [00:00<?, ?it/s]
  1%|          | 1/115 [00:00<00:26,  4.23it/s]
  2%|â–         | 2/115 [00:00<00:29,  3.77it/s]
  3%|â–Ž         | 3/115 [00:00<00:32,  3.44it/s]
  3%|â–Ž         | 4/115 [00:01<00:33,  3.36it/s]
  4%|â–         | 5/115 [00:01<00:31,  3.45it/s]
  5%|â–Œ         | 6/115 [00:01<00:33,  3.28it/s]
  6%|â–Œ         | 7/115 [00:02<00:32,  3.36it/s]
  7%|â–‹         | 8/115 [00:02<00:31,  3.40it/s]
  8%|â–Š         | 9/115 [00:02<00:31,  3.39it/s]
  9%|â–Š         | 10/115 [00:02<00:31,  3.34it/s]
 10%|â–‰         | 11/115 [00:03<00:30,  3.36it/s]
 10%|â–ˆ         | 12/115 [00:03<00:30,  3.37it/s]
 11%|â–ˆâ–        | 13/115 [00:03<00:30,  3.40it/s]
 12%|â–ˆâ–        | 14/115 [00:04<00:29,  3.41it/s]
 13%|â–ˆâ–Ž        | 15/115 [00:04<00:29,  3.40it/s]
 14%|â–ˆâ–        | 16/115 [00:04<00:28,  3.43it/s]
 15%|â–ˆâ–        | 17/115 [00:05<00:29,  3.32it/s]
 16%|â–ˆâ–Œ        | 18/115 [00:05<00:29,  3.24it/s]
 17%|â–ˆâ–‹        | 19/115 [00:05<00:29,  3.31it/s]
 17%|â–ˆâ–‹        | 20/115 [00:05<00:28,  3.38it/s]
 18%|â–ˆâ–Š        | 21/115 [00:06<00:27,  3.44it/s]
 19%|â–ˆâ–‰        | 22/115 [00:06<00:28,  3.29it/s]
 20%|â–ˆâ–ˆ        | 23/115 [00:06<00:29,  3.11it/s]
 21%|â–ˆâ–ˆ        | 24/115 [00:07<00:29,  3.09it/s]
 22%|â–ˆâ–ˆâ–       | 25/115 [00:07<00:29,  3.08it/s]
 23%|â–ˆâ–ˆâ–Ž       | 26/115 [00:07<00:28,  3.10it/s]
 23%|â–ˆâ–ˆâ–Ž       | 27/115 [00:08<00:27,  3.16it/s]
 24%|â–ˆâ–ˆâ–       | 28/115 [00:08<00:26,  3.30it/s]
 25%|â–ˆâ–ˆâ–Œ       | 29/115 [00:08<00:25,  3.36it/s]
 26%|â–ˆâ–ˆâ–Œ       | 30/115 [00:08<00:24,  3.42it/s]
 27%|â–ˆâ–ˆâ–‹       | 31/115 [00:09<00:24,  3.41it/s]
 28%|â–ˆâ–ˆâ–Š       | 32/115 [00:09<00:24,  3.37it/s]
 29%|â–ˆâ–ˆâ–Š       | 33/115 [00:09<00:25,  3.26it/s]
 30%|â–ˆâ–ˆâ–‰       | 34/115 [00:10<00:24,  3.28it/s]
 30%|â–ˆâ–ˆâ–ˆ       | 35/115 [00:10<00:23,  3.35it/s]
 31%|â–ˆâ–ˆâ–ˆâ–      | 36/115 [00:10<00:23,  3.42it/s]
 32%|â–ˆâ–ˆâ–ˆâ–      | 37/115 [00:11<00:22,  3.47it/s]
 33%|â–ˆâ–ˆâ–ˆâ–Ž      | 38/115 [00:11<00:21,  3.51it/s]
 34%|â–ˆâ–ˆâ–ˆâ–      | 39/115 [00:11<00:22,  3.40it/s]
 35%|â–ˆâ–ˆâ–ˆâ–      | 40/115 [00:11<00:22,  3.31it/s]
 36%|â–ˆâ–ˆâ–ˆâ–Œ      | 41/115 [00:12<00:22,  3.31it/s]
 37%|â–ˆâ–ˆâ–ˆâ–‹      | 42/115 [00:12<00:21,  3.33it/s]
 37%|â–ˆâ–ˆâ–ˆâ–‹      | 43/115 [00:12<00:21,  3.35it/s]
 38%|â–ˆâ–ˆâ–ˆâ–Š      | 44/115 [00:13<00:21,  3.32it/s]
 39%|â–ˆâ–ˆâ–ˆâ–‰      | 45/115 [00:13<00:20,  3.40it/s]
 40%|â–ˆâ–ˆâ–ˆâ–ˆ      | 46/115 [00:13<00:20,  3.44it/s]
 41%|â–ˆâ–ˆâ–ˆâ–ˆ      | 47/115 [00:14<00:19,  3.50it/s]
 42%|â–ˆâ–ˆâ–ˆâ–ˆâ–     | 48/115 [00:14<00:19,  3.52it/s]
 43%|â–ˆâ–ˆâ–ˆâ–ˆâ–Ž     | 49/115 [00:14<00:18,  3.53it/s]
 43%|â–ˆâ–ˆâ–ˆâ–ˆâ–Ž     | 50/115 [00:14<00:19,  3.41it/s]
 44%|â–ˆâ–ˆâ–ˆâ–ˆâ–     | 51/115 [00:15<00:18,  3.41it/s]
 45%|â–ˆâ–ˆâ–ˆâ–ˆâ–Œ     | 52/115 [00:15<00:18,  3.45it/s]
 46%|â–ˆâ–ˆâ–ˆâ–ˆâ–Œ     | 53/115 [00:15<00:18,  3.44it/s]
 47%|â–ˆâ–ˆâ–ˆâ–ˆâ–‹     | 54/115 [00:16<00:17,  3.49it/s]
 48%|â–ˆâ–ˆâ–ˆâ–ˆâ–Š     | 55/115 [00:16<00:17,  3.47it/s]
 49%|â–ˆâ–ˆâ–ˆâ–ˆâ–Š     | 56/115 [00:16<00:16,  3.54it/s]
 50%|â–ˆâ–ˆâ–ˆâ–ˆâ–‰     | 57/115 [00:16<00:16,  3.54it/s]
 50%|â–ˆâ–ˆâ–ˆâ–ˆâ–ˆ     | 58/115 [00:17<00:16,  3.54it/s]
 51%|â–ˆâ–ˆâ–ˆâ–ˆâ–ˆâ–    | 59/115 [00:17<00:16,  3.43it/s]
 52%|â–ˆâ–ˆâ–ˆâ–ˆâ–ˆâ–    | 60/115 [00:17<00:16,  3.38it/s]
 53%|â–ˆâ–ˆâ–ˆâ–ˆâ–ˆâ–Ž    | 61/115 [00:18<00:15,  3.42it/s]
 54%|â–ˆâ–ˆâ–ˆâ–ˆâ–ˆâ–    | 62/115 [00:18<00:15,  3.43it/s]
 55%|â–ˆâ–ˆâ–ˆâ–ˆâ–ˆâ–    | 63/115 [00:18<00:14,  3.48it/s]
 56%|â–ˆâ–ˆâ–ˆâ–ˆâ–ˆâ–Œ    | 64/115 [00:18<00:15,  3.31it/s]
 57%|â–ˆâ–ˆâ–ˆâ–ˆâ–ˆâ–‹    | 65/115 [00:19<00:15,  3.31it/s]
 57%|â–ˆâ–ˆâ–ˆâ–ˆâ–ˆâ–‹    | 66/115 [00:19<00:14,  3.39it/s]
 58%|â–ˆâ–ˆâ–ˆâ–ˆâ–ˆâ–Š    | 67/115 [00:19<00:13,  3.44it/s]
 59%|â–ˆâ–ˆâ–ˆâ–ˆâ–ˆâ–‰    | 68/115 [00:20<00:13,  3.49it/s]
 60%|â–ˆâ–ˆâ–ˆâ–ˆâ–ˆâ–ˆ    | 69/115 [00:20<00:13,  3.50it/s]
 61%|â–ˆâ–ˆâ–ˆâ–ˆâ–ˆâ–ˆ    | 70/115 [00:20<00:12,  3.49it/s]
 62%|â–ˆâ–ˆâ–ˆâ–ˆâ–ˆâ–ˆâ–   | 71/115 [00:20<00:12,  3.53it/s]
 63%|â–ˆâ–ˆâ–ˆâ–ˆâ–ˆâ–ˆâ–Ž   | 72/115 [00:21<00:12,  3.51it/s]
 63%|â–ˆâ–ˆâ–ˆâ–ˆâ–ˆâ–ˆâ–Ž   | 73/115 [00:21<00:12,  3.45it/s]
 64%|â–ˆâ–ˆâ–ˆâ–ˆâ–ˆâ–ˆâ–   | 74/115 [00:21<00:11,  3.43it/s]
 65%|â–ˆâ–ˆâ–ˆâ–ˆâ–ˆâ–ˆâ–Œ   | 75/115 [00:22<00:12,  3.32it/s]
 66%|â–ˆâ–ˆâ–ˆâ–ˆâ–ˆâ–ˆâ–Œ   | 76/115 [00:22<00:11,  3.25it/s]
 67%|â–ˆâ–ˆâ–ˆâ–ˆâ–ˆâ–ˆâ–‹   | 77/115 [00:22<00:11,  3.30it/s]
 68%|â–ˆâ–ˆâ–ˆâ–ˆâ–ˆâ–ˆâ–Š   | 78/115 [00:23<00:10,  3.38it/s]
 69%|â–ˆâ–ˆâ–ˆâ–ˆâ–ˆâ–ˆâ–Š   | 79/115 [00:23<00:10,  3.39it/s]
 70%|â–ˆâ–ˆâ–ˆâ–ˆâ–ˆâ–ˆâ–‰   | 80/115 [00:23<00:10,  3.34it/s]
 70%|â–ˆâ–ˆâ–ˆâ–ˆâ–ˆâ–ˆâ–ˆ   | 81/115 [00:23<00:10,  3.40it/s]
 71%|â–ˆâ–ˆâ–ˆâ–ˆâ–ˆâ–ˆâ–ˆâ–  | 82/115 [00:24<00:09,  3.43it/s]
 72%|â–ˆâ–ˆâ–ˆâ–ˆâ–ˆâ–ˆâ–ˆâ–  | 83/115 [00:24<00:09,  3.38it/s]
 73%|â–ˆâ–ˆâ–ˆâ–ˆâ–ˆâ–ˆâ–ˆâ–Ž  | 84/115 [00:24<00:09,  3.37it/s]
 74%|â–ˆâ–ˆâ–ˆâ–ˆâ–ˆâ–ˆâ–ˆâ–  | 85/115 [00:25<00:08,  3.41it/s]
 75%|â–ˆâ–ˆâ–ˆâ–ˆâ–ˆâ–ˆâ–ˆâ–  | 86/115 [00:25<00:08,  3.37it/s]
 76%|â–ˆâ–ˆâ–ˆâ–ˆâ–ˆâ–ˆâ–ˆâ–Œ  | 87/115 [00:25<00:08,  3.37it/s]
 77%|â–ˆâ–ˆâ–ˆâ–ˆâ–ˆâ–ˆâ–ˆâ–‹  | 88/115 [00:26<00:07,  3.40it/s]
 77%|â–ˆâ–ˆâ–ˆâ–ˆâ–ˆâ–ˆâ–ˆâ–‹  | 89/115 [00:26<00:07,  3.33it/s]
 78%|â–ˆâ–ˆâ–ˆâ–ˆâ–ˆâ–ˆâ–ˆâ–Š  | 90/115 [00:26<00:07,  3.39it/s]
 79%|â–ˆâ–ˆâ–ˆâ–ˆâ–ˆâ–ˆâ–ˆâ–‰  | 91/115 [00:26<00:07,  3.41it/s]
 80%|â–ˆâ–ˆâ–ˆâ–ˆâ–ˆâ–ˆâ–ˆâ–ˆ  | 92/115 [00:27<00:07,  3.25it/s]
 81%|â–ˆâ–ˆâ–ˆâ–ˆâ–ˆâ–ˆâ–ˆâ–ˆ  | 93/115 [00:27<00:06,  3.22it/s]
 82%|â–ˆâ–ˆâ–ˆâ–ˆâ–ˆâ–ˆâ–ˆâ–ˆâ– | 94/115 [00:27<00:06,  3.22it/s]
 83%|â–ˆâ–ˆâ–ˆâ–ˆâ–ˆâ–ˆâ–ˆâ–ˆâ–Ž | 95/115 [00:28<00:06,  3.25it/s]
 83%|â–ˆâ–ˆâ–ˆâ–ˆâ–ˆâ–ˆâ–ˆâ–ˆâ–Ž | 96/115 [00:28<00:05,  3.34it/s]
 84%|â–ˆâ–ˆâ–ˆâ–ˆâ–ˆâ–ˆâ–ˆâ–ˆâ– | 97/115 [00:28<00:05,  3.40it/s]
 85%|â–ˆâ–ˆâ–ˆâ–ˆâ–ˆâ–ˆâ–ˆâ–ˆâ–Œ | 98/115 [00:29<00:04,  3.46it/s]
 86%|â–ˆâ–ˆâ–ˆâ–ˆâ–ˆâ–ˆâ–ˆâ–ˆâ–Œ | 99/115 [00:29<00:04,  3.47it/s]
 87%|â–ˆâ–ˆâ–ˆâ–ˆâ–ˆâ–ˆâ–ˆâ–ˆâ–‹ | 100/115 [00:29<00:04,  3.50it/s]
 88%|â–ˆâ–ˆâ–ˆâ–ˆâ–ˆâ–ˆâ–ˆâ–ˆâ–Š | 101/115 [00:29<00:03,  3.50it/s]
 89%|â–ˆâ–ˆâ–ˆâ–ˆâ–ˆâ–ˆâ–ˆâ–ˆâ–Š | 102/115 [00:30<00:03,  3.53it/s]
 90%|â–ˆâ–ˆâ–ˆâ–ˆâ–ˆâ–ˆâ–ˆâ–ˆâ–‰ | 103/115 [00:30<00:03,  3.43it/s]
 90%|â–ˆâ–ˆâ–ˆâ–ˆâ–ˆâ–ˆâ–ˆâ–ˆâ–ˆ | 104/115 [00:30<00:03,  3.40it/s]
 91%|â–ˆâ–ˆâ–ˆâ–ˆâ–ˆâ–ˆâ–ˆâ–ˆâ–ˆâ–| 105/115 [00:31<00:02,  3.48it/s]
 92%|â–ˆâ–ˆâ–ˆâ–ˆâ–ˆâ–ˆâ–ˆâ–ˆâ–ˆâ–| 106/115 [00:31<00:02,  3.50it/s]
 93%|â–ˆâ–ˆâ–ˆâ–ˆâ–ˆâ–ˆâ–ˆâ–ˆâ–ˆâ–Ž| 107/115 [00:31<00:02,  3.42it/s]
 94%|â–ˆâ–ˆâ–ˆâ–ˆâ–ˆâ–ˆâ–ˆâ–ˆâ–ˆâ–| 108/115 [00:31<00:02,  3.42it/s]
 95%|â–ˆâ–ˆâ–ˆâ–ˆâ–ˆâ–ˆâ–ˆâ–ˆâ–ˆâ–| 109/115 [00:32<00:01,  3.43it/s]
 96%|â–ˆâ–ˆâ–ˆâ–ˆâ–ˆâ–ˆâ–ˆâ–ˆâ–ˆâ–Œ| 110/115 [00:32<00:01,  3.46it/s]
 97%|â–ˆâ–ˆâ–ˆâ–ˆâ–ˆâ–ˆâ–ˆâ–ˆâ–ˆâ–‹| 111/115 [00:32<00:01,  3.36it/s]
 97%|â–ˆâ–ˆâ–ˆâ–ˆâ–ˆâ–ˆâ–ˆâ–ˆâ–ˆâ–‹| 112/115 [00:33<00:00,  3.39it/s]
 98%|â–ˆâ–ˆâ–ˆâ–ˆâ–ˆâ–ˆâ–ˆâ–ˆâ–ˆâ–Š| 113/115 [00:33<00:00,  3.43it/s]
 99%|â–ˆâ–ˆâ–ˆâ–ˆâ–ˆâ–ˆâ–ˆâ–ˆâ–ˆâ–‰| 114/115 [00:33<00:00,  3.43it/s]
100%|â–ˆâ–ˆâ–ˆâ–ˆâ–ˆâ–ˆâ–ˆâ–ˆâ–ˆâ–ˆ| 115/115 [00:33<00:00,  3.62it/s]
100%|â–ˆâ–ˆâ–ˆâ–ˆâ–ˆâ–ˆâ–ˆâ–ˆâ–ˆâ–ˆ| 115/115 [00:33<00:00,  3.39it/s]

  0%|          | 0/13 [00:00<?, ?it/s]
  8%|â–Š         | 1/13 [00:00<00:02,  5.38it/s]
 15%|â–ˆâ–Œ        | 2/13 [00:00<00:01,  6.26it/s]
 23%|â–ˆâ–ˆâ–Ž       | 3/13 [00:00<00:01,  6.37it/s]
 31%|â–ˆâ–ˆâ–ˆ       | 4/13 [00:00<00:01,  6.41it/s]
 38%|â–ˆâ–ˆâ–ˆâ–Š      | 5/13 [00:00<00:01,  6.58it/s]
 46%|â–ˆâ–ˆâ–ˆâ–ˆâ–Œ     | 6/13 [00:00<00:01,  6.74it/s]
 54%|â–ˆâ–ˆâ–ˆâ–ˆâ–ˆâ–    | 7/13 [00:01<00:00,  6.80it/s]
 62%|â–ˆâ–ˆâ–ˆâ–ˆâ–ˆâ–ˆâ–   | 8/13 [00:01<00:00,  6.70it/s]
 69%|â–ˆâ–ˆâ–ˆâ–ˆâ–ˆâ–ˆâ–‰   | 9/13 [00:01<00:00,  6.82it/s]
 77%|â–ˆâ–ˆâ–ˆâ–ˆâ–ˆâ–ˆâ–ˆâ–‹  | 10/13 [00:01<00:00,  6.94it/s]
 85%|â–ˆâ–ˆâ–ˆâ–ˆâ–ˆâ–ˆâ–ˆâ–ˆâ– | 11/13 [00:01<00:00,  6.98it/s]
 92%|â–ˆâ–ˆâ–ˆâ–ˆâ–ˆâ–ˆâ–ˆâ–ˆâ–ˆâ–| 12/13 [00:01<00:00,  6.96it/s]
100%|â–ˆâ–ˆâ–ˆâ–ˆâ–ˆâ–ˆâ–ˆâ–ˆâ–ˆâ–ˆ| 13/13 [00:01<00:00,  7.31it/s]
100%|â–ˆâ–ˆâ–ˆâ–ˆâ–ˆâ–ˆâ–ˆâ–ˆâ–ˆâ–ˆ| 13/13 [00:01<00:00,  6.82it/s]
epoch 2: {'accuracy': 0.8627450980392157, 'f1': 0.8931297709923665} [32m, current_best_acc:[0m 0.8627450980392157 train_loss: 0.98845374584198

  0%|          | 0/115 [00:00<?, ?it/s]
  1%|          | 1/115 [00:00<00:27,  4.15it/s]
  2%|â–         | 2/115 [00:00<00:32,  3.43it/s]
  3%|â–Ž         | 3/115 [00:00<00:32,  3.40it/s]
  3%|â–Ž         | 4/115 [00:01<00:31,  3.51it/s]
  4%|â–         | 5/115 [00:01<00:31,  3.45it/s]
  5%|â–Œ         | 6/115 [00:01<00:31,  3.49it/s]
  6%|â–Œ         | 7/115 [00:01<00:30,  3.50it/s]
  7%|â–‹         | 8/115 [00:02<00:30,  3.51it/s]
  8%|â–Š         | 9/115 [00:02<00:30,  3.51it/s]
  9%|â–Š         | 10/115 [00:02<00:29,  3.51it/s]
 10%|â–‰         | 11/115 [00:03<00:29,  3.58it/s]
 10%|â–ˆ         | 12/115 [00:03<00:28,  3.56it/s]
 11%|â–ˆâ–        | 13/115 [00:03<00:29,  3.45it/s]
 12%|â–ˆâ–        | 14/115 [00:04<00:29,  3.45it/s]
 13%|â–ˆâ–Ž        | 15/115 [00:04<00:29,  3.38it/s]
 14%|â–ˆâ–        | 16/115 [00:04<00:30,  3.28it/s]
 15%|â–ˆâ–        | 17/115 [00:04<00:30,  3.25it/s]
 16%|â–ˆâ–Œ        | 18/115 [00:05<00:29,  3.33it/s]
 17%|â–ˆâ–‹        | 19/115 [00:05<00:28,  3.36it/s]
 17%|â–ˆâ–‹        | 20/115 [00:05<00:28,  3.39it/s]
 18%|â–ˆâ–Š        | 21/115 [00:06<00:27,  3.43it/s]
 19%|â–ˆâ–‰        | 22/115 [00:06<00:26,  3.47it/s]
 20%|â–ˆâ–ˆ        | 23/115 [00:06<00:27,  3.37it/s]
 21%|â–ˆâ–ˆ        | 24/115 [00:07<00:27,  3.29it/s]
 22%|â–ˆâ–ˆâ–       | 25/115 [00:07<00:27,  3.32it/s]
 23%|â–ˆâ–ˆâ–Ž       | 26/115 [00:07<00:26,  3.36it/s]
 23%|â–ˆâ–ˆâ–Ž       | 27/115 [00:07<00:26,  3.30it/s]
 24%|â–ˆâ–ˆâ–       | 28/115 [00:08<00:25,  3.36it/s]
 25%|â–ˆâ–ˆâ–Œ       | 29/115 [00:08<00:26,  3.30it/s]
 26%|â–ˆâ–ˆâ–Œ       | 30/115 [00:08<00:25,  3.33it/s]
 27%|â–ˆâ–ˆâ–‹       | 31/115 [00:09<00:25,  3.33it/s]
 28%|â–ˆâ–ˆâ–Š       | 32/115 [00:09<00:24,  3.43it/s]
 29%|â–ˆâ–ˆâ–Š       | 33/115 [00:09<00:24,  3.33it/s]
 30%|â–ˆâ–ˆâ–‰       | 34/115 [00:10<00:25,  3.22it/s]
 30%|â–ˆâ–ˆâ–ˆ       | 35/115 [00:10<00:24,  3.26it/s]
 31%|â–ˆâ–ˆâ–ˆâ–      | 36/115 [00:10<00:24,  3.27it/s]
 32%|â–ˆâ–ˆâ–ˆâ–      | 37/115 [00:10<00:23,  3.28it/s]
 33%|â–ˆâ–ˆâ–ˆâ–Ž      | 38/115 [00:11<00:23,  3.34it/s]
 34%|â–ˆâ–ˆâ–ˆâ–      | 39/115 [00:11<00:22,  3.38it/s]
 35%|â–ˆâ–ˆâ–ˆâ–      | 40/115 [00:11<00:21,  3.42it/s]
 36%|â–ˆâ–ˆâ–ˆâ–Œ      | 41/115 [00:12<00:21,  3.45it/s]
 37%|â–ˆâ–ˆâ–ˆâ–‹      | 42/115 [00:12<00:21,  3.39it/s]
 37%|â–ˆâ–ˆâ–ˆâ–‹      | 43/115 [00:12<00:21,  3.41it/s]
 38%|â–ˆâ–ˆâ–ˆâ–Š      | 44/115 [00:13<00:21,  3.24it/s]
 39%|â–ˆâ–ˆâ–ˆâ–‰      | 45/115 [00:13<00:22,  3.16it/s]
 40%|â–ˆâ–ˆâ–ˆâ–ˆ      | 46/115 [00:13<00:21,  3.27it/s]
 41%|â–ˆâ–ˆâ–ˆâ–ˆ      | 47/115 [00:13<00:20,  3.34it/s]
 42%|â–ˆâ–ˆâ–ˆâ–ˆâ–     | 48/115 [00:14<00:19,  3.41it/s]
 43%|â–ˆâ–ˆâ–ˆâ–ˆâ–Ž     | 49/115 [00:14<00:19,  3.44it/s]
 43%|â–ˆâ–ˆâ–ˆâ–ˆâ–Ž     | 50/115 [00:14<00:18,  3.47it/s]
 44%|â–ˆâ–ˆâ–ˆâ–ˆâ–     | 51/115 [00:15<00:18,  3.45it/s]
 45%|â–ˆâ–ˆâ–ˆâ–ˆâ–Œ     | 52/115 [00:15<00:17,  3.52it/s]
 46%|â–ˆâ–ˆâ–ˆâ–ˆâ–Œ     | 53/115 [00:15<00:17,  3.54it/s]
 47%|â–ˆâ–ˆâ–ˆâ–ˆâ–‹     | 54/115 [00:15<00:17,  3.53it/s]
 48%|â–ˆâ–ˆâ–ˆâ–ˆâ–Š     | 55/115 [00:16<00:17,  3.52it/s]
 49%|â–ˆâ–ˆâ–ˆâ–ˆâ–Š     | 56/115 [00:16<00:16,  3.48it/s]
 50%|â–ˆâ–ˆâ–ˆâ–ˆâ–‰     | 57/115 [00:16<00:17,  3.39it/s]
 50%|â–ˆâ–ˆâ–ˆâ–ˆâ–ˆ     | 58/115 [00:17<00:16,  3.38it/s]
 51%|â–ˆâ–ˆâ–ˆâ–ˆâ–ˆâ–    | 59/115 [00:17<00:16,  3.43it/s]
 52%|â–ˆâ–ˆâ–ˆâ–ˆâ–ˆâ–    | 60/115 [00:17<00:16,  3.35it/s]
 53%|â–ˆâ–ˆâ–ˆâ–ˆâ–ˆâ–Ž    | 61/115 [00:17<00:16,  3.33it/s]
 54%|â–ˆâ–ˆâ–ˆâ–ˆâ–ˆâ–    | 62/115 [00:18<00:15,  3.36it/s]
 55%|â–ˆâ–ˆâ–ˆâ–ˆâ–ˆâ–    | 63/115 [00:18<00:15,  3.39it/s]
 56%|â–ˆâ–ˆâ–ˆâ–ˆâ–ˆâ–Œ    | 64/115 [00:18<00:15,  3.33it/s]
 57%|â–ˆâ–ˆâ–ˆâ–ˆâ–ˆâ–‹    | 65/115 [00:19<00:14,  3.39it/s]
 57%|â–ˆâ–ˆâ–ˆâ–ˆâ–ˆâ–‹    | 66/115 [00:19<00:14,  3.41it/s]
 58%|â–ˆâ–ˆâ–ˆâ–ˆâ–ˆâ–Š    | 67/115 [00:19<00:13,  3.47it/s]
 59%|â–ˆâ–ˆâ–ˆâ–ˆâ–ˆâ–‰    | 68/115 [00:20<00:13,  3.38it/s]
 60%|â–ˆâ–ˆâ–ˆâ–ˆâ–ˆâ–ˆ    | 69/115 [00:20<00:13,  3.42it/s]
 61%|â–ˆâ–ˆâ–ˆâ–ˆâ–ˆâ–ˆ    | 70/115 [00:20<00:13,  3.35it/s]
 62%|â–ˆâ–ˆâ–ˆâ–ˆâ–ˆâ–ˆâ–   | 71/115 [00:20<00:13,  3.33it/s]
 63%|â–ˆâ–ˆâ–ˆâ–ˆâ–ˆâ–ˆâ–Ž   | 72/115 [00:21<00:12,  3.42it/s]
 63%|â–ˆâ–ˆâ–ˆâ–ˆâ–ˆâ–ˆâ–Ž   | 73/115 [00:21<00:12,  3.44it/s]
 64%|â–ˆâ–ˆâ–ˆâ–ˆâ–ˆâ–ˆâ–   | 74/115 [00:21<00:11,  3.46it/s]
 65%|â–ˆâ–ˆâ–ˆâ–ˆâ–ˆâ–ˆâ–Œ   | 75/115 [00:22<00:11,  3.43it/s]
 66%|â–ˆâ–ˆâ–ˆâ–ˆâ–ˆâ–ˆâ–Œ   | 76/115 [00:22<00:11,  3.45it/s]
 67%|â–ˆâ–ˆâ–ˆâ–ˆâ–ˆâ–ˆâ–‹   | 77/115 [00:22<00:10,  3.51it/s]
 68%|â–ˆâ–ˆâ–ˆâ–ˆâ–ˆâ–ˆâ–Š   | 78/115 [00:22<00:10,  3.52it/s]
 69%|â–ˆâ–ˆâ–ˆâ–ˆâ–ˆâ–ˆâ–Š   | 79/115 [00:23<00:10,  3.44it/s]
 70%|â–ˆâ–ˆâ–ˆâ–ˆâ–ˆâ–ˆâ–‰   | 80/115 [00:23<00:10,  3.44it/s]
 70%|â–ˆâ–ˆâ–ˆâ–ˆâ–ˆâ–ˆâ–ˆ   | 81/115 [00:23<00:09,  3.49it/s]
 71%|â–ˆâ–ˆâ–ˆâ–ˆâ–ˆâ–ˆâ–ˆâ–  | 82/115 [00:24<00:09,  3.53it/s]
 72%|â–ˆâ–ˆâ–ˆâ–ˆâ–ˆâ–ˆâ–ˆâ–  | 83/115 [00:24<00:08,  3.56it/s]
 73%|â–ˆâ–ˆâ–ˆâ–ˆâ–ˆâ–ˆâ–ˆâ–Ž  | 84/115 [00:24<00:08,  3.51it/s]
 74%|â–ˆâ–ˆâ–ˆâ–ˆâ–ˆâ–ˆâ–ˆâ–  | 85/115 [00:24<00:08,  3.39it/s]
 75%|â–ˆâ–ˆâ–ˆâ–ˆâ–ˆâ–ˆâ–ˆâ–  | 86/115 [00:25<00:08,  3.43it/s]
 76%|â–ˆâ–ˆâ–ˆâ–ˆâ–ˆâ–ˆâ–ˆâ–Œ  | 87/115 [00:25<00:08,  3.46it/s]
 77%|â–ˆâ–ˆâ–ˆâ–ˆâ–ˆâ–ˆâ–ˆâ–‹  | 88/115 [00:25<00:07,  3.51it/s]
 77%|â–ˆâ–ˆâ–ˆâ–ˆâ–ˆâ–ˆâ–ˆâ–‹  | 89/115 [00:26<00:07,  3.51it/s]
 78%|â–ˆâ–ˆâ–ˆâ–ˆâ–ˆâ–ˆâ–ˆâ–Š  | 90/115 [00:26<00:07,  3.35it/s]
 79%|â–ˆâ–ˆâ–ˆâ–ˆâ–ˆâ–ˆâ–ˆâ–‰  | 91/115 [00:26<00:07,  3.39it/s]
 80%|â–ˆâ–ˆâ–ˆâ–ˆâ–ˆâ–ˆâ–ˆâ–ˆ  | 92/115 [00:26<00:06,  3.42it/s]
 81%|â–ˆâ–ˆâ–ˆâ–ˆâ–ˆâ–ˆâ–ˆâ–ˆ  | 93/115 [00:27<00:06,  3.44it/s]
 82%|â–ˆâ–ˆâ–ˆâ–ˆâ–ˆâ–ˆâ–ˆâ–ˆâ– | 94/115 [00:27<00:06,  3.45it/s]
 83%|â–ˆâ–ˆâ–ˆâ–ˆâ–ˆâ–ˆâ–ˆâ–ˆâ–Ž | 95/115 [00:27<00:05,  3.46it/s]
 83%|â–ˆâ–ˆâ–ˆâ–ˆâ–ˆâ–ˆâ–ˆâ–ˆâ–Ž | 96/115 [00:28<00:05,  3.50it/s]
 84%|â–ˆâ–ˆâ–ˆâ–ˆâ–ˆâ–ˆâ–ˆâ–ˆâ– | 97/115 [00:28<00:05,  3.37it/s]
 85%|â–ˆâ–ˆâ–ˆâ–ˆâ–ˆâ–ˆâ–ˆâ–ˆâ–Œ | 98/115 [00:28<00:05,  3.37it/s]
 86%|â–ˆâ–ˆâ–ˆâ–ˆâ–ˆâ–ˆâ–ˆâ–ˆâ–Œ | 99/115 [00:29<00:04,  3.39it/s]
 87%|â–ˆâ–ˆâ–ˆâ–ˆâ–ˆâ–ˆâ–ˆâ–ˆâ–‹ | 100/115 [00:29<00:04,  3.46it/s]
 88%|â–ˆâ–ˆâ–ˆâ–ˆâ–ˆâ–ˆâ–ˆâ–ˆâ–Š | 101/115 [00:29<00:04,  3.40it/s]
 89%|â–ˆâ–ˆâ–ˆâ–ˆâ–ˆâ–ˆâ–ˆâ–ˆâ–Š | 102/115 [00:29<00:03,  3.41it/s]
 90%|â–ˆâ–ˆâ–ˆâ–ˆâ–ˆâ–ˆâ–ˆâ–ˆâ–‰ | 103/115 [00:30<00:03,  3.31it/s]
 90%|â–ˆâ–ˆâ–ˆâ–ˆâ–ˆâ–ˆâ–ˆâ–ˆâ–ˆ | 104/115 [00:30<00:03,  3.33it/s]
 91%|â–ˆâ–ˆâ–ˆâ–ˆâ–ˆâ–ˆâ–ˆâ–ˆâ–ˆâ–| 105/115 [00:30<00:02,  3.37it/s]
 92%|â–ˆâ–ˆâ–ˆâ–ˆâ–ˆâ–ˆâ–ˆâ–ˆâ–ˆâ–| 106/115 [00:31<00:02,  3.19it/s]
 93%|â–ˆâ–ˆâ–ˆâ–ˆâ–ˆâ–ˆâ–ˆâ–ˆâ–ˆâ–Ž| 107/115 [00:31<00:02,  3.22it/s]
 94%|â–ˆâ–ˆâ–ˆâ–ˆâ–ˆâ–ˆâ–ˆâ–ˆâ–ˆâ–| 108/115 [00:31<00:02,  3.30it/s]
 95%|â–ˆâ–ˆâ–ˆâ–ˆâ–ˆâ–ˆâ–ˆâ–ˆâ–ˆâ–| 109/115 [00:32<00:01,  3.34it/s]
 96%|â–ˆâ–ˆâ–ˆâ–ˆâ–ˆâ–ˆâ–ˆâ–ˆâ–ˆâ–Œ| 110/115 [00:32<00:01,  3.41it/s]
 97%|â–ˆâ–ˆâ–ˆâ–ˆâ–ˆâ–ˆâ–ˆâ–ˆâ–ˆâ–‹| 111/115 [00:32<00:01,  3.37it/s]
 97%|â–ˆâ–ˆâ–ˆâ–ˆâ–ˆâ–ˆâ–ˆâ–ˆâ–ˆâ–‹| 112/115 [00:32<00:00,  3.38it/s]
 98%|â–ˆâ–ˆâ–ˆâ–ˆâ–ˆâ–ˆâ–ˆâ–ˆâ–ˆâ–Š| 113/115 [00:33<00:00,  3.26it/s]
 99%|â–ˆâ–ˆâ–ˆâ–ˆâ–ˆâ–ˆâ–ˆâ–ˆâ–ˆâ–‰| 114/115 [00:33<00:00,  3.28it/s]
100%|â–ˆâ–ˆâ–ˆâ–ˆâ–ˆâ–ˆâ–ˆâ–ˆâ–ˆâ–ˆ| 115/115 [00:33<00:00,  3.48it/s]
100%|â–ˆâ–ˆâ–ˆâ–ˆâ–ˆâ–ˆâ–ˆâ–ˆâ–ˆâ–ˆ| 115/115 [00:33<00:00,  3.40it/s]

  0%|          | 0/13 [00:00<?, ?it/s]
  8%|â–Š         | 1/13 [00:00<00:02,  5.33it/s]
 15%|â–ˆâ–Œ        | 2/13 [00:00<00:01,  6.23it/s]
 23%|â–ˆâ–ˆâ–Ž       | 3/13 [00:00<00:01,  6.35it/s]
 31%|â–ˆâ–ˆâ–ˆ       | 4/13 [00:00<00:01,  6.42it/s]
 38%|â–ˆâ–ˆâ–ˆâ–Š      | 5/13 [00:00<00:01,  6.59it/s]
 46%|â–ˆâ–ˆâ–ˆâ–ˆâ–Œ     | 6/13 [00:00<00:01,  6.74it/s]
 54%|â–ˆâ–ˆâ–ˆâ–ˆâ–ˆâ–    | 7/13 [00:01<00:00,  6.81it/s]
 62%|â–ˆâ–ˆâ–ˆâ–ˆâ–ˆâ–ˆâ–   | 8/13 [00:01<00:00,  6.71it/s]
 69%|â–ˆâ–ˆâ–ˆâ–ˆâ–ˆâ–ˆâ–‰   | 9/13 [00:01<00:00,  6.82it/s]
 77%|â–ˆâ–ˆâ–ˆâ–ˆâ–ˆâ–ˆâ–ˆâ–‹  | 10/13 [00:01<00:00,  6.94it/s]
 85%|â–ˆâ–ˆâ–ˆâ–ˆâ–ˆâ–ˆâ–ˆâ–ˆâ– | 11/13 [00:01<00:00,  6.98it/s]
 92%|â–ˆâ–ˆâ–ˆâ–ˆâ–ˆâ–ˆâ–ˆâ–ˆâ–ˆâ–| 12/13 [00:01<00:00,  6.96it/s]
100%|â–ˆâ–ˆâ–ˆâ–ˆâ–ˆâ–ˆâ–ˆâ–ˆâ–ˆâ–ˆ| 13/13 [00:01<00:00,  7.30it/s]
100%|â–ˆâ–ˆâ–ˆâ–ˆâ–ˆâ–ˆâ–ˆâ–ˆâ–ˆâ–ˆ| 13/13 [00:01<00:00,  6.81it/s]
epoch 3: {'accuracy': 0.8700980392156863, 'f1': 0.9100169779286927} [32m, current_best_acc:[0m 0.8700980392156863 train_loss: 0.968524694442749

  0%|          | 0/115 [00:00<?, ?it/s]
  1%|          | 1/115 [00:00<00:26,  4.32it/s]
  2%|â–         | 2/115 [00:00<00:29,  3.83it/s]
  3%|â–Ž         | 3/115 [00:00<00:30,  3.66it/s]
  3%|â–Ž         | 4/115 [00:01<00:30,  3.58it/s]
  4%|â–         | 5/115 [00:01<00:30,  3.58it/s]
  5%|â–Œ         | 6/115 [00:01<00:32,  3.38it/s]
  6%|â–Œ         | 7/115 [00:02<00:33,  3.25it/s]
  7%|â–‹         | 8/115 [00:02<00:32,  3.28it/s]
  8%|â–Š         | 9/115 [00:02<00:31,  3.33it/s]
  9%|â–Š         | 10/115 [00:02<00:31,  3.33it/s]
 10%|â–‰         | 11/115 [00:03<00:31,  3.33it/s]
 10%|â–ˆ         | 12/115 [00:03<00:30,  3.41it/s]
 11%|â–ˆâ–        | 13/115 [00:03<00:30,  3.40it/s]
 12%|â–ˆâ–        | 14/115 [00:04<00:30,  3.35it/s]
 13%|â–ˆâ–Ž        | 15/115 [00:04<00:29,  3.37it/s]
 14%|â–ˆâ–        | 16/115 [00:04<00:29,  3.38it/s]
 15%|â–ˆâ–        | 17/115 [00:04<00:28,  3.41it/s]
 16%|â–ˆâ–Œ        | 18/115 [00:05<00:29,  3.29it/s]
 17%|â–ˆâ–‹        | 19/115 [00:05<00:29,  3.30it/s]
 17%|â–ˆâ–‹        | 20/115 [00:05<00:29,  3.26it/s]
 18%|â–ˆâ–Š        | 21/115 [00:06<00:28,  3.30it/s]
 19%|â–ˆâ–‰        | 22/115 [00:06<00:28,  3.24it/s]
 20%|â–ˆâ–ˆ        | 23/115 [00:06<00:28,  3.27it/s]
 21%|â–ˆâ–ˆ        | 24/115 [00:07<00:27,  3.32it/s]
 22%|â–ˆâ–ˆâ–       | 25/115 [00:07<00:26,  3.42it/s]
 23%|â–ˆâ–ˆâ–Ž       | 26/115 [00:07<00:26,  3.42it/s]
 23%|â–ˆâ–ˆâ–Ž       | 27/115 [00:08<00:26,  3.27it/s]
 24%|â–ˆâ–ˆâ–       | 28/115 [00:08<00:26,  3.27it/s]
 25%|â–ˆâ–ˆâ–Œ       | 29/115 [00:08<00:25,  3.31it/s]
 26%|â–ˆâ–ˆâ–Œ       | 30/115 [00:08<00:25,  3.37it/s]
 27%|â–ˆâ–ˆâ–‹       | 31/115 [00:09<00:24,  3.41it/s]
 28%|â–ˆâ–ˆâ–Š       | 32/115 [00:09<00:24,  3.38it/s]
 29%|â–ˆâ–ˆâ–Š       | 33/115 [00:09<00:24,  3.39it/s]
 30%|â–ˆâ–ˆâ–‰       | 34/115 [00:10<00:23,  3.44it/s]
 30%|â–ˆâ–ˆâ–ˆ       | 35/115 [00:10<00:23,  3.43it/s]
 31%|â–ˆâ–ˆâ–ˆâ–      | 36/115 [00:10<00:22,  3.46it/s]
 32%|â–ˆâ–ˆâ–ˆâ–      | 37/115 [00:10<00:22,  3.53it/s]
 33%|â–ˆâ–ˆâ–ˆâ–Ž      | 38/115 [00:11<00:21,  3.52it/s]
 34%|â–ˆâ–ˆâ–ˆâ–      | 39/115 [00:11<00:21,  3.58it/s]
 35%|â–ˆâ–ˆâ–ˆâ–      | 40/115 [00:11<00:21,  3.56it/s]
 36%|â–ˆâ–ˆâ–ˆâ–Œ      | 41/115 [00:12<00:21,  3.37it/s]
 37%|â–ˆâ–ˆâ–ˆâ–‹      | 42/115 [00:12<00:21,  3.34it/s]
 37%|â–ˆâ–ˆâ–ˆâ–‹      | 43/115 [00:12<00:21,  3.37it/s]
 38%|â–ˆâ–ˆâ–ˆâ–Š      | 44/115 [00:12<00:21,  3.35it/s]
 39%|â–ˆâ–ˆâ–ˆâ–‰      | 45/115 [00:13<00:20,  3.40it/s]
 40%|â–ˆâ–ˆâ–ˆâ–ˆ      | 46/115 [00:13<00:20,  3.45it/s]
 41%|â–ˆâ–ˆâ–ˆâ–ˆ      | 47/115 [00:13<00:19,  3.44it/s]
 42%|â–ˆâ–ˆâ–ˆâ–ˆâ–     | 48/115 [00:14<00:19,  3.44it/s]
 43%|â–ˆâ–ˆâ–ˆâ–ˆâ–Ž     | 49/115 [00:14<00:18,  3.50it/s]
 43%|â–ˆâ–ˆâ–ˆâ–ˆâ–Ž     | 50/115 [00:14<00:19,  3.38it/s]
 44%|â–ˆâ–ˆâ–ˆâ–ˆâ–     | 51/115 [00:15<00:18,  3.44it/s]
 45%|â–ˆâ–ˆâ–ˆâ–ˆâ–Œ     | 52/115 [00:15<00:18,  3.47it/s]
 46%|â–ˆâ–ˆâ–ˆâ–ˆâ–Œ     | 53/115 [00:15<00:17,  3.50it/s]
 47%|â–ˆâ–ˆâ–ˆâ–ˆâ–‹     | 54/115 [00:15<00:17,  3.51it/s]
 48%|â–ˆâ–ˆâ–ˆâ–ˆâ–Š     | 55/115 [00:16<00:17,  3.42it/s]
 49%|â–ˆâ–ˆâ–ˆâ–ˆâ–Š     | 56/115 [00:16<00:17,  3.41it/s]
 50%|â–ˆâ–ˆâ–ˆâ–ˆâ–‰     | 57/115 [00:16<00:17,  3.40it/s]
 50%|â–ˆâ–ˆâ–ˆâ–ˆâ–ˆ     | 58/115 [00:17<00:16,  3.46it/s]
 51%|â–ˆâ–ˆâ–ˆâ–ˆâ–ˆâ–    | 59/115 [00:17<00:16,  3.47it/s]
 52%|â–ˆâ–ˆâ–ˆâ–ˆâ–ˆâ–    | 60/115 [00:17<00:15,  3.46it/s]
 53%|â–ˆâ–ˆâ–ˆâ–ˆâ–ˆâ–Ž    | 61/115 [00:17<00:16,  3.29it/s]
 54%|â–ˆâ–ˆâ–ˆâ–ˆâ–ˆâ–    | 62/115 [00:18<00:16,  3.28it/s]
 55%|â–ˆâ–ˆâ–ˆâ–ˆâ–ˆâ–    | 63/115 [00:18<00:15,  3.31it/s]
 56%|â–ˆâ–ˆâ–ˆâ–ˆâ–ˆâ–Œ    | 64/115 [00:18<00:15,  3.40it/s]
 57%|â–ˆâ–ˆâ–ˆâ–ˆâ–ˆâ–‹    | 65/115 [00:19<00:14,  3.46it/s]
 57%|â–ˆâ–ˆâ–ˆâ–ˆâ–ˆâ–‹    | 66/115 [00:19<00:14,  3.48it/s]
 58%|â–ˆâ–ˆâ–ˆâ–ˆâ–ˆâ–Š    | 67/115 [00:19<00:13,  3.50it/s]
 59%|â–ˆâ–ˆâ–ˆâ–ˆâ–ˆâ–‰    | 68/115 [00:19<00:13,  3.49it/s]
 60%|â–ˆâ–ˆâ–ˆâ–ˆâ–ˆâ–ˆ    | 69/115 [00:20<00:13,  3.42it/s]
 61%|â–ˆâ–ˆâ–ˆâ–ˆâ–ˆâ–ˆ    | 70/115 [00:20<00:13,  3.33it/s]
 62%|â–ˆâ–ˆâ–ˆâ–ˆâ–ˆâ–ˆâ–   | 71/115 [00:20<00:13,  3.37it/s]
 63%|â–ˆâ–ˆâ–ˆâ–ˆâ–ˆâ–ˆâ–Ž   | 72/115 [00:21<00:12,  3.39it/s]
 63%|â–ˆâ–ˆâ–ˆâ–ˆâ–ˆâ–ˆâ–Ž   | 73/115 [00:21<00:12,  3.39it/s]
 64%|â–ˆâ–ˆâ–ˆâ–ˆâ–ˆâ–ˆâ–   | 74/115 [00:21<00:12,  3.31it/s]
 65%|â–ˆâ–ˆâ–ˆâ–ˆâ–ˆâ–ˆâ–Œ   | 75/115 [00:22<00:12,  3.22it/s]
 66%|â–ˆâ–ˆâ–ˆâ–ˆâ–ˆâ–ˆâ–Œ   | 76/115 [00:22<00:11,  3.27it/s]
 67%|â–ˆâ–ˆâ–ˆâ–ˆâ–ˆâ–ˆâ–‹   | 77/115 [00:22<00:11,  3.33it/s]
 68%|â–ˆâ–ˆâ–ˆâ–ˆâ–ˆâ–ˆâ–Š   | 78/115 [00:22<00:10,  3.39it/s]
 69%|â–ˆâ–ˆâ–ˆâ–ˆâ–ˆâ–ˆâ–Š   | 79/115 [00:23<00:10,  3.46it/s]
 70%|â–ˆâ–ˆâ–ˆâ–ˆâ–ˆâ–ˆâ–‰   | 80/115 [00:23<00:10,  3.49it/s]
 70%|â–ˆâ–ˆâ–ˆâ–ˆâ–ˆâ–ˆâ–ˆ   | 81/115 [00:23<00:09,  3.48it/s]
 71%|â–ˆâ–ˆâ–ˆâ–ˆâ–ˆâ–ˆâ–ˆâ–  | 82/115 [00:24<00:09,  3.37it/s]
 72%|â–ˆâ–ˆâ–ˆâ–ˆâ–ˆâ–ˆâ–ˆâ–  | 83/115 [00:24<00:09,  3.29it/s]
 73%|â–ˆâ–ˆâ–ˆâ–ˆâ–ˆâ–ˆâ–ˆâ–Ž  | 84/115 [00:24<00:09,  3.33it/s]
 74%|â–ˆâ–ˆâ–ˆâ–ˆâ–ˆâ–ˆâ–ˆâ–  | 85/115 [00:25<00:08,  3.41it/s]
 75%|â–ˆâ–ˆâ–ˆâ–ˆâ–ˆâ–ˆâ–ˆâ–  | 86/115 [00:25<00:08,  3.42it/s]
 76%|â–ˆâ–ˆâ–ˆâ–ˆâ–ˆâ–ˆâ–ˆâ–Œ  | 87/115 [00:25<00:08,  3.42it/s]
 77%|â–ˆâ–ˆâ–ˆâ–ˆâ–ˆâ–ˆâ–ˆâ–‹  | 88/115 [00:25<00:08,  3.36it/s]
 77%|â–ˆâ–ˆâ–ˆâ–ˆâ–ˆâ–ˆâ–ˆâ–‹  | 89/115 [00:26<00:07,  3.37it/s]
 78%|â–ˆâ–ˆâ–ˆâ–ˆâ–ˆâ–ˆâ–ˆâ–Š  | 90/115 [00:26<00:07,  3.47it/s]
 79%|â–ˆâ–ˆâ–ˆâ–ˆâ–ˆâ–ˆâ–ˆâ–‰  | 91/115 [00:26<00:07,  3.36it/s]
 80%|â–ˆâ–ˆâ–ˆâ–ˆâ–ˆâ–ˆâ–ˆâ–ˆ  | 92/115 [00:27<00:06,  3.40it/s]
 81%|â–ˆâ–ˆâ–ˆâ–ˆâ–ˆâ–ˆâ–ˆâ–ˆ  | 93/115 [00:27<00:06,  3.32it/s]
 82%|â–ˆâ–ˆâ–ˆâ–ˆâ–ˆâ–ˆâ–ˆâ–ˆâ– | 94/115 [00:27<00:06,  3.34it/s]
 83%|â–ˆâ–ˆâ–ˆâ–ˆâ–ˆâ–ˆâ–ˆâ–ˆâ–Ž | 95/115 [00:28<00:06,  3.28it/s]
 83%|â–ˆâ–ˆâ–ˆâ–ˆâ–ˆâ–ˆâ–ˆâ–ˆâ–Ž | 96/115 [00:28<00:05,  3.30it/s]
 84%|â–ˆâ–ˆâ–ˆâ–ˆâ–ˆâ–ˆâ–ˆâ–ˆâ– | 97/115 [00:28<00:05,  3.36it/s]
 85%|â–ˆâ–ˆâ–ˆâ–ˆâ–ˆâ–ˆâ–ˆâ–ˆâ–Œ | 98/115 [00:28<00:05,  3.39it/s]
 86%|â–ˆâ–ˆâ–ˆâ–ˆâ–ˆâ–ˆâ–ˆâ–ˆâ–Œ | 99/115 [00:29<00:04,  3.44it/s]
 87%|â–ˆâ–ˆâ–ˆâ–ˆâ–ˆâ–ˆâ–ˆâ–ˆâ–‹ | 100/115 [00:29<00:04,  3.36it/s]
 88%|â–ˆâ–ˆâ–ˆâ–ˆâ–ˆâ–ˆâ–ˆâ–ˆâ–Š | 101/115 [00:29<00:04,  3.26it/s]
 89%|â–ˆâ–ˆâ–ˆâ–ˆâ–ˆâ–ˆâ–ˆâ–ˆâ–Š | 102/115 [00:30<00:03,  3.29it/s]
 90%|â–ˆâ–ˆâ–ˆâ–ˆâ–ˆâ–ˆâ–ˆâ–ˆâ–‰ | 103/115 [00:30<00:03,  3.37it/s]
 90%|â–ˆâ–ˆâ–ˆâ–ˆâ–ˆâ–ˆâ–ˆâ–ˆâ–ˆ | 104/115 [00:30<00:03,  3.41it/s]
 91%|â–ˆâ–ˆâ–ˆâ–ˆâ–ˆâ–ˆâ–ˆâ–ˆâ–ˆâ–| 105/115 [00:30<00:02,  3.35it/s]
 92%|â–ˆâ–ˆâ–ˆâ–ˆâ–ˆâ–ˆâ–ˆâ–ˆâ–ˆâ–| 106/115 [00:31<00:02,  3.23it/s]
 93%|â–ˆâ–ˆâ–ˆâ–ˆâ–ˆâ–ˆâ–ˆâ–ˆâ–ˆâ–Ž| 107/115 [00:31<00:02,  3.22it/s]
 94%|â–ˆâ–ˆâ–ˆâ–ˆâ–ˆâ–ˆâ–ˆâ–ˆâ–ˆâ–| 108/115 [00:31<00:02,  3.15it/s]
 95%|â–ˆâ–ˆâ–ˆâ–ˆâ–ˆâ–ˆâ–ˆâ–ˆâ–ˆâ–| 109/115 [00:32<00:01,  3.22it/s]
 96%|â–ˆâ–ˆâ–ˆâ–ˆâ–ˆâ–ˆâ–ˆâ–ˆâ–ˆâ–Œ| 110/115 [00:32<00:01,  3.30it/s]
 97%|â–ˆâ–ˆâ–ˆâ–ˆâ–ˆâ–ˆâ–ˆâ–ˆâ–ˆâ–‹| 111/115 [00:32<00:01,  3.32it/s]
 97%|â–ˆâ–ˆâ–ˆâ–ˆâ–ˆâ–ˆâ–ˆâ–ˆâ–ˆâ–‹| 112/115 [00:33<00:00,  3.37it/s]
 98%|â–ˆâ–ˆâ–ˆâ–ˆâ–ˆâ–ˆâ–ˆâ–ˆâ–ˆâ–Š| 113/115 [00:33<00:00,  3.23it/s]
 99%|â–ˆâ–ˆâ–ˆâ–ˆâ–ˆâ–ˆâ–ˆâ–ˆâ–ˆâ–‰| 114/115 [00:33<00:00,  3.16it/s]
100%|â–ˆâ–ˆâ–ˆâ–ˆâ–ˆâ–ˆâ–ˆâ–ˆâ–ˆâ–ˆ| 115/115 [00:34<00:00,  3.33it/s]
100%|â–ˆâ–ˆâ–ˆâ–ˆâ–ˆâ–ˆâ–ˆâ–ˆâ–ˆâ–ˆ| 115/115 [00:34<00:00,  3.38it/s]

  0%|          | 0/13 [00:00<?, ?it/s]
  8%|â–Š         | 1/13 [00:00<00:02,  5.39it/s]
 15%|â–ˆâ–Œ        | 2/13 [00:00<00:01,  6.26it/s]
 23%|â–ˆâ–ˆâ–Ž       | 3/13 [00:00<00:01,  6.37it/s]
 31%|â–ˆâ–ˆâ–ˆ       | 4/13 [00:00<00:01,  6.43it/s]
 38%|â–ˆâ–ˆâ–ˆâ–Š      | 5/13 [00:00<00:01,  6.59it/s]
 46%|â–ˆâ–ˆâ–ˆâ–ˆâ–Œ     | 6/13 [00:00<00:01,  6.74it/s]
 54%|â–ˆâ–ˆâ–ˆâ–ˆâ–ˆâ–    | 7/13 [00:01<00:00,  6.81it/s]
 62%|â–ˆâ–ˆâ–ˆâ–ˆâ–ˆâ–ˆâ–   | 8/13 [00:01<00:00,  6.71it/s]
 69%|â–ˆâ–ˆâ–ˆâ–ˆâ–ˆâ–ˆâ–‰   | 9/13 [00:01<00:00,  6.83it/s]
 77%|â–ˆâ–ˆâ–ˆâ–ˆâ–ˆâ–ˆâ–ˆâ–‹  | 10/13 [00:01<00:00,  6.94it/s]
 85%|â–ˆâ–ˆâ–ˆâ–ˆâ–ˆâ–ˆâ–ˆâ–ˆâ– | 11/13 [00:01<00:00,  6.98it/s]
 92%|â–ˆâ–ˆâ–ˆâ–ˆâ–ˆâ–ˆâ–ˆâ–ˆâ–ˆâ–| 12/13 [00:01<00:00,  6.96it/s]
100%|â–ˆâ–ˆâ–ˆâ–ˆâ–ˆâ–ˆâ–ˆâ–ˆâ–ˆâ–ˆ| 13/13 [00:01<00:00,  7.31it/s]
100%|â–ˆâ–ˆâ–ˆâ–ˆâ–ˆâ–ˆâ–ˆâ–ˆâ–ˆâ–ˆ| 13/13 [00:01<00:00,  6.82it/s]
epoch 4: {'accuracy': 0.9044117647058824, 'f1': 0.9307282415630551} [32m, current_best_acc:[0m 0.9044117647058824 train_loss: 1.1148219108581543

  0%|          | 0/115 [00:00<?, ?it/s]
  1%|          | 1/115 [00:00<00:27,  4.16it/s]
  2%|â–         | 2/115 [00:00<00:30,  3.73it/s]
  3%|â–Ž         | 3/115 [00:00<00:32,  3.43it/s]
  3%|â–Ž         | 4/115 [00:01<00:32,  3.38it/s]
  4%|â–         | 5/115 [00:01<00:32,  3.43it/s]
  5%|â–Œ         | 6/115 [00:01<00:32,  3.30it/s]
  6%|â–Œ         | 7/115 [00:02<00:32,  3.34it/s]
  7%|â–‹         | 8/115 [00:02<00:31,  3.42it/s]
  8%|â–Š         | 9/115 [00:02<00:31,  3.35it/s]
  9%|â–Š         | 10/115 [00:02<00:30,  3.39it/s]
 10%|â–‰         | 11/115 [00:03<00:31,  3.33it/s]
 10%|â–ˆ         | 12/115 [00:03<00:31,  3.24it/s]
 11%|â–ˆâ–        | 13/115 [00:03<00:32,  3.16it/s]
 12%|â–ˆâ–        | 14/115 [00:04<00:31,  3.21it/s]
 13%|â–ˆâ–Ž        | 15/115 [00:04<00:32,  3.11it/s]
 14%|â–ˆâ–        | 16/115 [00:04<00:31,  3.18it/s]
 15%|â–ˆâ–        | 17/115 [00:05<00:29,  3.29it/s]
 16%|â–ˆâ–Œ        | 18/115 [00:05<00:28,  3.35it/s]
 17%|â–ˆâ–‹        | 19/115 [00:05<00:27,  3.44it/s]
 17%|â–ˆâ–‹        | 20/115 [00:05<00:27,  3.43it/s]
 18%|â–ˆâ–Š        | 21/115 [00:06<00:27,  3.43it/s]
 19%|â–ˆâ–‰        | 22/115 [00:06<00:27,  3.44it/s]
 20%|â–ˆâ–ˆ        | 23/115 [00:06<00:27,  3.32it/s]
 21%|â–ˆâ–ˆ        | 24/115 [00:07<00:27,  3.34it/s]
 22%|â–ˆâ–ˆâ–       | 25/115 [00:07<00:26,  3.39it/s]
 23%|â–ˆâ–ˆâ–Ž       | 26/115 [00:07<00:26,  3.42it/s]
 23%|â–ˆâ–ˆâ–Ž       | 27/115 [00:08<00:26,  3.36it/s]
 24%|â–ˆâ–ˆâ–       | 28/115 [00:08<00:25,  3.38it/s]
 25%|â–ˆâ–ˆâ–Œ       | 29/115 [00:08<00:26,  3.29it/s]
 26%|â–ˆâ–ˆâ–Œ       | 30/115 [00:08<00:25,  3.38it/s]
 27%|â–ˆâ–ˆâ–‹       | 31/115 [00:09<00:24,  3.43it/s]
 28%|â–ˆâ–ˆâ–Š       | 32/115 [00:09<00:23,  3.49it/s]
 29%|â–ˆâ–ˆâ–Š       | 33/115 [00:09<00:24,  3.38it/s]
 30%|â–ˆâ–ˆâ–‰       | 34/115 [00:10<00:24,  3.30it/s]
 30%|â–ˆâ–ˆâ–ˆ       | 35/115 [00:10<00:24,  3.32it/s]
 31%|â–ˆâ–ˆâ–ˆâ–      | 36/115 [00:10<00:24,  3.21it/s]
 32%|â–ˆâ–ˆâ–ˆâ–      | 37/115 [00:11<00:23,  3.29it/s]
 33%|â–ˆâ–ˆâ–ˆâ–Ž      | 38/115 [00:11<00:23,  3.35it/s]
 34%|â–ˆâ–ˆâ–ˆâ–      | 39/115 [00:11<00:22,  3.34it/s]
 35%|â–ˆâ–ˆâ–ˆâ–      | 40/115 [00:11<00:21,  3.42it/s]
 36%|â–ˆâ–ˆâ–ˆâ–Œ      | 41/115 [00:12<00:21,  3.45it/s]
 37%|â–ˆâ–ˆâ–ˆâ–‹      | 42/115 [00:12<00:20,  3.50it/s]
 37%|â–ˆâ–ˆâ–ˆâ–‹      | 43/115 [00:12<00:21,  3.37it/s]
 38%|â–ˆâ–ˆâ–ˆâ–Š      | 44/115 [00:13<00:21,  3.28it/s]
 39%|â–ˆâ–ˆâ–ˆâ–‰      | 45/115 [00:13<00:21,  3.33it/s]
 40%|â–ˆâ–ˆâ–ˆâ–ˆ      | 46/115 [00:13<00:20,  3.38it/s]
 41%|â–ˆâ–ˆâ–ˆâ–ˆ      | 47/115 [00:13<00:19,  3.40it/s]
 42%|â–ˆâ–ˆâ–ˆâ–ˆâ–     | 48/115 [00:14<00:19,  3.49it/s]
 43%|â–ˆâ–ˆâ–ˆâ–ˆâ–Ž     | 49/115 [00:14<00:18,  3.49it/s]
 43%|â–ˆâ–ˆâ–ˆâ–ˆâ–Ž     | 50/115 [00:14<00:18,  3.50it/s]
 44%|â–ˆâ–ˆâ–ˆâ–ˆâ–     | 51/115 [00:15<00:18,  3.50it/s]
 45%|â–ˆâ–ˆâ–ˆâ–ˆâ–Œ     | 52/115 [00:15<00:18,  3.40it/s]
 46%|â–ˆâ–ˆâ–ˆâ–ˆâ–Œ     | 53/115 [00:15<00:18,  3.41it/s]
 47%|â–ˆâ–ˆâ–ˆâ–ˆâ–‹     | 54/115 [00:16<00:18,  3.36it/s]
 48%|â–ˆâ–ˆâ–ˆâ–ˆâ–Š     | 55/115 [00:16<00:17,  3.42it/s]
 49%|â–ˆâ–ˆâ–ˆâ–ˆâ–Š     | 56/115 [00:16<00:17,  3.35it/s]
 50%|â–ˆâ–ˆâ–ˆâ–ˆâ–‰     | 57/115 [00:16<00:17,  3.39it/s]
 50%|â–ˆâ–ˆâ–ˆâ–ˆâ–ˆ     | 58/115 [00:17<00:16,  3.41it/s]
 51%|â–ˆâ–ˆâ–ˆâ–ˆâ–ˆâ–    | 59/115 [00:17<00:16,  3.46it/s]
 52%|â–ˆâ–ˆâ–ˆâ–ˆâ–ˆâ–    | 60/115 [00:17<00:15,  3.45it/s]
 53%|â–ˆâ–ˆâ–ˆâ–ˆâ–ˆâ–Ž    | 61/115 [00:18<00:15,  3.46it/s]
 54%|â–ˆâ–ˆâ–ˆâ–ˆâ–ˆâ–    | 62/115 [00:18<00:15,  3.49it/s]
 55%|â–ˆâ–ˆâ–ˆâ–ˆâ–ˆâ–    | 63/115 [00:18<00:15,  3.44it/s]
 56%|â–ˆâ–ˆâ–ˆâ–ˆâ–ˆâ–Œ    | 64/115 [00:18<00:15,  3.40it/s]
 57%|â–ˆâ–ˆâ–ˆâ–ˆâ–ˆâ–‹    | 65/115 [00:19<00:14,  3.42it/s]
 57%|â–ˆâ–ˆâ–ˆâ–ˆâ–ˆâ–‹    | 66/115 [00:19<00:14,  3.44it/s]
 58%|â–ˆâ–ˆâ–ˆâ–ˆâ–ˆâ–Š    | 67/115 [00:19<00:14,  3.38it/s]
 59%|â–ˆâ–ˆâ–ˆâ–ˆâ–ˆâ–‰    | 68/115 [00:20<00:13,  3.39it/s]
 60%|â–ˆâ–ˆâ–ˆâ–ˆâ–ˆâ–ˆ    | 69/115 [00:20<00:13,  3.44it/s]
 61%|â–ˆâ–ˆâ–ˆâ–ˆâ–ˆâ–ˆ    | 70/115 [00:20<00:13,  3.44it/s]
 62%|â–ˆâ–ˆâ–ˆâ–ˆâ–ˆâ–ˆâ–   | 71/115 [00:20<00:12,  3.42it/s]
 63%|â–ˆâ–ˆâ–ˆâ–ˆâ–ˆâ–ˆâ–Ž   | 72/115 [00:21<00:12,  3.46it/s]
 63%|â–ˆâ–ˆâ–ˆâ–ˆâ–ˆâ–ˆâ–Ž   | 73/115 [00:21<00:12,  3.49it/s]
 64%|â–ˆâ–ˆâ–ˆâ–ˆâ–ˆâ–ˆâ–   | 74/115 [00:21<00:11,  3.50it/s]
 65%|â–ˆâ–ˆâ–ˆâ–ˆâ–ˆâ–ˆâ–Œ   | 75/115 [00:22<00:11,  3.54it/s]
 66%|â–ˆâ–ˆâ–ˆâ–ˆâ–ˆâ–ˆâ–Œ   | 76/115 [00:22<00:11,  3.53it/s]
 67%|â–ˆâ–ˆâ–ˆâ–ˆâ–ˆâ–ˆâ–‹   | 77/115 [00:22<00:11,  3.33it/s]
 68%|â–ˆâ–ˆâ–ˆâ–ˆâ–ˆâ–ˆâ–Š   | 78/115 [00:23<00:11,  3.27it/s]
 69%|â–ˆâ–ˆâ–ˆâ–ˆâ–ˆâ–ˆâ–Š   | 79/115 [00:23<00:11,  3.26it/s]
 70%|â–ˆâ–ˆâ–ˆâ–ˆâ–ˆâ–ˆâ–‰   | 80/115 [00:23<00:10,  3.25it/s]
 70%|â–ˆâ–ˆâ–ˆâ–ˆâ–ˆâ–ˆâ–ˆ   | 81/115 [00:23<00:10,  3.32it/s]
 71%|â–ˆâ–ˆâ–ˆâ–ˆâ–ˆâ–ˆâ–ˆâ–  | 82/115 [00:24<00:09,  3.35it/s]
 72%|â–ˆâ–ˆâ–ˆâ–ˆâ–ˆâ–ˆâ–ˆâ–  | 83/115 [00:24<00:10,  3.19it/s]
 73%|â–ˆâ–ˆâ–ˆâ–ˆâ–ˆâ–ˆâ–ˆâ–Ž  | 84/115 [00:24<00:09,  3.24it/s]
 74%|â–ˆâ–ˆâ–ˆâ–ˆâ–ˆâ–ˆâ–ˆâ–  | 85/115 [00:25<00:08,  3.35it/s]
 75%|â–ˆâ–ˆâ–ˆâ–ˆâ–ˆâ–ˆâ–ˆâ–  | 86/115 [00:25<00:08,  3.41it/s]
 76%|â–ˆâ–ˆâ–ˆâ–ˆâ–ˆâ–ˆâ–ˆâ–Œ  | 87/115 [00:25<00:08,  3.43it/s]
 77%|â–ˆâ–ˆâ–ˆâ–ˆâ–ˆâ–ˆâ–ˆâ–‹  | 88/115 [00:26<00:07,  3.48it/s]
 77%|â–ˆâ–ˆâ–ˆâ–ˆâ–ˆâ–ˆâ–ˆâ–‹  | 89/115 [00:26<00:07,  3.41it/s]
 78%|â–ˆâ–ˆâ–ˆâ–ˆâ–ˆâ–ˆâ–ˆâ–Š  | 90/115 [00:26<00:07,  3.29it/s]
 79%|â–ˆâ–ˆâ–ˆâ–ˆâ–ˆâ–ˆâ–ˆâ–‰  | 91/115 [00:26<00:07,  3.35it/s]
 80%|â–ˆâ–ˆâ–ˆâ–ˆâ–ˆâ–ˆâ–ˆâ–ˆ  | 92/115 [00:27<00:06,  3.33it/s]
 81%|â–ˆâ–ˆâ–ˆâ–ˆâ–ˆâ–ˆâ–ˆâ–ˆ  | 93/115 [00:27<00:06,  3.34it/s]
 82%|â–ˆâ–ˆâ–ˆâ–ˆâ–ˆâ–ˆâ–ˆâ–ˆâ– | 94/115 [00:27<00:06,  3.38it/s]
 83%|â–ˆâ–ˆâ–ˆâ–ˆâ–ˆâ–ˆâ–ˆâ–ˆâ–Ž | 95/115 [00:28<00:05,  3.47it/s]
 83%|â–ˆâ–ˆâ–ˆâ–ˆâ–ˆâ–ˆâ–ˆâ–ˆâ–Ž | 96/115 [00:28<00:05,  3.50it/s]
 84%|â–ˆâ–ˆâ–ˆâ–ˆâ–ˆâ–ˆâ–ˆâ–ˆâ– | 97/115 [00:28<00:05,  3.42it/s]
 85%|â–ˆâ–ˆâ–ˆâ–ˆâ–ˆâ–ˆâ–ˆâ–ˆâ–Œ | 98/115 [00:28<00:04,  3.42it/s]
 86%|â–ˆâ–ˆâ–ˆâ–ˆâ–ˆâ–ˆâ–ˆâ–ˆâ–Œ | 99/115 [00:29<00:04,  3.47it/s]
 87%|â–ˆâ–ˆâ–ˆâ–ˆâ–ˆâ–ˆâ–ˆâ–ˆâ–‹ | 100/115 [00:29<00:04,  3.50it/s]
 88%|â–ˆâ–ˆâ–ˆâ–ˆâ–ˆâ–ˆâ–ˆâ–ˆâ–Š | 101/115 [00:29<00:03,  3.53it/s]
 89%|â–ˆâ–ˆâ–ˆâ–ˆâ–ˆâ–ˆâ–ˆâ–ˆâ–Š | 102/115 [00:30<00:03,  3.43it/s]
 90%|â–ˆâ–ˆâ–ˆâ–ˆâ–ˆâ–ˆâ–ˆâ–ˆâ–‰ | 103/115 [00:30<00:03,  3.44it/s]
 90%|â–ˆâ–ˆâ–ˆâ–ˆâ–ˆâ–ˆâ–ˆâ–ˆâ–ˆ | 104/115 [00:30<00:03,  3.47it/s]
 91%|â–ˆâ–ˆâ–ˆâ–ˆâ–ˆâ–ˆâ–ˆâ–ˆâ–ˆâ–| 105/115 [00:30<00:02,  3.47it/s]
 92%|â–ˆâ–ˆâ–ˆâ–ˆâ–ˆâ–ˆâ–ˆâ–ˆâ–ˆâ–| 106/115 [00:31<00:02,  3.51it/s]
 93%|â–ˆâ–ˆâ–ˆâ–ˆâ–ˆâ–ˆâ–ˆâ–ˆâ–ˆâ–Ž| 107/115 [00:31<00:02,  3.52it/s]
 94%|â–ˆâ–ˆâ–ˆâ–ˆâ–ˆâ–ˆâ–ˆâ–ˆâ–ˆâ–| 108/115 [00:31<00:01,  3.53it/s]
 95%|â–ˆâ–ˆâ–ˆâ–ˆâ–ˆâ–ˆâ–ˆâ–ˆâ–ˆâ–| 109/115 [00:32<00:01,  3.53it/s]
 96%|â–ˆâ–ˆâ–ˆâ–ˆâ–ˆâ–ˆâ–ˆâ–ˆâ–ˆâ–Œ| 110/115 [00:32<00:01,  3.52it/s]
 97%|â–ˆâ–ˆâ–ˆâ–ˆâ–ˆâ–ˆâ–ˆâ–ˆâ–ˆâ–‹| 111/115 [00:32<00:01,  3.51it/s]
 97%|â–ˆâ–ˆâ–ˆâ–ˆâ–ˆâ–ˆâ–ˆâ–ˆâ–ˆâ–‹| 112/115 [00:32<00:00,  3.41it/s]
 98%|â–ˆâ–ˆâ–ˆâ–ˆâ–ˆâ–ˆâ–ˆâ–ˆâ–ˆâ–Š| 113/115 [00:33<00:00,  3.35it/s]
 99%|â–ˆâ–ˆâ–ˆâ–ˆâ–ˆâ–ˆâ–ˆâ–ˆâ–ˆâ–‰| 114/115 [00:33<00:00,  3.37it/s]
100%|â–ˆâ–ˆâ–ˆâ–ˆâ–ˆâ–ˆâ–ˆâ–ˆâ–ˆâ–ˆ| 115/115 [00:33<00:00,  3.59it/s]
100%|â–ˆâ–ˆâ–ˆâ–ˆâ–ˆâ–ˆâ–ˆâ–ˆâ–ˆâ–ˆ| 115/115 [00:33<00:00,  3.40it/s]

  0%|          | 0/13 [00:00<?, ?it/s]
  8%|â–Š         | 1/13 [00:00<00:02,  5.47it/s]
 15%|â–ˆâ–Œ        | 2/13 [00:00<00:01,  6.30it/s]
 23%|â–ˆâ–ˆâ–Ž       | 3/13 [00:00<00:01,  6.39it/s]
 31%|â–ˆâ–ˆâ–ˆ       | 4/13 [00:00<00:01,  6.44it/s]
 38%|â–ˆâ–ˆâ–ˆâ–Š      | 5/13 [00:00<00:01,  6.60it/s]
 46%|â–ˆâ–ˆâ–ˆâ–ˆâ–Œ     | 6/13 [00:00<00:01,  6.75it/s]
 54%|â–ˆâ–ˆâ–ˆâ–ˆâ–ˆâ–    | 7/13 [00:01<00:00,  6.82it/s]
 62%|â–ˆâ–ˆâ–ˆâ–ˆâ–ˆâ–ˆâ–   | 8/13 [00:01<00:00,  6.71it/s]
 69%|â–ˆâ–ˆâ–ˆâ–ˆâ–ˆâ–ˆâ–‰   | 9/13 [00:01<00:00,  6.83it/s]
 77%|â–ˆâ–ˆâ–ˆâ–ˆâ–ˆâ–ˆâ–ˆâ–‹  | 10/13 [00:01<00:00,  6.94it/s]
 85%|â–ˆâ–ˆâ–ˆâ–ˆâ–ˆâ–ˆâ–ˆâ–ˆâ– | 11/13 [00:01<00:00,  6.98it/s]
 92%|â–ˆâ–ˆâ–ˆâ–ˆâ–ˆâ–ˆâ–ˆâ–ˆâ–ˆâ–| 12/13 [00:01<00:00,  6.96it/s]
100%|â–ˆâ–ˆâ–ˆâ–ˆâ–ˆâ–ˆâ–ˆâ–ˆâ–ˆâ–ˆ| 13/13 [00:01<00:00,  7.31it/s]
100%|â–ˆâ–ˆâ–ˆâ–ˆâ–ˆâ–ˆâ–ˆâ–ˆâ–ˆâ–ˆ| 13/13 [00:01<00:00,  6.83it/s]
epoch 5: {'accuracy': 0.9044117647058824, 'f1': 0.93048128342246} [32m, current_best_acc:[0m 0.9044117647058824 train_loss: 0.9822703003883362

  0%|          | 0/115 [00:00<?, ?it/s]
  1%|          | 1/115 [00:00<00:29,  3.87it/s]
  2%|â–         | 2/115 [00:00<00:30,  3.68it/s]
  3%|â–Ž         | 3/115 [00:00<00:30,  3.68it/s]
  3%|â–Ž         | 4/115 [00:01<00:30,  3.64it/s]
  4%|â–         | 5/115 [00:01<00:30,  3.65it/s]
  5%|â–Œ         | 6/115 [00:01<00:29,  3.64it/s]
  6%|â–Œ         | 7/115 [00:01<00:30,  3.59it/s]
  7%|â–‹         | 8/115 [00:02<00:29,  3.59it/s]
  8%|â–Š         | 9/115 [00:02<00:29,  3.58it/s]
  9%|â–Š         | 10/115 [00:02<00:29,  3.56it/s]
 10%|â–‰         | 11/115 [00:03<00:30,  3.44it/s]
 10%|â–ˆ         | 12/115 [00:03<00:31,  3.29it/s]
 11%|â–ˆâ–        | 13/115 [00:03<00:30,  3.32it/s]
 12%|â–ˆâ–        | 14/115 [00:03<00:29,  3.38it/s]
 13%|â–ˆâ–Ž        | 15/115 [00:04<00:29,  3.40it/s]
 14%|â–ˆâ–        | 16/115 [00:04<00:29,  3.35it/s]
 15%|â–ˆâ–        | 17/115 [00:04<00:29,  3.35it/s]
 16%|â–ˆâ–Œ        | 18/115 [00:05<00:29,  3.34it/s]
 17%|â–ˆâ–‹        | 19/115 [00:05<00:28,  3.41it/s]
 17%|â–ˆâ–‹        | 20/115 [00:05<00:27,  3.49it/s]
 18%|â–ˆâ–Š        | 21/115 [00:06<00:26,  3.50it/s]
 19%|â–ˆâ–‰        | 22/115 [00:06<00:26,  3.47it/s]
 20%|â–ˆâ–ˆ        | 23/115 [00:06<00:27,  3.38it/s]
 21%|â–ˆâ–ˆ        | 24/115 [00:06<00:26,  3.39it/s]
 22%|â–ˆâ–ˆâ–       | 25/115 [00:07<00:27,  3.30it/s]
 23%|â–ˆâ–ˆâ–Ž       | 26/115 [00:07<00:26,  3.33it/s]
 23%|â–ˆâ–ˆâ–Ž       | 27/115 [00:07<00:25,  3.41it/s]
 24%|â–ˆâ–ˆâ–       | 28/115 [00:08<00:25,  3.47it/s]
 25%|â–ˆâ–ˆâ–Œ       | 29/115 [00:08<00:24,  3.47it/s]
 26%|â–ˆâ–ˆâ–Œ       | 30/115 [00:08<00:25,  3.31it/s]
 27%|â–ˆâ–ˆâ–‹       | 31/115 [00:09<00:24,  3.36it/s]
 28%|â–ˆâ–ˆâ–Š       | 32/115 [00:09<00:25,  3.25it/s]
 29%|â–ˆâ–ˆâ–Š       | 33/115 [00:09<00:24,  3.31it/s]
 30%|â–ˆâ–ˆâ–‰       | 34/115 [00:09<00:24,  3.31it/s]
 30%|â–ˆâ–ˆâ–ˆ       | 35/115 [00:10<00:23,  3.34it/s]
 31%|â–ˆâ–ˆâ–ˆâ–      | 36/115 [00:10<00:23,  3.30it/s]
 32%|â–ˆâ–ˆâ–ˆâ–      | 37/115 [00:10<00:23,  3.34it/s]
 33%|â–ˆâ–ˆâ–ˆâ–Ž      | 38/115 [00:11<00:22,  3.42it/s]
 34%|â–ˆâ–ˆâ–ˆâ–      | 39/115 [00:11<00:22,  3.43it/s]
 35%|â–ˆâ–ˆâ–ˆâ–      | 40/115 [00:11<00:21,  3.45it/s]
 36%|â–ˆâ–ˆâ–ˆâ–Œ      | 41/115 [00:11<00:22,  3.35it/s]
 37%|â–ˆâ–ˆâ–ˆâ–‹      | 42/115 [00:12<00:22,  3.28it/s]
 37%|â–ˆâ–ˆâ–ˆâ–‹      | 43/115 [00:12<00:21,  3.33it/s]
 38%|â–ˆâ–ˆâ–ˆâ–Š      | 44/115 [00:12<00:20,  3.41it/s]
 39%|â–ˆâ–ˆâ–ˆâ–‰      | 45/115 [00:13<00:20,  3.34it/s]
 40%|â–ˆâ–ˆâ–ˆâ–ˆ      | 46/115 [00:13<00:20,  3.33it/s]
 41%|â–ˆâ–ˆâ–ˆâ–ˆ      | 47/115 [00:13<00:19,  3.44it/s]
 42%|â–ˆâ–ˆâ–ˆâ–ˆâ–     | 48/115 [00:14<00:19,  3.51it/s]
 43%|â–ˆâ–ˆâ–ˆâ–ˆâ–Ž     | 49/115 [00:14<00:18,  3.53it/s]
 43%|â–ˆâ–ˆâ–ˆâ–ˆâ–Ž     | 50/115 [00:14<00:18,  3.54it/s]
 44%|â–ˆâ–ˆâ–ˆâ–ˆâ–     | 51/115 [00:14<00:18,  3.55it/s]
 45%|â–ˆâ–ˆâ–ˆâ–ˆâ–Œ     | 52/115 [00:15<00:17,  3.51it/s]
 46%|â–ˆâ–ˆâ–ˆâ–ˆâ–Œ     | 53/115 [00:15<00:17,  3.56it/s]
 47%|â–ˆâ–ˆâ–ˆâ–ˆâ–‹     | 54/115 [00:15<00:17,  3.57it/s]
 48%|â–ˆâ–ˆâ–ˆâ–ˆâ–Š     | 55/115 [00:16<00:17,  3.50it/s]
 49%|â–ˆâ–ˆâ–ˆâ–ˆâ–Š     | 56/115 [00:16<00:16,  3.53it/s]
 50%|â–ˆâ–ˆâ–ˆâ–ˆâ–‰     | 57/115 [00:16<00:16,  3.54it/s]
 50%|â–ˆâ–ˆâ–ˆâ–ˆâ–ˆ     | 58/115 [00:16<00:16,  3.56it/s]
 51%|â–ˆâ–ˆâ–ˆâ–ˆâ–ˆâ–    | 59/115 [00:17<00:15,  3.58it/s]
 52%|â–ˆâ–ˆâ–ˆâ–ˆâ–ˆâ–    | 60/115 [00:17<00:15,  3.58it/s]
 53%|â–ˆâ–ˆâ–ˆâ–ˆâ–ˆâ–Ž    | 61/115 [00:17<00:15,  3.58it/s]
 54%|â–ˆâ–ˆâ–ˆâ–ˆâ–ˆâ–    | 62/115 [00:17<00:14,  3.58it/s]
 55%|â–ˆâ–ˆâ–ˆâ–ˆâ–ˆâ–    | 63/115 [00:18<00:14,  3.59it/s]
 56%|â–ˆâ–ˆâ–ˆâ–ˆâ–ˆâ–Œ    | 64/115 [00:18<00:14,  3.63it/s]
 57%|â–ˆâ–ˆâ–ˆâ–ˆâ–ˆâ–‹    | 65/115 [00:18<00:13,  3.60it/s]
 57%|â–ˆâ–ˆâ–ˆâ–ˆâ–ˆâ–‹    | 66/115 [00:19<00:13,  3.59it/s]
 58%|â–ˆâ–ˆâ–ˆâ–ˆâ–ˆâ–Š    | 67/115 [00:19<00:13,  3.60it/s]
 59%|â–ˆâ–ˆâ–ˆâ–ˆâ–ˆâ–‰    | 68/115 [00:19<00:13,  3.47it/s]
 60%|â–ˆâ–ˆâ–ˆâ–ˆâ–ˆâ–ˆ    | 69/115 [00:19<00:13,  3.43it/s]
 61%|â–ˆâ–ˆâ–ˆâ–ˆâ–ˆâ–ˆ    | 70/115 [00:20<00:13,  3.46it/s]
 62%|â–ˆâ–ˆâ–ˆâ–ˆâ–ˆâ–ˆâ–   | 71/115 [00:20<00:12,  3.51it/s]
 63%|â–ˆâ–ˆâ–ˆâ–ˆâ–ˆâ–ˆâ–Ž   | 72/115 [00:20<00:12,  3.45it/s]
 63%|â–ˆâ–ˆâ–ˆâ–ˆâ–ˆâ–ˆâ–Ž   | 73/115 [00:21<00:12,  3.46it/s]
 64%|â–ˆâ–ˆâ–ˆâ–ˆâ–ˆâ–ˆâ–   | 74/115 [00:21<00:11,  3.52it/s]
 65%|â–ˆâ–ˆâ–ˆâ–ˆâ–ˆâ–ˆâ–Œ   | 75/115 [00:21<00:11,  3.52it/s]
 66%|â–ˆâ–ˆâ–ˆâ–ˆâ–ˆâ–ˆâ–Œ   | 76/115 [00:21<00:11,  3.42it/s]
 67%|â–ˆâ–ˆâ–ˆâ–ˆâ–ˆâ–ˆâ–‹   | 77/115 [00:22<00:11,  3.42it/s]
 68%|â–ˆâ–ˆâ–ˆâ–ˆâ–ˆâ–ˆâ–Š   | 78/115 [00:22<00:11,  3.32it/s]
 69%|â–ˆâ–ˆâ–ˆâ–ˆâ–ˆâ–ˆâ–Š   | 79/115 [00:22<00:11,  3.26it/s]
 70%|â–ˆâ–ˆâ–ˆâ–ˆâ–ˆâ–ˆâ–‰   | 80/115 [00:23<00:11,  3.13it/s]
 70%|â–ˆâ–ˆâ–ˆâ–ˆâ–ˆâ–ˆâ–ˆ   | 81/115 [00:23<00:10,  3.18it/s]
 71%|â–ˆâ–ˆâ–ˆâ–ˆâ–ˆâ–ˆâ–ˆâ–  | 82/115 [00:23<00:10,  3.19it/s]
 72%|â–ˆâ–ˆâ–ˆâ–ˆâ–ˆâ–ˆâ–ˆâ–  | 83/115 [00:24<00:09,  3.29it/s]
 73%|â–ˆâ–ˆâ–ˆâ–ˆâ–ˆâ–ˆâ–ˆâ–Ž  | 84/115 [00:24<00:09,  3.35it/s]
 74%|â–ˆâ–ˆâ–ˆâ–ˆâ–ˆâ–ˆâ–ˆâ–  | 85/115 [00:24<00:08,  3.34it/s]
 75%|â–ˆâ–ˆâ–ˆâ–ˆâ–ˆâ–ˆâ–ˆâ–  | 86/115 [00:25<00:08,  3.38it/s]
 76%|â–ˆâ–ˆâ–ˆâ–ˆâ–ˆâ–ˆâ–ˆâ–Œ  | 87/115 [00:25<00:08,  3.41it/s]
 77%|â–ˆâ–ˆâ–ˆâ–ˆâ–ˆâ–ˆâ–ˆâ–‹  | 88/115 [00:25<00:07,  3.48it/s]
 77%|â–ˆâ–ˆâ–ˆâ–ˆâ–ˆâ–ˆâ–ˆâ–‹  | 89/115 [00:25<00:07,  3.45it/s]
 78%|â–ˆâ–ˆâ–ˆâ–ˆâ–ˆâ–ˆâ–ˆâ–Š  | 90/115 [00:26<00:07,  3.52it/s]
 79%|â–ˆâ–ˆâ–ˆâ–ˆâ–ˆâ–ˆâ–ˆâ–‰  | 91/115 [00:26<00:06,  3.56it/s]
 80%|â–ˆâ–ˆâ–ˆâ–ˆâ–ˆâ–ˆâ–ˆâ–ˆ  | 92/115 [00:26<00:06,  3.55it/s]
 81%|â–ˆâ–ˆâ–ˆâ–ˆâ–ˆâ–ˆâ–ˆâ–ˆ  | 93/115 [00:27<00:06,  3.55it/s]
 82%|â–ˆâ–ˆâ–ˆâ–ˆâ–ˆâ–ˆâ–ˆâ–ˆâ– | 94/115 [00:27<00:05,  3.51it/s]
 83%|â–ˆâ–ˆâ–ˆâ–ˆâ–ˆâ–ˆâ–ˆâ–ˆâ–Ž | 95/115 [00:27<00:05,  3.52it/s]
 83%|â–ˆâ–ˆâ–ˆâ–ˆâ–ˆâ–ˆâ–ˆâ–ˆâ–Ž | 96/115 [00:27<00:05,  3.44it/s]
 84%|â–ˆâ–ˆâ–ˆâ–ˆâ–ˆâ–ˆâ–ˆâ–ˆâ– | 97/115 [00:28<00:05,  3.36it/s]
 85%|â–ˆâ–ˆâ–ˆâ–ˆâ–ˆâ–ˆâ–ˆâ–ˆâ–Œ | 98/115 [00:28<00:05,  3.38it/s]
 86%|â–ˆâ–ˆâ–ˆâ–ˆâ–ˆâ–ˆâ–ˆâ–ˆâ–Œ | 99/115 [00:28<00:04,  3.45it/s]
 87%|â–ˆâ–ˆâ–ˆâ–ˆâ–ˆâ–ˆâ–ˆâ–ˆâ–‹ | 100/115 [00:29<00:04,  3.33it/s]
 88%|â–ˆâ–ˆâ–ˆâ–ˆâ–ˆâ–ˆâ–ˆâ–ˆâ–Š | 101/115 [00:29<00:04,  3.34it/s]
 89%|â–ˆâ–ˆâ–ˆâ–ˆâ–ˆâ–ˆâ–ˆâ–ˆâ–Š | 102/115 [00:29<00:03,  3.33it/s]
 90%|â–ˆâ–ˆâ–ˆâ–ˆâ–ˆâ–ˆâ–ˆâ–ˆâ–‰ | 103/115 [00:30<00:03,  3.23it/s]
 90%|â–ˆâ–ˆâ–ˆâ–ˆâ–ˆâ–ˆâ–ˆâ–ˆâ–ˆ | 104/115 [00:30<00:03,  3.20it/s]
 91%|â–ˆâ–ˆâ–ˆâ–ˆâ–ˆâ–ˆâ–ˆâ–ˆâ–ˆâ–| 105/115 [00:30<00:03,  3.25it/s]
 92%|â–ˆâ–ˆâ–ˆâ–ˆâ–ˆâ–ˆâ–ˆâ–ˆâ–ˆâ–| 106/115 [00:30<00:02,  3.33it/s]
 93%|â–ˆâ–ˆâ–ˆâ–ˆâ–ˆâ–ˆâ–ˆâ–ˆâ–ˆâ–Ž| 107/115 [00:31<00:02,  3.28it/s]
 94%|â–ˆâ–ˆâ–ˆâ–ˆâ–ˆâ–ˆâ–ˆâ–ˆâ–ˆâ–| 108/115 [00:31<00:02,  3.34it/s]
 95%|â–ˆâ–ˆâ–ˆâ–ˆâ–ˆâ–ˆâ–ˆâ–ˆâ–ˆâ–| 109/115 [00:31<00:01,  3.39it/s]
 96%|â–ˆâ–ˆâ–ˆâ–ˆâ–ˆâ–ˆâ–ˆâ–ˆâ–ˆâ–Œ| 110/115 [00:32<00:01,  3.34it/s]
 97%|â–ˆâ–ˆâ–ˆâ–ˆâ–ˆâ–ˆâ–ˆâ–ˆâ–ˆâ–‹| 111/115 [00:32<00:01,  3.14it/s]
 97%|â–ˆâ–ˆâ–ˆâ–ˆâ–ˆâ–ˆâ–ˆâ–ˆâ–ˆâ–‹| 112/115 [00:32<00:00,  3.21it/s]
 98%|â–ˆâ–ˆâ–ˆâ–ˆâ–ˆâ–ˆâ–ˆâ–ˆâ–ˆâ–Š| 113/115 [00:33<00:00,  3.33it/s]
 99%|â–ˆâ–ˆâ–ˆâ–ˆâ–ˆâ–ˆâ–ˆâ–ˆâ–ˆâ–‰| 114/115 [00:33<00:00,  3.28it/s]
100%|â–ˆâ–ˆâ–ˆâ–ˆâ–ˆâ–ˆâ–ˆâ–ˆâ–ˆâ–ˆ| 115/115 [00:33<00:00,  3.50it/s]
100%|â–ˆâ–ˆâ–ˆâ–ˆâ–ˆâ–ˆâ–ˆâ–ˆâ–ˆâ–ˆ| 115/115 [00:33<00:00,  3.42it/s]

  0%|          | 0/13 [00:00<?, ?it/s]
  8%|â–Š         | 1/13 [00:00<00:02,  5.72it/s]
 15%|â–ˆâ–Œ        | 2/13 [00:00<00:01,  6.44it/s]
 23%|â–ˆâ–ˆâ–Ž       | 3/13 [00:00<00:01,  6.47it/s]
 31%|â–ˆâ–ˆâ–ˆ       | 4/13 [00:00<00:01,  6.49it/s]
 38%|â–ˆâ–ˆâ–ˆâ–Š      | 5/13 [00:00<00:01,  6.64it/s]
 46%|â–ˆâ–ˆâ–ˆâ–ˆâ–Œ     | 6/13 [00:00<00:01,  6.78it/s]
 54%|â–ˆâ–ˆâ–ˆâ–ˆâ–ˆâ–    | 7/13 [00:01<00:00,  6.84it/s]
 62%|â–ˆâ–ˆâ–ˆâ–ˆâ–ˆâ–ˆâ–   | 8/13 [00:01<00:00,  6.73it/s]
 69%|â–ˆâ–ˆâ–ˆâ–ˆâ–ˆâ–ˆâ–‰   | 9/13 [00:01<00:00,  6.84it/s]
 77%|â–ˆâ–ˆâ–ˆâ–ˆâ–ˆâ–ˆâ–ˆâ–‹  | 10/13 [00:01<00:00,  6.93it/s]
 85%|â–ˆâ–ˆâ–ˆâ–ˆâ–ˆâ–ˆâ–ˆâ–ˆâ– | 11/13 [00:01<00:00,  6.97it/s]
 92%|â–ˆâ–ˆâ–ˆâ–ˆâ–ˆâ–ˆâ–ˆâ–ˆâ–ˆâ–| 12/13 [00:01<00:00,  6.95it/s]
100%|â–ˆâ–ˆâ–ˆâ–ˆâ–ˆâ–ˆâ–ˆâ–ˆâ–ˆâ–ˆ| 13/13 [00:01<00:00,  7.30it/s]
100%|â–ˆâ–ˆâ–ˆâ–ˆâ–ˆâ–ˆâ–ˆâ–ˆâ–ˆâ–ˆ| 13/13 [00:01<00:00,  6.86it/s]
epoch 6: {'accuracy': 0.9117647058823529, 'f1': 0.9343065693430657} [32m, current_best_acc:[0m 0.9117647058823529 train_loss: 0.9955398440361023

  0%|          | 0/115 [00:00<?, ?it/s]
  1%|          | 1/115 [00:00<00:27,  4.14it/s]
  2%|â–         | 2/115 [00:00<00:31,  3.53it/s]
  3%|â–Ž         | 3/115 [00:00<00:32,  3.50it/s]
  3%|â–Ž         | 4/115 [00:01<00:31,  3.52it/s]
  4%|â–         | 5/115 [00:01<00:31,  3.54it/s]
  5%|â–Œ         | 6/115 [00:01<00:30,  3.52it/s]
  6%|â–Œ         | 7/115 [00:01<00:31,  3.43it/s]
  7%|â–‹         | 8/115 [00:02<00:31,  3.42it/s]
  8%|â–Š         | 9/115 [00:02<00:31,  3.37it/s]
  9%|â–Š         | 10/115 [00:02<00:32,  3.27it/s]
 10%|â–‰         | 11/115 [00:03<00:31,  3.31it/s]
 10%|â–ˆ         | 12/115 [00:03<00:30,  3.41it/s]
 11%|â–ˆâ–        | 13/115 [00:03<00:29,  3.50it/s]
 12%|â–ˆâ–        | 14/115 [00:04<00:28,  3.54it/s]
 13%|â–ˆâ–Ž        | 15/115 [00:04<00:29,  3.34it/s]
 14%|â–ˆâ–        | 16/115 [00:04<00:29,  3.35it/s]
 15%|â–ˆâ–        | 17/115 [00:04<00:28,  3.43it/s]
 16%|â–ˆâ–Œ        | 18/115 [00:05<00:28,  3.39it/s]
 17%|â–ˆâ–‹        | 19/115 [00:05<00:28,  3.43it/s]
 17%|â–ˆâ–‹        | 20/115 [00:05<00:27,  3.46it/s]
 18%|â–ˆâ–Š        | 21/115 [00:06<00:27,  3.44it/s]
 19%|â–ˆâ–‰        | 22/115 [00:06<00:26,  3.48it/s]
 20%|â–ˆâ–ˆ        | 23/115 [00:06<00:26,  3.52it/s]
 21%|â–ˆâ–ˆ        | 24/115 [00:06<00:26,  3.43it/s]
 22%|â–ˆâ–ˆâ–       | 25/115 [00:07<00:26,  3.44it/s]
 23%|â–ˆâ–ˆâ–Ž       | 26/115 [00:07<00:25,  3.45it/s]
 23%|â–ˆâ–ˆâ–Ž       | 27/115 [00:07<00:25,  3.51it/s]
 24%|â–ˆâ–ˆâ–       | 28/115 [00:08<00:24,  3.51it/s]
 25%|â–ˆâ–ˆâ–Œ       | 29/115 [00:08<00:24,  3.54it/s]
 26%|â–ˆâ–ˆâ–Œ       | 30/115 [00:08<00:23,  3.55it/s]
 27%|â–ˆâ–ˆâ–‹       | 31/115 [00:08<00:23,  3.54it/s]
 28%|â–ˆâ–ˆâ–Š       | 32/115 [00:09<00:23,  3.50it/s]
 29%|â–ˆâ–ˆâ–Š       | 33/115 [00:09<00:23,  3.46it/s]
 30%|â–ˆâ–ˆâ–‰       | 34/115 [00:09<00:23,  3.48it/s]
 30%|â–ˆâ–ˆâ–ˆ       | 35/115 [00:10<00:22,  3.52it/s]
 31%|â–ˆâ–ˆâ–ˆâ–      | 36/115 [00:10<00:22,  3.52it/s]
 32%|â–ˆâ–ˆâ–ˆâ–      | 37/115 [00:10<00:21,  3.57it/s]
 33%|â–ˆâ–ˆâ–ˆâ–Ž      | 38/115 [00:10<00:21,  3.54it/s]
 34%|â–ˆâ–ˆâ–ˆâ–      | 39/115 [00:11<00:22,  3.41it/s]
 35%|â–ˆâ–ˆâ–ˆâ–      | 40/115 [00:11<00:21,  3.42it/s]
 36%|â–ˆâ–ˆâ–ˆâ–Œ      | 41/115 [00:11<00:21,  3.44it/s]
 37%|â–ˆâ–ˆâ–ˆâ–‹      | 42/115 [00:12<00:21,  3.36it/s]
 37%|â–ˆâ–ˆâ–ˆâ–‹      | 43/115 [00:12<00:21,  3.35it/s]
 38%|â–ˆâ–ˆâ–ˆâ–Š      | 44/115 [00:12<00:20,  3.39it/s]
 39%|â–ˆâ–ˆâ–ˆâ–‰      | 45/115 [00:13<00:20,  3.45it/s]
 40%|â–ˆâ–ˆâ–ˆâ–ˆ      | 46/115 [00:13<00:19,  3.47it/s]
 41%|â–ˆâ–ˆâ–ˆâ–ˆ      | 47/115 [00:13<00:19,  3.42it/s]
 42%|â–ˆâ–ˆâ–ˆâ–ˆâ–     | 48/115 [00:13<00:19,  3.45it/s]
 43%|â–ˆâ–ˆâ–ˆâ–ˆâ–Ž     | 49/115 [00:14<00:19,  3.40it/s]
 43%|â–ˆâ–ˆâ–ˆâ–ˆâ–Ž     | 50/115 [00:14<00:19,  3.33it/s]
 44%|â–ˆâ–ˆâ–ˆâ–ˆâ–     | 51/115 [00:14<00:18,  3.37it/s]
 45%|â–ˆâ–ˆâ–ˆâ–ˆâ–Œ     | 52/115 [00:15<00:18,  3.45it/s]
 46%|â–ˆâ–ˆâ–ˆâ–ˆâ–Œ     | 53/115 [00:15<00:18,  3.35it/s]
 47%|â–ˆâ–ˆâ–ˆâ–ˆâ–‹     | 54/115 [00:15<00:17,  3.41it/s]
 48%|â–ˆâ–ˆâ–ˆâ–ˆâ–Š     | 55/115 [00:15<00:18,  3.31it/s]
 49%|â–ˆâ–ˆâ–ˆâ–ˆâ–Š     | 56/115 [00:16<00:17,  3.34it/s]
 50%|â–ˆâ–ˆâ–ˆâ–ˆâ–‰     | 57/115 [00:16<00:17,  3.27it/s]
 50%|â–ˆâ–ˆâ–ˆâ–ˆâ–ˆ     | 58/115 [00:16<00:17,  3.27it/s]
 51%|â–ˆâ–ˆâ–ˆâ–ˆâ–ˆâ–    | 59/115 [00:17<00:16,  3.36it/s]
 52%|â–ˆâ–ˆâ–ˆâ–ˆâ–ˆâ–    | 60/115 [00:17<00:16,  3.40it/s]
 53%|â–ˆâ–ˆâ–ˆâ–ˆâ–ˆâ–Ž    | 61/115 [00:17<00:15,  3.43it/s]
 54%|â–ˆâ–ˆâ–ˆâ–ˆâ–ˆâ–    | 62/115 [00:18<00:15,  3.41it/s]
 55%|â–ˆâ–ˆâ–ˆâ–ˆâ–ˆâ–    | 63/115 [00:18<00:15,  3.41it/s]
 56%|â–ˆâ–ˆâ–ˆâ–ˆâ–ˆâ–Œ    | 64/115 [00:18<00:14,  3.48it/s]
 57%|â–ˆâ–ˆâ–ˆâ–ˆâ–ˆâ–‹    | 65/115 [00:18<00:14,  3.52it/s]
 57%|â–ˆâ–ˆâ–ˆâ–ˆâ–ˆâ–‹    | 66/115 [00:19<00:13,  3.53it/s]
 58%|â–ˆâ–ˆâ–ˆâ–ˆâ–ˆâ–Š    | 67/115 [00:19<00:13,  3.52it/s]
 59%|â–ˆâ–ˆâ–ˆâ–ˆâ–ˆâ–‰    | 68/115 [00:19<00:13,  3.56it/s]
 60%|â–ˆâ–ˆâ–ˆâ–ˆâ–ˆâ–ˆ    | 69/115 [00:20<00:13,  3.45it/s]
 61%|â–ˆâ–ˆâ–ˆâ–ˆâ–ˆâ–ˆ    | 70/115 [00:20<00:13,  3.40it/s]
 62%|â–ˆâ–ˆâ–ˆâ–ˆâ–ˆâ–ˆâ–   | 71/115 [00:20<00:13,  3.35it/s]
 63%|â–ˆâ–ˆâ–ˆâ–ˆâ–ˆâ–ˆâ–Ž   | 72/115 [00:20<00:12,  3.39it/s]
 63%|â–ˆâ–ˆâ–ˆâ–ˆâ–ˆâ–ˆâ–Ž   | 73/115 [00:21<00:12,  3.37it/s]
 64%|â–ˆâ–ˆâ–ˆâ–ˆâ–ˆâ–ˆâ–   | 74/115 [00:21<00:12,  3.40it/s]
 65%|â–ˆâ–ˆâ–ˆâ–ˆâ–ˆâ–ˆâ–Œ   | 75/115 [00:21<00:11,  3.46it/s]
 66%|â–ˆâ–ˆâ–ˆâ–ˆâ–ˆâ–ˆâ–Œ   | 76/115 [00:22<00:11,  3.48it/s]
 67%|â–ˆâ–ˆâ–ˆâ–ˆâ–ˆâ–ˆâ–‹   | 77/115 [00:22<00:10,  3.47it/s]
 68%|â–ˆâ–ˆâ–ˆâ–ˆâ–ˆâ–ˆâ–Š   | 78/115 [00:22<00:10,  3.50it/s]
 69%|â–ˆâ–ˆâ–ˆâ–ˆâ–ˆâ–ˆâ–Š   | 79/115 [00:22<00:10,  3.35it/s]
 70%|â–ˆâ–ˆâ–ˆâ–ˆâ–ˆâ–ˆâ–‰   | 80/115 [00:23<00:10,  3.35it/s]
 70%|â–ˆâ–ˆâ–ˆâ–ˆâ–ˆâ–ˆâ–ˆ   | 81/115 [00:23<00:09,  3.47it/s]
 71%|â–ˆâ–ˆâ–ˆâ–ˆâ–ˆâ–ˆâ–ˆâ–  | 82/115 [00:23<00:09,  3.49it/s]
 72%|â–ˆâ–ˆâ–ˆâ–ˆâ–ˆâ–ˆâ–ˆâ–  | 83/115 [00:24<00:09,  3.36it/s]
 73%|â–ˆâ–ˆâ–ˆâ–ˆâ–ˆâ–ˆâ–ˆâ–Ž  | 84/115 [00:24<00:09,  3.26it/s]
 74%|â–ˆâ–ˆâ–ˆâ–ˆâ–ˆâ–ˆâ–ˆâ–  | 85/115 [00:24<00:08,  3.34it/s]
 75%|â–ˆâ–ˆâ–ˆâ–ˆâ–ˆâ–ˆâ–ˆâ–  | 86/115 [00:25<00:08,  3.40it/s]
 76%|â–ˆâ–ˆâ–ˆâ–ˆâ–ˆâ–ˆâ–ˆâ–Œ  | 87/115 [00:25<00:08,  3.42it/s]
 77%|â–ˆâ–ˆâ–ˆâ–ˆâ–ˆâ–ˆâ–ˆâ–‹  | 88/115 [00:25<00:07,  3.46it/s]
 77%|â–ˆâ–ˆâ–ˆâ–ˆâ–ˆâ–ˆâ–ˆâ–‹  | 89/115 [00:25<00:07,  3.37it/s]
 78%|â–ˆâ–ˆâ–ˆâ–ˆâ–ˆâ–ˆâ–ˆâ–Š  | 90/115 [00:26<00:07,  3.21it/s]
 79%|â–ˆâ–ˆâ–ˆâ–ˆâ–ˆâ–ˆâ–ˆâ–‰  | 91/115 [00:26<00:07,  3.18it/s]
 80%|â–ˆâ–ˆâ–ˆâ–ˆâ–ˆâ–ˆâ–ˆâ–ˆ  | 92/115 [00:26<00:07,  3.26it/s]
 81%|â–ˆâ–ˆâ–ˆâ–ˆâ–ˆâ–ˆâ–ˆâ–ˆ  | 93/115 [00:27<00:06,  3.22it/s]
 82%|â–ˆâ–ˆâ–ˆâ–ˆâ–ˆâ–ˆâ–ˆâ–ˆâ– | 94/115 [00:27<00:06,  3.25it/s]
 83%|â–ˆâ–ˆâ–ˆâ–ˆâ–ˆâ–ˆâ–ˆâ–ˆâ–Ž | 95/115 [00:27<00:05,  3.36it/s]
 83%|â–ˆâ–ˆâ–ˆâ–ˆâ–ˆâ–ˆâ–ˆâ–ˆâ–Ž | 96/115 [00:28<00:05,  3.42it/s]
 84%|â–ˆâ–ˆâ–ˆâ–ˆâ–ˆâ–ˆâ–ˆâ–ˆâ– | 97/115 [00:28<00:05,  3.42it/s]
 85%|â–ˆâ–ˆâ–ˆâ–ˆâ–ˆâ–ˆâ–ˆâ–ˆâ–Œ | 98/115 [00:28<00:04,  3.49it/s]
 86%|â–ˆâ–ˆâ–ˆâ–ˆâ–ˆâ–ˆâ–ˆâ–ˆâ–Œ | 99/115 [00:28<00:04,  3.51it/s]
 87%|â–ˆâ–ˆâ–ˆâ–ˆâ–ˆâ–ˆâ–ˆâ–ˆâ–‹ | 100/115 [00:29<00:04,  3.50it/s]
 88%|â–ˆâ–ˆâ–ˆâ–ˆâ–ˆâ–ˆâ–ˆâ–ˆâ–Š | 101/115 [00:29<00:04,  3.50it/s]
 89%|â–ˆâ–ˆâ–ˆâ–ˆâ–ˆâ–ˆâ–ˆâ–ˆâ–Š | 102/115 [00:29<00:03,  3.37it/s]
 90%|â–ˆâ–ˆâ–ˆâ–ˆâ–ˆâ–ˆâ–ˆâ–ˆâ–‰ | 103/115 [00:30<00:03,  3.38it/s]
 90%|â–ˆâ–ˆâ–ˆâ–ˆâ–ˆâ–ˆâ–ˆâ–ˆâ–ˆ | 104/115 [00:30<00:03,  3.32it/s]
 91%|â–ˆâ–ˆâ–ˆâ–ˆâ–ˆâ–ˆâ–ˆâ–ˆâ–ˆâ–| 105/115 [00:30<00:02,  3.35it/s]
 92%|â–ˆâ–ˆâ–ˆâ–ˆâ–ˆâ–ˆâ–ˆâ–ˆâ–ˆâ–| 106/115 [00:31<00:02,  3.30it/s]
 93%|â–ˆâ–ˆâ–ˆâ–ˆâ–ˆâ–ˆâ–ˆâ–ˆâ–ˆâ–Ž| 107/115 [00:31<00:02,  3.35it/s]
 94%|â–ˆâ–ˆâ–ˆâ–ˆâ–ˆâ–ˆâ–ˆâ–ˆâ–ˆâ–| 108/115 [00:31<00:02,  3.41it/s]
 95%|â–ˆâ–ˆâ–ˆâ–ˆâ–ˆâ–ˆâ–ˆâ–ˆâ–ˆâ–| 109/115 [00:31<00:01,  3.47it/s]
 96%|â–ˆâ–ˆâ–ˆâ–ˆâ–ˆâ–ˆâ–ˆâ–ˆâ–ˆâ–Œ| 110/115 [00:32<00:01,  3.48it/s]
 97%|â–ˆâ–ˆâ–ˆâ–ˆâ–ˆâ–ˆâ–ˆâ–ˆâ–ˆâ–‹| 111/115 [00:32<00:01,  3.38it/s]
 97%|â–ˆâ–ˆâ–ˆâ–ˆâ–ˆâ–ˆâ–ˆâ–ˆâ–ˆâ–‹| 112/115 [00:32<00:00,  3.31it/s]
 98%|â–ˆâ–ˆâ–ˆâ–ˆâ–ˆâ–ˆâ–ˆâ–ˆâ–ˆâ–Š| 113/115 [00:33<00:00,  3.35it/s]
 99%|â–ˆâ–ˆâ–ˆâ–ˆâ–ˆâ–ˆâ–ˆâ–ˆâ–ˆâ–‰| 114/115 [00:33<00:00,  3.40it/s]
100%|â–ˆâ–ˆâ–ˆâ–ˆâ–ˆâ–ˆâ–ˆâ–ˆâ–ˆâ–ˆ| 115/115 [00:33<00:00,  3.60it/s]
100%|â–ˆâ–ˆâ–ˆâ–ˆâ–ˆâ–ˆâ–ˆâ–ˆâ–ˆâ–ˆ| 115/115 [00:33<00:00,  3.42it/s]

  0%|          | 0/13 [00:00<?, ?it/s]
  8%|â–Š         | 1/13 [00:00<00:02,  5.42it/s]
 15%|â–ˆâ–Œ        | 2/13 [00:00<00:01,  6.27it/s]
 23%|â–ˆâ–ˆâ–Ž       | 3/13 [00:00<00:01,  6.37it/s]
 31%|â–ˆâ–ˆâ–ˆ       | 4/13 [00:00<00:01,  6.43it/s]
 38%|â–ˆâ–ˆâ–ˆâ–Š      | 5/13 [00:00<00:01,  6.59it/s]
 46%|â–ˆâ–ˆâ–ˆâ–ˆâ–Œ     | 6/13 [00:00<00:01,  6.74it/s]
 54%|â–ˆâ–ˆâ–ˆâ–ˆâ–ˆâ–    | 7/13 [00:01<00:00,  6.81it/s]
 62%|â–ˆâ–ˆâ–ˆâ–ˆâ–ˆâ–ˆâ–   | 8/13 [00:01<00:00,  6.71it/s]
 69%|â–ˆâ–ˆâ–ˆâ–ˆâ–ˆâ–ˆâ–‰   | 9/13 [00:01<00:00,  6.82it/s]
 77%|â–ˆâ–ˆâ–ˆâ–ˆâ–ˆâ–ˆâ–ˆâ–‹  | 10/13 [00:01<00:00,  6.94it/s]
 85%|â–ˆâ–ˆâ–ˆâ–ˆâ–ˆâ–ˆâ–ˆâ–ˆâ– | 11/13 [00:01<00:00,  6.98it/s]
 92%|â–ˆâ–ˆâ–ˆâ–ˆâ–ˆâ–ˆâ–ˆâ–ˆâ–ˆâ–| 12/13 [00:01<00:00,  6.96it/s]
100%|â–ˆâ–ˆâ–ˆâ–ˆâ–ˆâ–ˆâ–ˆâ–ˆâ–ˆâ–ˆ| 13/13 [00:01<00:00,  7.31it/s]
100%|â–ˆâ–ˆâ–ˆâ–ˆâ–ˆâ–ˆâ–ˆâ–ˆâ–ˆâ–ˆ| 13/13 [00:01<00:00,  6.82it/s]
epoch 7: {'accuracy': 0.8995098039215687, 'f1': 0.9284467713787086} [32m, current_best_acc:[0m 0.9117647058823529 train_loss: 0.8047598600387573

  0%|          | 0/115 [00:00<?, ?it/s]
  1%|          | 1/115 [00:00<00:26,  4.23it/s]
  2%|â–         | 2/115 [00:00<00:29,  3.82it/s]
  3%|â–Ž         | 3/115 [00:00<00:32,  3.42it/s]
  3%|â–Ž         | 4/115 [00:01<00:33,  3.32it/s]
  4%|â–         | 5/115 [00:01<00:32,  3.36it/s]
  5%|â–Œ         | 6/115 [00:01<00:31,  3.41it/s]
  6%|â–Œ         | 7/115 [00:02<00:31,  3.44it/s]
  7%|â–‹         | 8/115 [00:02<00:31,  3.36it/s]
  8%|â–Š         | 9/115 [00:02<00:31,  3.39it/s]
  9%|â–Š         | 10/115 [00:02<00:30,  3.42it/s]
 10%|â–‰         | 11/115 [00:03<00:31,  3.30it/s]
 10%|â–ˆ         | 12/115 [00:03<00:30,  3.34it/s]
 11%|â–ˆâ–        | 13/115 [00:03<00:29,  3.40it/s]
 12%|â–ˆâ–        | 14/115 [00:04<00:29,  3.45it/s]
 13%|â–ˆâ–Ž        | 15/115 [00:04<00:29,  3.40it/s]
 14%|â–ˆâ–        | 16/115 [00:04<00:28,  3.43it/s]
 15%|â–ˆâ–        | 17/115 [00:04<00:29,  3.38it/s]
 16%|â–ˆâ–Œ        | 18/115 [00:05<00:28,  3.44it/s]
 17%|â–ˆâ–‹        | 19/115 [00:05<00:28,  3.33it/s]
 17%|â–ˆâ–‹        | 20/115 [00:05<00:28,  3.32it/s]
 18%|â–ˆâ–Š        | 21/115 [00:06<00:27,  3.36it/s]
 19%|â–ˆâ–‰        | 22/115 [00:06<00:27,  3.41it/s]
 20%|â–ˆâ–ˆ        | 23/115 [00:06<00:26,  3.45it/s]
 21%|â–ˆâ–ˆ        | 24/115 [00:07<00:26,  3.49it/s]
 22%|â–ˆâ–ˆâ–       | 25/115 [00:07<00:26,  3.41it/s]
 23%|â–ˆâ–ˆâ–Ž       | 26/115 [00:07<00:26,  3.40it/s]
 23%|â–ˆâ–ˆâ–Ž       | 27/115 [00:07<00:25,  3.44it/s]
 24%|â–ˆâ–ˆâ–       | 28/115 [00:08<00:25,  3.47it/s]
 25%|â–ˆâ–ˆâ–Œ       | 29/115 [00:08<00:25,  3.36it/s]
 26%|â–ˆâ–ˆâ–Œ       | 30/115 [00:08<00:25,  3.40it/s]
 27%|â–ˆâ–ˆâ–‹       | 31/115 [00:09<00:24,  3.45it/s]
 28%|â–ˆâ–ˆâ–Š       | 32/115 [00:09<00:23,  3.46it/s]
 29%|â–ˆâ–ˆâ–Š       | 33/115 [00:09<00:24,  3.41it/s]
 30%|â–ˆâ–ˆâ–‰       | 34/115 [00:10<00:25,  3.21it/s]
 30%|â–ˆâ–ˆâ–ˆ       | 35/115 [00:10<00:24,  3.26it/s]
 31%|â–ˆâ–ˆâ–ˆâ–      | 36/115 [00:10<00:24,  3.19it/s]
 32%|â–ˆâ–ˆâ–ˆâ–      | 37/115 [00:10<00:24,  3.17it/s]
 33%|â–ˆâ–ˆâ–ˆâ–Ž      | 38/115 [00:11<00:23,  3.24it/s]
 34%|â–ˆâ–ˆâ–ˆâ–      | 39/115 [00:11<00:22,  3.35it/s]
 35%|â–ˆâ–ˆâ–ˆâ–      | 40/115 [00:11<00:22,  3.40it/s]
 36%|â–ˆâ–ˆâ–ˆâ–Œ      | 41/115 [00:12<00:21,  3.46it/s]
 37%|â–ˆâ–ˆâ–ˆâ–‹      | 42/115 [00:12<00:20,  3.51it/s]
 37%|â–ˆâ–ˆâ–ˆâ–‹      | 43/115 [00:12<00:20,  3.50it/s]
 38%|â–ˆâ–ˆâ–ˆâ–Š      | 44/115 [00:12<00:20,  3.50it/s]
 39%|â–ˆâ–ˆâ–ˆâ–‰      | 45/115 [00:13<00:20,  3.48it/s]
 40%|â–ˆâ–ˆâ–ˆâ–ˆ      | 46/115 [00:13<00:19,  3.52it/s]
 41%|â–ˆâ–ˆâ–ˆâ–ˆ      | 47/115 [00:13<00:19,  3.56it/s]
 42%|â–ˆâ–ˆâ–ˆâ–ˆâ–     | 48/115 [00:14<00:19,  3.50it/s]
 43%|â–ˆâ–ˆâ–ˆâ–ˆâ–Ž     | 49/115 [00:14<00:19,  3.40it/s]
 43%|â–ˆâ–ˆâ–ˆâ–ˆâ–Ž     | 50/115 [00:14<00:19,  3.42it/s]
 44%|â–ˆâ–ˆâ–ˆâ–ˆâ–     | 51/115 [00:15<00:19,  3.34it/s]
 45%|â–ˆâ–ˆâ–ˆâ–ˆâ–Œ     | 52/115 [00:15<00:19,  3.24it/s]
 46%|â–ˆâ–ˆâ–ˆâ–ˆâ–Œ     | 53/115 [00:15<00:18,  3.30it/s]
 47%|â–ˆâ–ˆâ–ˆâ–ˆâ–‹     | 54/115 [00:15<00:18,  3.32it/s]
 48%|â–ˆâ–ˆâ–ˆâ–ˆâ–Š     | 55/115 [00:16<00:17,  3.34it/s]
 49%|â–ˆâ–ˆâ–ˆâ–ˆâ–Š     | 56/115 [00:16<00:17,  3.42it/s]
 50%|â–ˆâ–ˆâ–ˆâ–ˆâ–‰     | 57/115 [00:16<00:16,  3.47it/s]
 50%|â–ˆâ–ˆâ–ˆâ–ˆâ–ˆ     | 58/115 [00:17<00:16,  3.52it/s]
 51%|â–ˆâ–ˆâ–ˆâ–ˆâ–ˆâ–    | 59/115 [00:17<00:15,  3.53it/s]
 52%|â–ˆâ–ˆâ–ˆâ–ˆâ–ˆâ–    | 60/115 [00:17<00:15,  3.52it/s]
 53%|â–ˆâ–ˆâ–ˆâ–ˆâ–ˆâ–Ž    | 61/115 [00:17<00:15,  3.51it/s]
 54%|â–ˆâ–ˆâ–ˆâ–ˆâ–ˆâ–    | 62/115 [00:18<00:15,  3.40it/s]
 55%|â–ˆâ–ˆâ–ˆâ–ˆâ–ˆâ–    | 63/115 [00:18<00:15,  3.36it/s]
 56%|â–ˆâ–ˆâ–ˆâ–ˆâ–ˆâ–Œ    | 64/115 [00:18<00:15,  3.33it/s]
 57%|â–ˆâ–ˆâ–ˆâ–ˆâ–ˆâ–‹    | 65/115 [00:19<00:14,  3.42it/s]
 57%|â–ˆâ–ˆâ–ˆâ–ˆâ–ˆâ–‹    | 66/115 [00:19<00:14,  3.49it/s]
 58%|â–ˆâ–ˆâ–ˆâ–ˆâ–ˆâ–Š    | 67/115 [00:19<00:14,  3.41it/s]
 59%|â–ˆâ–ˆâ–ˆâ–ˆâ–ˆâ–‰    | 68/115 [00:19<00:13,  3.41it/s]
 60%|â–ˆâ–ˆâ–ˆâ–ˆâ–ˆâ–ˆ    | 69/115 [00:20<00:13,  3.38it/s]
 61%|â–ˆâ–ˆâ–ˆâ–ˆâ–ˆâ–ˆ    | 70/115 [00:20<00:13,  3.33it/s]
 62%|â–ˆâ–ˆâ–ˆâ–ˆâ–ˆâ–ˆâ–   | 71/115 [00:20<00:13,  3.38it/s]
 63%|â–ˆâ–ˆâ–ˆâ–ˆâ–ˆâ–ˆâ–Ž   | 72/115 [00:21<00:12,  3.43it/s]
 63%|â–ˆâ–ˆâ–ˆâ–ˆâ–ˆâ–ˆâ–Ž   | 73/115 [00:21<00:12,  3.47it/s]
 64%|â–ˆâ–ˆâ–ˆâ–ˆâ–ˆâ–ˆâ–   | 74/115 [00:21<00:11,  3.51it/s]
 65%|â–ˆâ–ˆâ–ˆâ–ˆâ–ˆâ–ˆâ–Œ   | 75/115 [00:22<00:11,  3.37it/s]
 66%|â–ˆâ–ˆâ–ˆâ–ˆâ–ˆâ–ˆâ–Œ   | 76/115 [00:22<00:11,  3.38it/s]
 67%|â–ˆâ–ˆâ–ˆâ–ˆâ–ˆâ–ˆâ–‹   | 77/115 [00:22<00:11,  3.42it/s]
 68%|â–ˆâ–ˆâ–ˆâ–ˆâ–ˆâ–ˆâ–Š   | 78/115 [00:22<00:10,  3.45it/s]
 69%|â–ˆâ–ˆâ–ˆâ–ˆâ–ˆâ–ˆâ–Š   | 79/115 [00:23<00:10,  3.48it/s]
 70%|â–ˆâ–ˆâ–ˆâ–ˆâ–ˆâ–ˆâ–‰   | 80/115 [00:23<00:10,  3.49it/s]
 70%|â–ˆâ–ˆâ–ˆâ–ˆâ–ˆâ–ˆâ–ˆ   | 81/115 [00:23<00:09,  3.47it/s]
 71%|â–ˆâ–ˆâ–ˆâ–ˆâ–ˆâ–ˆâ–ˆâ–  | 82/115 [00:24<00:09,  3.49it/s]
 72%|â–ˆâ–ˆâ–ˆâ–ˆâ–ˆâ–ˆâ–ˆâ–  | 83/115 [00:24<00:09,  3.51it/s]
 73%|â–ˆâ–ˆâ–ˆâ–ˆâ–ˆâ–ˆâ–ˆâ–Ž  | 84/115 [00:24<00:08,  3.54it/s]
 74%|â–ˆâ–ˆâ–ˆâ–ˆâ–ˆâ–ˆâ–ˆâ–  | 85/115 [00:24<00:08,  3.43it/s]
 75%|â–ˆâ–ˆâ–ˆâ–ˆâ–ˆâ–ˆâ–ˆâ–  | 86/115 [00:25<00:08,  3.43it/s]
 76%|â–ˆâ–ˆâ–ˆâ–ˆâ–ˆâ–ˆâ–ˆâ–Œ  | 87/115 [00:25<00:08,  3.39it/s]
 77%|â–ˆâ–ˆâ–ˆâ–ˆâ–ˆâ–ˆâ–ˆâ–‹  | 88/115 [00:25<00:07,  3.41it/s]
 77%|â–ˆâ–ˆâ–ˆâ–ˆâ–ˆâ–ˆâ–ˆâ–‹  | 89/115 [00:26<00:07,  3.37it/s]
 78%|â–ˆâ–ˆâ–ˆâ–ˆâ–ˆâ–ˆâ–ˆâ–Š  | 90/115 [00:26<00:07,  3.40it/s]
 79%|â–ˆâ–ˆâ–ˆâ–ˆâ–ˆâ–ˆâ–ˆâ–‰  | 91/115 [00:26<00:06,  3.45it/s]
 80%|â–ˆâ–ˆâ–ˆâ–ˆâ–ˆâ–ˆâ–ˆâ–ˆ  | 92/115 [00:26<00:06,  3.46it/s]
 81%|â–ˆâ–ˆâ–ˆâ–ˆâ–ˆâ–ˆâ–ˆâ–ˆ  | 93/115 [00:27<00:06,  3.38it/s]
 82%|â–ˆâ–ˆâ–ˆâ–ˆâ–ˆâ–ˆâ–ˆâ–ˆâ– | 94/115 [00:27<00:06,  3.26it/s]
 83%|â–ˆâ–ˆâ–ˆâ–ˆâ–ˆâ–ˆâ–ˆâ–ˆâ–Ž | 95/115 [00:27<00:06,  3.29it/s]
 83%|â–ˆâ–ˆâ–ˆâ–ˆâ–ˆâ–ˆâ–ˆâ–ˆâ–Ž | 96/115 [00:28<00:05,  3.29it/s]
 84%|â–ˆâ–ˆâ–ˆâ–ˆâ–ˆâ–ˆâ–ˆâ–ˆâ– | 97/115 [00:28<00:05,  3.35it/s]
 85%|â–ˆâ–ˆâ–ˆâ–ˆâ–ˆâ–ˆâ–ˆâ–ˆâ–Œ | 98/115 [00:28<00:05,  3.37it/s]
 86%|â–ˆâ–ˆâ–ˆâ–ˆâ–ˆâ–ˆâ–ˆâ–ˆâ–Œ | 99/115 [00:29<00:04,  3.45it/s]
 87%|â–ˆâ–ˆâ–ˆâ–ˆâ–ˆâ–ˆâ–ˆâ–ˆâ–‹ | 100/115 [00:29<00:04,  3.46it/s]
 88%|â–ˆâ–ˆâ–ˆâ–ˆâ–ˆâ–ˆâ–ˆâ–ˆâ–Š | 101/115 [00:29<00:03,  3.51it/s]
 89%|â–ˆâ–ˆâ–ˆâ–ˆâ–ˆâ–ˆâ–ˆâ–ˆâ–Š | 102/115 [00:29<00:03,  3.54it/s]
 90%|â–ˆâ–ˆâ–ˆâ–ˆâ–ˆâ–ˆâ–ˆâ–ˆâ–‰ | 103/115 [00:30<00:03,  3.43it/s]
 90%|â–ˆâ–ˆâ–ˆâ–ˆâ–ˆâ–ˆâ–ˆâ–ˆâ–ˆ | 104/115 [00:30<00:03,  3.37it/s]
 91%|â–ˆâ–ˆâ–ˆâ–ˆâ–ˆâ–ˆâ–ˆâ–ˆâ–ˆâ–| 105/115 [00:30<00:02,  3.42it/s]
 92%|â–ˆâ–ˆâ–ˆâ–ˆâ–ˆâ–ˆâ–ˆâ–ˆâ–ˆâ–| 106/115 [00:31<00:02,  3.44it/s]
 93%|â–ˆâ–ˆâ–ˆâ–ˆâ–ˆâ–ˆâ–ˆâ–ˆâ–ˆâ–Ž| 107/115 [00:31<00:02,  3.47it/s]
 94%|â–ˆâ–ˆâ–ˆâ–ˆâ–ˆâ–ˆâ–ˆâ–ˆâ–ˆâ–| 108/115 [00:31<00:02,  3.48it/s]
 95%|â–ˆâ–ˆâ–ˆâ–ˆâ–ˆâ–ˆâ–ˆâ–ˆâ–ˆâ–| 109/115 [00:31<00:01,  3.49it/s]
 96%|â–ˆâ–ˆâ–ˆâ–ˆâ–ˆâ–ˆâ–ˆâ–ˆâ–ˆâ–Œ| 110/115 [00:32<00:01,  3.48it/s]
 97%|â–ˆâ–ˆâ–ˆâ–ˆâ–ˆâ–ˆâ–ˆâ–ˆâ–ˆâ–‹| 111/115 [00:32<00:01,  3.42it/s]
 97%|â–ˆâ–ˆâ–ˆâ–ˆâ–ˆâ–ˆâ–ˆâ–ˆâ–ˆâ–‹| 112/115 [00:32<00:00,  3.45it/s]
 98%|â–ˆâ–ˆâ–ˆâ–ˆâ–ˆâ–ˆâ–ˆâ–ˆâ–ˆâ–Š| 113/115 [00:33<00:00,  3.48it/s]
 99%|â–ˆâ–ˆâ–ˆâ–ˆâ–ˆâ–ˆâ–ˆâ–ˆâ–ˆâ–‰| 114/115 [00:33<00:00,  3.39it/s]
100%|â–ˆâ–ˆâ–ˆâ–ˆâ–ˆâ–ˆâ–ˆâ–ˆâ–ˆâ–ˆ| 115/115 [00:33<00:00,  3.47it/s]
100%|â–ˆâ–ˆâ–ˆâ–ˆâ–ˆâ–ˆâ–ˆâ–ˆâ–ˆâ–ˆ| 115/115 [00:33<00:00,  3.42it/s]

  0%|          | 0/13 [00:00<?, ?it/s]
  8%|â–Š         | 1/13 [00:00<00:02,  4.92it/s]
 15%|â–ˆâ–Œ        | 2/13 [00:00<00:01,  5.98it/s]
 23%|â–ˆâ–ˆâ–Ž       | 3/13 [00:00<00:01,  6.21it/s]
 31%|â–ˆâ–ˆâ–ˆ       | 4/13 [00:00<00:01,  6.32it/s]
 38%|â–ˆâ–ˆâ–ˆâ–Š      | 5/13 [00:00<00:01,  6.53it/s]
 46%|â–ˆâ–ˆâ–ˆâ–ˆâ–Œ     | 6/13 [00:00<00:01,  6.70it/s]
 54%|â–ˆâ–ˆâ–ˆâ–ˆâ–ˆâ–    | 7/13 [00:01<00:00,  6.78it/s]
 62%|â–ˆâ–ˆâ–ˆâ–ˆâ–ˆâ–ˆâ–   | 8/13 [00:01<00:00,  6.69it/s]
 69%|â–ˆâ–ˆâ–ˆâ–ˆâ–ˆâ–ˆâ–‰   | 9/13 [00:01<00:00,  6.81it/s]
 77%|â–ˆâ–ˆâ–ˆâ–ˆâ–ˆâ–ˆâ–ˆâ–‹  | 10/13 [00:01<00:00,  6.93it/s]
 85%|â–ˆâ–ˆâ–ˆâ–ˆâ–ˆâ–ˆâ–ˆâ–ˆâ– | 11/13 [00:01<00:00,  6.97it/s]
 92%|â–ˆâ–ˆâ–ˆâ–ˆâ–ˆâ–ˆâ–ˆâ–ˆâ–ˆâ–| 12/13 [00:01<00:00,  6.95it/s]
100%|â–ˆâ–ˆâ–ˆâ–ˆâ–ˆâ–ˆâ–ˆâ–ˆâ–ˆâ–ˆ| 13/13 [00:01<00:00,  7.30it/s]
100%|â–ˆâ–ˆâ–ˆâ–ˆâ–ˆâ–ˆâ–ˆâ–ˆâ–ˆâ–ˆ| 13/13 [00:01<00:00,  6.76it/s]
epoch 8: {'accuracy': 0.9044117647058824, 'f1': 0.9312169312169312} [32m, current_best_acc:[0m 0.9117647058823529 train_loss: 0.8619844317436218

  0%|          | 0/115 [00:00<?, ?it/s]
  1%|          | 1/115 [00:00<00:24,  4.68it/s]
  2%|â–         | 2/115 [00:00<00:28,  3.93it/s]
  3%|â–Ž         | 3/115 [00:00<00:29,  3.82it/s]
  3%|â–Ž         | 4/115 [00:01<00:31,  3.52it/s]
  4%|â–         | 5/115 [00:01<00:33,  3.32it/s]
  5%|â–Œ         | 6/115 [00:01<00:32,  3.37it/s]
  6%|â–Œ         | 7/115 [00:02<00:32,  3.31it/s]
  7%|â–‹         | 8/115 [00:02<00:33,  3.24it/s]
  8%|â–Š         | 9/115 [00:02<00:32,  3.27it/s]
  9%|â–Š         | 10/115 [00:02<00:32,  3.23it/s]
 10%|â–‰         | 11/115 [00:03<00:32,  3.24it/s]
 10%|â–ˆ         | 12/115 [00:03<00:30,  3.33it/s]
 11%|â–ˆâ–        | 13/115 [00:03<00:30,  3.38it/s]
 12%|â–ˆâ–        | 14/115 [00:04<00:29,  3.42it/s]
 13%|â–ˆâ–Ž        | 15/115 [00:04<00:28,  3.48it/s]
 14%|â–ˆâ–        | 16/115 [00:04<00:28,  3.51it/s]
 15%|â–ˆâ–        | 17/115 [00:04<00:27,  3.56it/s]
 16%|â–ˆâ–Œ        | 18/115 [00:05<00:26,  3.59it/s]
 17%|â–ˆâ–‹        | 19/115 [00:05<00:26,  3.57it/s]
 17%|â–ˆâ–‹        | 20/115 [00:05<00:26,  3.54it/s]
 18%|â–ˆâ–Š        | 21/115 [00:06<00:26,  3.53it/s]
 19%|â–ˆâ–‰        | 22/115 [00:06<00:26,  3.50it/s]
 20%|â–ˆâ–ˆ        | 23/115 [00:06<00:25,  3.55it/s]
 21%|â–ˆâ–ˆ        | 24/115 [00:06<00:26,  3.45it/s]
 22%|â–ˆâ–ˆâ–       | 25/115 [00:07<00:26,  3.41it/s]
 23%|â–ˆâ–ˆâ–Ž       | 26/115 [00:07<00:25,  3.44it/s]
 23%|â–ˆâ–ˆâ–Ž       | 27/115 [00:07<00:25,  3.46it/s]
 24%|â–ˆâ–ˆâ–       | 28/115 [00:08<00:25,  3.38it/s]
 25%|â–ˆâ–ˆâ–Œ       | 29/115 [00:08<00:25,  3.41it/s]
 26%|â–ˆâ–ˆâ–Œ       | 30/115 [00:08<00:24,  3.47it/s]
 27%|â–ˆâ–ˆâ–‹       | 31/115 [00:08<00:23,  3.52it/s]
 28%|â–ˆâ–ˆâ–Š       | 32/115 [00:09<00:23,  3.55it/s]
 29%|â–ˆâ–ˆâ–Š       | 33/115 [00:09<00:23,  3.55it/s]
 30%|â–ˆâ–ˆâ–‰       | 34/115 [00:09<00:22,  3.56it/s]
 30%|â–ˆâ–ˆâ–ˆ       | 35/115 [00:10<00:22,  3.61it/s]
 31%|â–ˆâ–ˆâ–ˆâ–      | 36/115 [00:10<00:22,  3.49it/s]
 32%|â–ˆâ–ˆâ–ˆâ–      | 37/115 [00:10<00:22,  3.53it/s]
 33%|â–ˆâ–ˆâ–ˆâ–Ž      | 38/115 [00:10<00:22,  3.37it/s]
 34%|â–ˆâ–ˆâ–ˆâ–      | 39/115 [00:11<00:22,  3.37it/s]
 35%|â–ˆâ–ˆâ–ˆâ–      | 40/115 [00:11<00:21,  3.45it/s]
 36%|â–ˆâ–ˆâ–ˆâ–Œ      | 41/115 [00:11<00:21,  3.43it/s]
 37%|â–ˆâ–ˆâ–ˆâ–‹      | 42/115 [00:12<00:21,  3.44it/s]
 37%|â–ˆâ–ˆâ–ˆâ–‹      | 43/115 [00:12<00:20,  3.46it/s]
 38%|â–ˆâ–ˆâ–ˆâ–Š      | 44/115 [00:12<00:20,  3.41it/s]
 39%|â–ˆâ–ˆâ–ˆâ–‰      | 45/115 [00:13<00:20,  3.44it/s]
 40%|â–ˆâ–ˆâ–ˆâ–ˆ      | 46/115 [00:13<00:20,  3.29it/s]
 41%|â–ˆâ–ˆâ–ˆâ–ˆ      | 47/115 [00:13<00:20,  3.28it/s]
 42%|â–ˆâ–ˆâ–ˆâ–ˆâ–     | 48/115 [00:13<00:20,  3.26it/s]
 43%|â–ˆâ–ˆâ–ˆâ–ˆâ–Ž     | 49/115 [00:14<00:19,  3.35it/s]
 43%|â–ˆâ–ˆâ–ˆâ–ˆâ–Ž     | 50/115 [00:14<00:18,  3.44it/s]
 44%|â–ˆâ–ˆâ–ˆâ–ˆâ–     | 51/115 [00:14<00:19,  3.27it/s]
 45%|â–ˆâ–ˆâ–ˆâ–ˆâ–Œ     | 52/115 [00:15<00:19,  3.19it/s]
 46%|â–ˆâ–ˆâ–ˆâ–ˆâ–Œ     | 53/115 [00:15<00:19,  3.26it/s]
 47%|â–ˆâ–ˆâ–ˆâ–ˆâ–‹     | 54/115 [00:15<00:18,  3.34it/s]
 48%|â–ˆâ–ˆâ–ˆâ–ˆâ–Š     | 55/115 [00:16<00:17,  3.40it/s]
 49%|â–ˆâ–ˆâ–ˆâ–ˆâ–Š     | 56/115 [00:16<00:17,  3.45it/s]
 50%|â–ˆâ–ˆâ–ˆâ–ˆâ–‰     | 57/115 [00:16<00:16,  3.47it/s]
 50%|â–ˆâ–ˆâ–ˆâ–ˆâ–ˆ     | 58/115 [00:16<00:16,  3.48it/s]
 51%|â–ˆâ–ˆâ–ˆâ–ˆâ–ˆâ–    | 59/115 [00:17<00:15,  3.51it/s]
 52%|â–ˆâ–ˆâ–ˆâ–ˆâ–ˆâ–    | 60/115 [00:17<00:15,  3.52it/s]
 53%|â–ˆâ–ˆâ–ˆâ–ˆâ–ˆâ–Ž    | 61/115 [00:17<00:15,  3.53it/s]
 54%|â–ˆâ–ˆâ–ˆâ–ˆâ–ˆâ–    | 62/115 [00:18<00:14,  3.54it/s]
 55%|â–ˆâ–ˆâ–ˆâ–ˆâ–ˆâ–    | 63/115 [00:18<00:14,  3.52it/s]
 56%|â–ˆâ–ˆâ–ˆâ–ˆâ–ˆâ–Œ    | 64/115 [00:18<00:14,  3.42it/s]
 57%|â–ˆâ–ˆâ–ˆâ–ˆâ–ˆâ–‹    | 65/115 [00:18<00:15,  3.29it/s]
 57%|â–ˆâ–ˆâ–ˆâ–ˆâ–ˆâ–‹    | 66/115 [00:19<00:14,  3.32it/s]
 58%|â–ˆâ–ˆâ–ˆâ–ˆâ–ˆâ–Š    | 67/115 [00:19<00:14,  3.30it/s]
 59%|â–ˆâ–ˆâ–ˆâ–ˆâ–ˆâ–‰    | 68/115 [00:19<00:14,  3.35it/s]
 60%|â–ˆâ–ˆâ–ˆâ–ˆâ–ˆâ–ˆ    | 69/115 [00:20<00:13,  3.41it/s]
 61%|â–ˆâ–ˆâ–ˆâ–ˆâ–ˆâ–ˆ    | 70/115 [00:20<00:12,  3.47it/s]
 62%|â–ˆâ–ˆâ–ˆâ–ˆâ–ˆâ–ˆâ–   | 71/115 [00:20<00:12,  3.48it/s]
 63%|â–ˆâ–ˆâ–ˆâ–ˆâ–ˆâ–ˆâ–Ž   | 72/115 [00:20<00:12,  3.54it/s]
 63%|â–ˆâ–ˆâ–ˆâ–ˆâ–ˆâ–ˆâ–Ž   | 73/115 [00:21<00:11,  3.52it/s]
 64%|â–ˆâ–ˆâ–ˆâ–ˆâ–ˆâ–ˆâ–   | 74/115 [00:21<00:11,  3.52it/s]
 65%|â–ˆâ–ˆâ–ˆâ–ˆâ–ˆâ–ˆâ–Œ   | 75/115 [00:21<00:11,  3.49it/s]
 66%|â–ˆâ–ˆâ–ˆâ–ˆâ–ˆâ–ˆâ–Œ   | 76/115 [00:22<00:10,  3.56it/s]
 67%|â–ˆâ–ˆâ–ˆâ–ˆâ–ˆâ–ˆâ–‹   | 77/115 [00:22<00:10,  3.57it/s]
 68%|â–ˆâ–ˆâ–ˆâ–ˆâ–ˆâ–ˆâ–Š   | 78/115 [00:22<00:10,  3.43it/s]
 69%|â–ˆâ–ˆâ–ˆâ–ˆâ–ˆâ–ˆâ–Š   | 79/115 [00:22<00:10,  3.34it/s]
 70%|â–ˆâ–ˆâ–ˆâ–ˆâ–ˆâ–ˆâ–‰   | 80/115 [00:23<00:10,  3.37it/s]
 70%|â–ˆâ–ˆâ–ˆâ–ˆâ–ˆâ–ˆâ–ˆ   | 81/115 [00:23<00:10,  3.36it/s]
 71%|â–ˆâ–ˆâ–ˆâ–ˆâ–ˆâ–ˆâ–ˆâ–  | 82/115 [00:23<00:09,  3.41it/s]
 72%|â–ˆâ–ˆâ–ˆâ–ˆâ–ˆâ–ˆâ–ˆâ–  | 83/115 [00:24<00:09,  3.46it/s]
 73%|â–ˆâ–ˆâ–ˆâ–ˆâ–ˆâ–ˆâ–ˆâ–Ž  | 84/115 [00:24<00:09,  3.33it/s]
 74%|â–ˆâ–ˆâ–ˆâ–ˆâ–ˆâ–ˆâ–ˆâ–  | 85/115 [00:24<00:09,  3.25it/s]
 75%|â–ˆâ–ˆâ–ˆâ–ˆâ–ˆâ–ˆâ–ˆâ–  | 86/115 [00:25<00:08,  3.24it/s]
 76%|â–ˆâ–ˆâ–ˆâ–ˆâ–ˆâ–ˆâ–ˆâ–Œ  | 87/115 [00:25<00:08,  3.28it/s]
 77%|â–ˆâ–ˆâ–ˆâ–ˆâ–ˆâ–ˆâ–ˆâ–‹  | 88/115 [00:25<00:08,  3.35it/s]
 77%|â–ˆâ–ˆâ–ˆâ–ˆâ–ˆâ–ˆâ–ˆâ–‹  | 89/115 [00:25<00:07,  3.43it/s]
 78%|â–ˆâ–ˆâ–ˆâ–ˆâ–ˆâ–ˆâ–ˆâ–Š  | 90/115 [00:26<00:07,  3.46it/s]
 79%|â–ˆâ–ˆâ–ˆâ–ˆâ–ˆâ–ˆâ–ˆâ–‰  | 91/115 [00:26<00:06,  3.46it/s]
 80%|â–ˆâ–ˆâ–ˆâ–ˆâ–ˆâ–ˆâ–ˆâ–ˆ  | 92/115 [00:26<00:06,  3.50it/s]
 81%|â–ˆâ–ˆâ–ˆâ–ˆâ–ˆâ–ˆâ–ˆâ–ˆ  | 93/115 [00:27<00:06,  3.49it/s]
 82%|â–ˆâ–ˆâ–ˆâ–ˆâ–ˆâ–ˆâ–ˆâ–ˆâ– | 94/115 [00:27<00:06,  3.41it/s]
 83%|â–ˆâ–ˆâ–ˆâ–ˆâ–ˆâ–ˆâ–ˆâ–ˆâ–Ž | 95/115 [00:27<00:05,  3.40it/s]
 83%|â–ˆâ–ˆâ–ˆâ–ˆâ–ˆâ–ˆâ–ˆâ–ˆâ–Ž | 96/115 [00:27<00:05,  3.44it/s]
 84%|â–ˆâ–ˆâ–ˆâ–ˆâ–ˆâ–ˆâ–ˆâ–ˆâ– | 97/115 [00:28<00:05,  3.34it/s]
 85%|â–ˆâ–ˆâ–ˆâ–ˆâ–ˆâ–ˆâ–ˆâ–ˆâ–Œ | 98/115 [00:28<00:05,  3.33it/s]
 86%|â–ˆâ–ˆâ–ˆâ–ˆâ–ˆâ–ˆâ–ˆâ–ˆâ–Œ | 99/115 [00:28<00:04,  3.41it/s]
 87%|â–ˆâ–ˆâ–ˆâ–ˆâ–ˆâ–ˆâ–ˆâ–ˆâ–‹ | 100/115 [00:29<00:04,  3.33it/s]
 88%|â–ˆâ–ˆâ–ˆâ–ˆâ–ˆâ–ˆâ–ˆâ–ˆâ–Š | 101/115 [00:29<00:04,  3.37it/s]
 89%|â–ˆâ–ˆâ–ˆâ–ˆâ–ˆâ–ˆâ–ˆâ–ˆâ–Š | 102/115 [00:29<00:03,  3.32it/s]
 90%|â–ˆâ–ˆâ–ˆâ–ˆâ–ˆâ–ˆâ–ˆâ–ˆâ–‰ | 103/115 [00:30<00:03,  3.37it/s]
 90%|â–ˆâ–ˆâ–ˆâ–ˆâ–ˆâ–ˆâ–ˆâ–ˆâ–ˆ | 104/115 [00:30<00:03,  3.33it/s]
 91%|â–ˆâ–ˆâ–ˆâ–ˆâ–ˆâ–ˆâ–ˆâ–ˆâ–ˆâ–| 105/115 [00:30<00:03,  3.24it/s]
 92%|â–ˆâ–ˆâ–ˆâ–ˆâ–ˆâ–ˆâ–ˆâ–ˆâ–ˆâ–| 106/115 [00:31<00:02,  3.28it/s]
 93%|â–ˆâ–ˆâ–ˆâ–ˆâ–ˆâ–ˆâ–ˆâ–ˆâ–ˆâ–Ž| 107/115 [00:31<00:02,  3.35it/s]
 94%|â–ˆâ–ˆâ–ˆâ–ˆâ–ˆâ–ˆâ–ˆâ–ˆâ–ˆâ–| 108/115 [00:31<00:02,  3.40it/s]
 95%|â–ˆâ–ˆâ–ˆâ–ˆâ–ˆâ–ˆâ–ˆâ–ˆâ–ˆâ–| 109/115 [00:31<00:01,  3.47it/s]
 96%|â–ˆâ–ˆâ–ˆâ–ˆâ–ˆâ–ˆâ–ˆâ–ˆâ–ˆâ–Œ| 110/115 [00:32<00:01,  3.50it/s]
 97%|â–ˆâ–ˆâ–ˆâ–ˆâ–ˆâ–ˆâ–ˆâ–ˆâ–ˆâ–‹| 111/115 [00:32<00:01,  3.41it/s]
 97%|â–ˆâ–ˆâ–ˆâ–ˆâ–ˆâ–ˆâ–ˆâ–ˆâ–ˆâ–‹| 112/115 [00:32<00:00,  3.47it/s]
 98%|â–ˆâ–ˆâ–ˆâ–ˆâ–ˆâ–ˆâ–ˆâ–ˆâ–ˆâ–Š| 113/115 [00:33<00:00,  3.49it/s]
 99%|â–ˆâ–ˆâ–ˆâ–ˆâ–ˆâ–ˆâ–ˆâ–ˆâ–ˆâ–‰| 114/115 [00:33<00:00,  3.54it/s]
100%|â–ˆâ–ˆâ–ˆâ–ˆâ–ˆâ–ˆâ–ˆâ–ˆâ–ˆâ–ˆ| 115/115 [00:33<00:00,  3.72it/s]
100%|â–ˆâ–ˆâ–ˆâ–ˆâ–ˆâ–ˆâ–ˆâ–ˆâ–ˆâ–ˆ| 115/115 [00:33<00:00,  3.43it/s]

  0%|          | 0/13 [00:00<?, ?it/s]
  8%|â–Š         | 1/13 [00:00<00:02,  5.43it/s]
 15%|â–ˆâ–Œ        | 2/13 [00:00<00:01,  6.28it/s]
 23%|â–ˆâ–ˆâ–Ž       | 3/13 [00:00<00:01,  6.38it/s]
 31%|â–ˆâ–ˆâ–ˆ       | 4/13 [00:00<00:01,  6.43it/s]
 38%|â–ˆâ–ˆâ–ˆâ–Š      | 5/13 [00:00<00:01,  6.59it/s]
 46%|â–ˆâ–ˆâ–ˆâ–ˆâ–Œ     | 6/13 [00:00<00:01,  6.75it/s]
 54%|â–ˆâ–ˆâ–ˆâ–ˆâ–ˆâ–    | 7/13 [00:01<00:00,  6.81it/s]
 62%|â–ˆâ–ˆâ–ˆâ–ˆâ–ˆâ–ˆâ–   | 8/13 [00:01<00:00,  6.71it/s]
 69%|â–ˆâ–ˆâ–ˆâ–ˆâ–ˆâ–ˆâ–‰   | 9/13 [00:01<00:00,  6.82it/s]
 77%|â–ˆâ–ˆâ–ˆâ–ˆâ–ˆâ–ˆâ–ˆâ–‹  | 10/13 [00:01<00:00,  6.94it/s]
 85%|â–ˆâ–ˆâ–ˆâ–ˆâ–ˆâ–ˆâ–ˆâ–ˆâ– | 11/13 [00:01<00:00,  6.98it/s]
 92%|â–ˆâ–ˆâ–ˆâ–ˆâ–ˆâ–ˆâ–ˆâ–ˆâ–ˆâ–| 12/13 [00:01<00:00,  6.96it/s]
100%|â–ˆâ–ˆâ–ˆâ–ˆâ–ˆâ–ˆâ–ˆâ–ˆâ–ˆâ–ˆ| 13/13 [00:01<00:00,  7.29it/s]
100%|â–ˆâ–ˆâ–ˆâ–ˆâ–ˆâ–ˆâ–ˆâ–ˆâ–ˆâ–ˆ| 13/13 [00:01<00:00,  6.82it/s]
epoch 9: {'accuracy': 0.9068627450980392, 'f1': 0.9328621908127208} [32m, current_best_acc:[0m 0.9117647058823529 train_loss: 1.0884019136428833
